Log file open, 01/23/19 07:59:37
LogWindows: Failed to load 'aqProf.dll' (GetLastError=126)
LogWindows: File 'aqProf.dll' does not exist
LogWindows: Failed to load 'VtuneApi.dll' (GetLastError=126)
LogWindows: File 'VtuneApi.dll' does not exist
LogWindows: Failed to load 'VtuneApi32e.dll' (GetLastError=126)
LogWindows: File 'VtuneApi32e.dll' does not exist
LogInit: Display: Running engine for game: JH_ICWhiteBox001_AP
LogPlatformFile: Not using cached read wrapper
LogTaskGraph: Started task graph with 5 named threads and 23 total threads with 3 sets of task threads.
LogStats: Stats thread started at 0.283657
LogD3D11RHI: Loaded GFSDK_Aftermath_Lib.x64.dll
LogICUInternationalization: Display: ICU TimeZone Detection - Raw Offset: -7:00, Platform Override: ''
LogPluginManager: Mounting plugin Paper2D
LogPluginManager: Mounting plugin AISupport
LogPluginManager: Mounting plugin LightPropagationVolume
LogPluginManager: Mounting plugin CLionSourceCodeAccess
LogPluginManager: Mounting plugin CodeLiteSourceCodeAccess
LogPluginManager: Mounting plugin GitSourceControl
LogPluginManager: Mounting plugin KDevelopSourceCodeAccess
LogPluginManager: Mounting plugin NullSourceCodeAccess
LogPluginManager: Mounting plugin PerforceSourceControl
LogPluginManager: Mounting plugin SubversionSourceControl
LogPluginManager: Mounting plugin UObjectPlugin
LogPluginManager: Mounting plugin VisualStudioCodeSourceCodeAccess
LogPluginManager: Mounting plugin VisualStudioSourceCodeAccess
LogPluginManager: Mounting plugin XCodeSourceCodeAccess
LogPluginManager: Mounting plugin AssetManagerEditor
LogPluginManager: Mounting plugin CryptoKeys
LogPluginManager: Mounting plugin DataValidation
LogPluginManager: Mounting plugin FacialAnimation
LogPluginManager: Mounting plugin GameplayTagsEditor
LogPluginManager: Mounting plugin MacGraphicsSwitching
LogPluginManager: Mounting plugin MeshEditor
LogPluginManager: Mounting plugin MobileLauncherProfileWizard
LogPluginManager: Mounting plugin PluginBrowser
LogPluginManager: Mounting plugin SpeedTreeImporter
LogPluginManager: Mounting plugin DatasmithContent
LogPluginManager: Mounting plugin AlembicImporter
LogPluginManager: Mounting plugin AppleImageUtils
LogPluginManager: Mounting plugin AppleVision
LogPluginManager: Mounting plugin BackChannel
LogPluginManager: Mounting plugin CharacterAI
LogPluginManager: Mounting plugin GeometryCache
LogPluginManager: Mounting plugin HTML5Networking
LogPluginManager: Mounting plugin ProxyLODPlugin
LogPluginManager: Mounting plugin MagicLeap
LogPluginManager: Mounting plugin MagicLeapEmulator
LogPluginManager: Mounting plugin MagicLeapMedia
LogPluginManager: Mounting plugin AndroidMedia
LogPluginManager: Mounting plugin AvfMedia
LogPluginManager: Mounting plugin ImgMedia
LogPluginManager: Mounting plugin LinearTimecode
LogPluginManager: Mounting plugin MediaCompositing
LogPluginManager: Mounting plugin MediaPlayerEditor
LogPluginManager: Mounting plugin WmfMedia
LogPluginManager: Mounting plugin TcpMessaging
LogPluginManager: Mounting plugin UdpMessaging
LogPluginManager: Mounting plugin ActorSequence
LogPluginManager: Mounting plugin LevelSequenceEditor
LogPluginManager: Mounting plugin MatineeToLevelSequence
LogPluginManager: Mounting plugin NetcodeUnitTest
LogPluginManager: Mounting plugin NUTUnrealEngine4
LogPluginManager: Mounting plugin OnlineSubsystemGooglePlay
LogPluginManager: Mounting plugin OnlineSubsystemIOS
LogPluginManager: Mounting plugin OnlineSubsystem
LogPluginManager: Mounting plugin OnlineSubsystemNull
LogPluginManager: Mounting plugin OnlineSubsystemUtils
LogPluginManager: Mounting plugin LauncherChunkInstaller
LogPluginManager: Mounting plugin AndroidDeviceProfileSelector
LogPluginManager: Mounting plugin AndroidMoviePlayer
LogPluginManager: Mounting plugin AndroidPermission
LogPluginManager: Mounting plugin AppleMoviePlayer
LogPluginManager: Mounting plugin ArchVisCharacter
LogPluginManager: Mounting plugin AudioCapture
LogPluginManager: Mounting plugin CableComponent
LogPluginManager: Mounting plugin CustomMeshComponent
LogPluginManager: Mounting plugin EditableMesh
LogPluginManager: Mounting plugin ExampleDeviceProfileSelector
LogPluginManager: Mounting plugin GoogleCloudMessaging
LogPluginManager: Mounting plugin ImmediatePhysics
LogPluginManager: Mounting plugin IOSDeviceProfileSelector
LogPluginManager: Mounting plugin LinuxDeviceProfileSelector
LogPluginManager: Mounting plugin LocationServicesBPLibrary
LogPluginManager: Mounting plugin MobilePatchingUtils
LogPluginManager: Mounting plugin OculusVR
LogPluginManager: Plugin shader directory ../../../Engine/Plugins/Runtime/Oculus/OculusVR/Shaders found
LogPluginManager: Mapping shader source directory ../../../Engine/Plugins/Runtime/Oculus/OculusVR/Shaders to virtual directory /Plugin/OculusVR
LogPluginManager: Mounting plugin PhysXVehicles
LogPluginManager: Mounting plugin ProceduralMeshComponent
LogPluginManager: Mounting plugin RuntimePhysXCooking
LogPluginManager: Mounting plugin SteamVR
LogPluginManager: Mounting plugin WindowsMoviePlayer
LogStreaming: Display: Took  0.110s to configure plugins.
LogInit: Using libcurl 7.55.1-DEV
LogInit:  - built for x86_64-pc-win32
LogInit:  - supports SSL with OpenSSL/1.0.2h
LogInit:  - supports HTTP deflate (compression) using libz 1.2.8
LogInit:  - other features:
LogInit:      CURL_VERSION_SSL
LogInit:      CURL_VERSION_LIBZ
LogInit:      CURL_VERSION_IPV6
LogInit:      CURL_VERSION_ASYNCHDNS
LogInit:      CURL_VERSION_LARGEFILE
LogInit:      CURL_VERSION_IDN
LogInit:  CurlRequestOptions (configurable via config and command line):
LogInit:  - bVerifyPeer = false  - Libcurl will NOT verify peer certificate
LogInit:  - bUseHttpProxy = false  - Libcurl will NOT use HTTP proxy
LogInit:  - bDontReuseConnections = false  - Libcurl will reuse connections
LogInit:  - CertBundlePath = nullptr  - Libcurl will use whatever was configured at build time.
LogInit:  - MaxHostConnections = 16  - Libcurl will limit the number of connections to a host
LogInit:  - LocalHostAddr = Default
LogInit:  - BufferSize = 65536
LogInit: WinSock: version 1.1 (2.2), MaxSocks=32767, MaxUdp=65467
LogInit: Build: ++UE4+Release-4.20-CL-4369336
LogInit: Engine Version: 4.20.3-4369336+++UE4+Release-4.20
LogInit: Compatible Engine Version: 4.20.0-4212847+++UE4+Release-4.20
LogInit: Net CL: 4212847
LogInit: OS: Windows 10 (), CPU: Intel(R) Core(TM) i7-8809G CPU @ 3.10GHz, GPU: Radeon RX Vega M GH Graphics
LogInit: Compiled (64-bit): Sep 17 2018 12:26:19
LogInit: Compiled with Visual C++: 19.13.26129.00
LogInit: Build Configuration: Development
LogInit: Branch Name: ++UE4+Release-4.20
LogInit: Command Line: 
LogInit: Base Directory: C:/Program Files/Epic Games/UE_4.20/Engine/Binaries/Win64/
LogInit: Installed Engine Build: 1
LogDevObjectVersion: Number of dev versions registered: 20
LogDevObjectVersion:   Dev-Blueprints (B0D832E4-1F89-4F0D-ACCF-7EB736FD4AA2): 10
LogDevObjectVersion:   Dev-Build (E1C64328-A22C-4D53-A36C-8E866417BD8C): 0
LogDevObjectVersion:   Dev-Core (375EC13C-06E4-48FB-B500-84F0262A717E): 2
LogDevObjectVersion:   Dev-Editor (E4B068ED-F494-42E9-A231-DA0B2E46BB41): 24
LogDevObjectVersion:   Dev-Framework (CFFC743F-43B0-4480-9391-14DF171D2073): 34
LogDevObjectVersion:   Dev-Mobile (B02B49B5-BB20-44E9-A304-32B752E40360): 2
LogDevObjectVersion:   Dev-Networking (A4E4105C-59A1-49B5-A7C5-40C4547EDFEE): 0
LogDevObjectVersion:   Dev-Online (39C831C9-5AE6-47DC-9A44-9C173E1C8E7C): 0
LogDevObjectVersion:   Dev-Physics (78F01B33-EBEA-4F98-B9B4-84EACCB95AA2): 0
LogDevObjectVersion:   Dev-Platform (6631380F-2D4D-43E0-8009-CF276956A95A): 0
LogDevObjectVersion:   Dev-Rendering (12F88B9F-8875-4AFC-A67C-D90C383ABD29): 26
LogDevObjectVersion:   Dev-Sequencer (7B5AE74C-D270-4C10-A958-57980B212A5A): 9
LogDevObjectVersion:   Dev-VR (D7296918-1DD6-4BDD-9DE2-64A83CC13884): 2
LogDevObjectVersion:   Dev-LoadTimes (C2A15278-BFE7-4AFE-6C17-90FF531DF755): 1
LogDevObjectVersion:   Private-Geometry (6EACA3D4-40EC-4CC1-B786-8BED09428FC5): 3
LogDevObjectVersion:   Dev-AnimPhys (29E575DD-E0A3-4627-9D10-D276232CDCEA): 17
LogDevObjectVersion:   Dev-ReflectionCapture (6B266CEC-1EC7-4B8F-A30B-E4D90942FC07): 1
LogDevObjectVersion:   Dev-Automation (0DF73D61-A23F-47EA-B727-89E90C41499A): 1
LogDevObjectVersion:   FortniteMain (601D1886-AC64-4F84-AA16-D3DE0DEAC7D6): 12
LogDevObjectVersion:   Dev-Enterprise (9DFFBCD6-494F-0158-E221-12823C92A888): 1
LogStreaming: Display: Took  0.002s to delete old logs.
LogInit: Presizing for max 8388607 objects, including 0 objects not considered by GC, pre-allocating 0 bytes for permanent pool.
LogInit: Object subsystem initialized
[2019.01.23-14.59.37:409][  0]LogInit: Selected Device Profile: [Windows]
[2019.01.23-14.59.37:409][  0]LogInit: Applying CVar settings loaded from the selected device profile: [Windows]
[2019.01.23-14.59.37:420][  0]LogHAL: Display: Platform has ~ 16 GB [17094914048 / 17179869184 / 16], which maps to Larger [LargestMinGB=32, LargerMinGB=12, DefaultMinGB=8, SmallerMinGB=6, SmallestMinGB=0)
[2019.01.23-14.59.37:420][  0]LogInit: Setting Device Profile CVar: [[r.Vulkan.UseRealUBs:1]]
[2019.01.23-14.59.37:420][  0]LogInit: Going up to parent DeviceProfile []
[2019.01.23-14.59.37:421][  0]LogInit: Computer: eae-n-034
[2019.01.23-14.59.37:421][  0]LogInit: User: u1108468
[2019.01.23-14.59.37:421][  0]LogInit: CPU Page size=4096, Cores=4
[2019.01.23-14.59.37:421][  0]LogInit: High frequency timer resolution =3.023434 MHz
[2019.01.23-14.59.37:421][  0]LogMemory: Memory total: Physical=15.9GB (16GB approx)
[2019.01.23-14.59.37:421][  0]LogMemory: Platform Memory Stats for Windows
[2019.01.23-14.59.37:421][  0]LogMemory: Process Physical Memory: 99.83 MB used, 99.83 MB peak
[2019.01.23-14.59.37:421][  0]LogMemory: Process Virtual Memory: 91.08 MB used, 91.08 MB peak
[2019.01.23-14.59.37:421][  0]LogMemory: Physical Memory: 4966.66 MB used,  11336.32 MB free, 16302.98 MB total
[2019.01.23-14.59.37:421][  0]LogMemory: Virtual Memory: 4640.71 MB used,  11336.32 MB free, 134217728.00 MB total
[2019.01.23-14.59.37:433][  0]LogInit: Using OS detected language (en-US).
[2019.01.23-14.59.37:433][  0]LogInit: Using OS detected locale (en-US).
[2019.01.23-14.59.37:434][  0]LogTextLocalizationManager: No specific localization for 'en-US' exists, so the 'en' localization will be used.
[2019.01.23-14.59.37:748][  0]LogStreaming: Display: Took  0.315s to InitEngineTextLocalization.
[2019.01.23-14.59.37:748][  0]LogInit: Setting process to per monitor DPI aware
[2019.01.23-14.59.37:783][  0]LogSlate: New Slate User Created.  User Index 0, Is Virtual User: 0
[2019.01.23-14.59.37:784][  0]LogSlate: Slate User Registered.  User Index 0, Is Virtual User: 0
[2019.01.23-14.59.37:959][  0]LogHMD: Failed to initialize OpenVR with code 110
[2019.01.23-14.59.37:959][  0]LogD3D11RHI: D3D11 adapters:
[2019.01.23-14.59.38:008][  0]LogD3D11RHI:    0. 'Radeon RX Vega M GH Graphics' (Feature Level 11_0)
[2019.01.23-14.59.38:008][  0]LogD3D11RHI:       4042/0/8151 MB DedicatedVideo/DedicatedSystem/SharedSystem, Outputs:1, VendorId:0x1002
[2019.01.23-14.59.38:019][  0]LogD3D11RHI:    1. 'Intel(R) HD Graphics 630' (Feature Level 11_0)
[2019.01.23-14.59.38:019][  0]LogD3D11RHI:       128/0/8151 MB DedicatedVideo/DedicatedSystem/SharedSystem, Outputs:0, VendorId:0x8086
[2019.01.23-14.59.38:021][  0]LogD3D11RHI:    2. 'Microsoft Basic Render Driver' (Feature Level 11_0)
[2019.01.23-14.59.38:021][  0]LogD3D11RHI:       0/0/8151 MB DedicatedVideo/DedicatedSystem/SharedSystem, Outputs:0, VendorId:0x1414
[2019.01.23-14.59.38:021][  0]LogD3D11RHI: Chosen D3D11 Adapter: 0
[2019.01.23-14.59.38:029][  0]LogD3D11RHI: Creating new Direct3DDevice
[2019.01.23-14.59.38:029][  0]LogD3D11RHI:     GPU DeviceId: 0x694c (for the marketing name, search the web for "GPU Device Id")
[2019.01.23-14.59.38:029][  0]LogWindows: EnumDisplayDevices:
[2019.01.23-14.59.38:030][  0]LogWindows:    0. 'Radeon RX Vega M GH Graphics' (P:1 D:1)
[2019.01.23-14.59.38:030][  0]LogWindows:    1. 'Radeon RX Vega M GH Graphics' (P:0 D:0)
[2019.01.23-14.59.38:030][  0]LogWindows:    2. 'Radeon RX Vega M GH Graphics' (P:0 D:0)
[2019.01.23-14.59.38:030][  0]LogWindows:    3. 'Radeon RX Vega M GH Graphics' (P:0 D:0)
[2019.01.23-14.59.38:031][  0]LogWindows:    4. 'Radeon RX Vega M GH Graphics' (P:0 D:0)
[2019.01.23-14.59.38:031][  0]LogWindows:    5. 'Radeon RX Vega M GH Graphics' (P:0 D:0)
[2019.01.23-14.59.38:031][  0]LogWindows:    6. 'Radeon RX Vega M GH Graphics' (P:0 D:0)
[2019.01.23-14.59.38:031][  0]LogWindows:    7. 'Intel(R) HD Graphics 630' (P:0 D:0)
[2019.01.23-14.59.38:031][  0]LogWindows:    8. 'Intel(R) HD Graphics 630' (P:0 D:0)
[2019.01.23-14.59.38:032][  0]LogWindows: DebugString: PrimaryIsNotTheChoosenAdapter PrimaryIsNotTheChoosenAdapter FoundDriverCount:7 
[2019.01.23-14.59.38:032][  0]LogD3D11RHI:     Adapter Name: Radeon RX Vega M GH Graphics
[2019.01.23-14.59.38:032][  0]LogD3D11RHI:   Driver Version: Adrenalin 18.9.1 (internal:24.20.11026.2001, unified:24.20.11026.2001)
[2019.01.23-14.59.38:032][  0]LogD3D11RHI:      Driver Date: 8-30-2018
[2019.01.23-14.59.38:032][  0]LogRHI: Texture pool is 2829 MB (70% of 4042 MB)
[2019.01.23-14.59.38:090][  0]LogD3D11RHI: Async texture creation enabled
[2019.01.23-14.59.38:100][  0]LogD3D11RHI: GPU Timing Frequency: 25.000000 (Debug: 2 1)
[2019.01.23-14.59.38:102][  0]LogShaderCompilers: Guid format shader working directory is -43 characters bigger than the processId version (../../../../../../Users/u1108468/Documents/GitHub/JDH_whiteboxcitylevel/JH_ICWhiteBox001_AP/Intermediate/Shaders/WorkingDirectory/10072/).
[2019.01.23-14.59.38:102][  0]LogShaderCompilers: Cleaned the shader compiler working directory 'C:/Users/u1108468/AppData/Local/Temp/UnrealShaderWorkingDir/F2D497C647CA766C9722B9BCEF22EB83/'.
[2019.01.23-14.59.38:327][  0]LogTemp: Display: Loaded TP AllDesktopTargetPlatform
[2019.01.23-14.59.38:338][  0]LogTemp: Display: Loaded TP MacClientTargetPlatform
[2019.01.23-14.59.38:350][  0]LogTemp: Display: Loaded TP MacNoEditorTargetPlatform
[2019.01.23-14.59.38:361][  0]LogTemp: Display: Loaded TP MacServerTargetPlatform
[2019.01.23-14.59.38:374][  0]LogTemp: Display: Loaded TP MacTargetPlatform
[2019.01.23-14.59.38:385][  0]LogTemp: Display: Loaded TP WindowsClientTargetPlatform
[2019.01.23-14.59.38:396][  0]LogTemp: Display: Loaded TP WindowsNoEditorTargetPlatform
[2019.01.23-14.59.38:407][  0]LogTemp: Display: Loaded TP WindowsServerTargetPlatform
[2019.01.23-14.59.38:413][  0]LogTemp: Display: Loaded TP WindowsTargetPlatform
[2019.01.23-14.59.38:479][  0]LogTemp: Display: Loaded TP AndroidTargetPlatform
[2019.01.23-14.59.38:479][  0]LogTemp: Display: Loaded TP AndroidTargetPlatform
[2019.01.23-14.59.38:479][  0]LogTemp: Display: Loaded TP AndroidTargetPlatform
[2019.01.23-14.59.38:479][  0]LogTemp: Display: Loaded TP AndroidTargetPlatform
[2019.01.23-14.59.38:479][  0]LogTemp: Display: Loaded TP AndroidTargetPlatform
[2019.01.23-14.59.38:479][  0]LogTemp: Display: Loaded TP AndroidTargetPlatform
[2019.01.23-14.59.38:479][  0]LogTemp: Display: Loaded TP AndroidTargetPlatform
[2019.01.23-14.59.38:479][  0]LogTemp: Display: Loaded TP AndroidTargetPlatform
[2019.01.23-14.59.38:479][  0]LogTemp: Display: Loaded TP AndroidTargetPlatform
[2019.01.23-14.59.38:479][  0]LogTemp: Display: Loaded TP AndroidTargetPlatform
[2019.01.23-14.59.38:479][  0]LogTemp: Display: Loaded TP AndroidTargetPlatform
[2019.01.23-14.59.38:479][  0]LogTemp: Display: Loaded TP AndroidTargetPlatform
[2019.01.23-14.59.38:479][  0]LogTemp: Display: Loaded TP AndroidTargetPlatform
[2019.01.23-14.59.38:479][  0]LogTemp: Display: Loaded TP AndroidTargetPlatform
[2019.01.23-14.59.38:479][  0]LogTemp: Display: Loaded TP AndroidTargetPlatform
[2019.01.23-14.59.38:479][  0]LogTemp: Display: Loaded TP AndroidTargetPlatform
[2019.01.23-14.59.38:479][  0]LogTemp: Display: Loaded TP AndroidTargetPlatform
[2019.01.23-14.59.38:479][  0]LogTemp: Display: Loaded TP AndroidTargetPlatform
[2019.01.23-14.59.38:479][  0]LogTemp: Display: Loaded TP HTML5TargetPlatform
[2019.01.23-14.59.38:535][  0]LogTemp: Display: Loaded TP IOSTargetPlatform
[2019.01.23-14.59.38:535][  0]LogTemp: Display: Loaded TP IOSTargetPlatform
[2019.01.23-14.59.38:555][  0]LogTemp: Display: Loaded TP TVOSTargetPlatform
[2019.01.23-14.59.38:555][  0]LogTemp: Display: Loaded TP TVOSTargetPlatform
[2019.01.23-14.59.38:565][  0]LogTemp: Display: Loaded TP LinuxClientTargetPlatform
[2019.01.23-14.59.38:576][  0]LogTemp: Display: Loaded TP LinuxNoEditorTargetPlatform
[2019.01.23-14.59.38:586][  0]LogTemp: Display: Loaded TP LinuxServerTargetPlatform
[2019.01.23-14.59.38:597][  0]LogTemp: Display: Loaded TP LinuxTargetPlatform
[2019.01.23-14.59.38:605][  0]LogTemp: Display: Loaded TP LuminTargetPlatform
[2019.01.23-14.59.38:605][  0]LogTargetPlatformManager: Display: Building Assets For Windows
[2019.01.23-14.59.38:657][  0]LogXGEController: Cannot use XGE Controller as Incredibuild is not installed on this machine.
[2019.01.23-14.59.38:657][  0]LogShaderCompilers: Cannot use XGE Shader Compiler as Incredibuild is not installed on this machine.
[2019.01.23-14.59.38:657][  0]LogShaderCompilers: Display: Using Local Shader Compiler.
[2019.01.23-14.59.39:295][  0]LogDerivedDataCache: Display: Max Cache Size: 512 MB
[2019.01.23-14.59.39:347][  0]LogDerivedDataCache: Loaded boot cache 0.05s 71MB C:/Users/u1108468/AppData/Local/UnrealEngine/4.20/DerivedDataCache/Boot.ddc.
[2019.01.23-14.59.39:347][  0]LogDerivedDataCache: Display: Loaded Boot cache: C:/Users/u1108468/AppData/Local/UnrealEngine/4.20/DerivedDataCache/Boot.ddc
[2019.01.23-14.59.39:347][  0]LogDerivedDataCache: FDerivedDataBackendGraph:  Pak pak cache file ../../../../../../Users/u1108468/Documents/GitHub/JDH_whiteboxcitylevel/JH_ICWhiteBox001_AP/DerivedDataCache/DDC.ddp not found, will not use a pak cache.
[2019.01.23-14.59.39:347][  0]LogDerivedDataCache: Unable to find inner node Pak for hierarchical cache Hierarchy.
[2019.01.23-14.59.39:347][  0]LogDerivedDataCache: FDerivedDataBackendGraph:  CompressedPak pak cache file ../../../../../../Users/u1108468/Documents/GitHub/JDH_whiteboxcitylevel/JH_ICWhiteBox001_AP/DerivedDataCache/Compressed.ddp not found, will not use a pak cache.
[2019.01.23-14.59.39:347][  0]LogDerivedDataCache: Unable to find inner node CompressedPak for hierarchical cache Hierarchy.
[2019.01.23-14.59.39:359][  0]LogDerivedDataCache: Display: Pak cache opened for reading ../../../Engine/DerivedDataCache/Compressed.ddp.
[2019.01.23-14.59.39:371][  0]LogDerivedDataCache: Using Local data cache path C:/Users/u1108468/AppData/Local/UnrealEngine/Common/DerivedDataCache: Writable
[2019.01.23-14.59.39:371][  0]LogDerivedDataCache: Shared data cache path not found in *engine.ini, will not use an Shared cache.
[2019.01.23-14.59.39:371][  0]LogDerivedDataCache: Unable to find inner node Shared for hierarchical cache Hierarchy.
[2019.01.23-14.59.39:388][  0]LogMaterial: Verifying Global Shaders for PCD3D_SM5
[2019.01.23-14.59.39:389][  0]LogSlate: Using FreeType 2.6.0
[2019.01.23-14.59.39:390][  0]LogSlate: SlateFontServices - WITH_FREETYPE: 1, WITH_HARFBUZZ: 1
[2019.01.23-14.59.39:454][  0]LogAssetRegistry: FAssetRegistry took 0.0252 seconds to start up
[2019.01.23-14.59.39:754][  0]LogInit: Selected Device Profile: [Windows]
[2019.01.23-14.59.39:880][  0]LogSimplygon: Simplygon DLL not present - disabling.
[2019.01.23-14.59.39:884][  0]LogMeshReduction: Using SimplygonSwarm for distributed automatic mesh merging
[2019.01.23-14.59.39:884][  0]LogMeshReduction: Using ProxyLODMeshReduction for automatic mesh merging
[2019.01.23-14.59.39:884][  0]LogMeshReduction: Using QuadricMeshReduction for automatic static mesh reduction
[2019.01.23-14.59.39:884][  0]LogMeshReduction: No automatic skeletal mesh reduction module available
[2019.01.23-14.59.39:897][  0]LogNetVersion: JH_ICWhiteBox001_AP 1.0.0, NetCL: 4212847, EngineNetVer: 5, GameNetVer: 0 (Checksum: 2852069992)
[2019.01.23-14.59.40:382][  0]LogPackageLocalizationCache: Processed 11 localized package path(s) for 2 prioritized culture(s) in 0.100811 seconds
[2019.01.23-14.59.40:388][  0]LogUObjectArray: 38425 objects as part of root set at end of initial load.
[2019.01.23-14.59.40:388][  0]LogUObjectAllocator: 6690864 out of 0 bytes used by permanent object pool.
[2019.01.23-14.59.40:388][  0]LogUObjectArray: CloseDisregardForGC: 0/0 objects in disregard for GC pool
[2019.01.23-14.59.41:170][  0]LogTcpMessaging: Initializing TcpMessaging bridge
[2019.01.23-14.59.41:183][  0]LogUdpMessaging: Initializing bridge on interface 0.0.0.0:0 to multicast group 230.0.0.1:6666.
[2019.01.23-14.59.41:319][  0]SourceControl: Source control is disabled
[2019.01.23-14.59.41:319][  0]SourceControl: Source control is disabled
[2019.01.23-14.59.41:320][  0]SourceControl: Source control is disabled
[2019.01.23-14.59.41:321][  0]SourceControl: Source control is disabled
[2019.01.23-14.59.41:477][  0]LogAndroidPermission: UAndroidPermissionCallbackProxy::GetInstance
[2019.01.23-14.59.41:556][  0]LogOcInput: OculusInput pre-init called
[2019.01.23-14.59.41:612][  0]LogEngine: Initializing Engine...
[2019.01.23-14.59.41:612][  0]LogHMD: Failed to initialize OpenVR with code 110
[2019.01.23-14.59.41:613][  0]LogStats: UGameplayTagsManager::ConstructGameplayTagTree: ImportINI prefixes -  0.000 s
[2019.01.23-14.59.41:613][  0]LogStats: UGameplayTagsManager::ConstructGameplayTagTree: Construct from data asset -  0.000 s
[2019.01.23-14.59.41:614][  0]LogStats: UGameplayTagsManager::ConstructGameplayTagTree: ImportINI -  0.000 s
[2019.01.23-14.59.41:614][  0]LogStats: UGameplayTagsManager::ConstructGameplayTagTree: GameplayTagTreeChangedEvent.Broadcast -  0.000 s
[2019.01.23-14.59.41:802][  0]LogInit: Initializing FReadOnlyCVARCache
[2019.01.23-14.59.41:816][  0]LogAIModule: Creating AISystem for world Untitled
[2019.01.23-14.59.41:843][  0]LogInit: XAudio2 using '4 - CintiqPro24P (AMD High Definition Audio Device)' : 2 channels at 48 kHz using 16 bits per sample (channel mask 0x3)
[2019.01.23-14.59.41:869][  0]LogInit: FAudioDevice initialized.
[2019.01.23-14.59.41:869][  0]LogNetVersion: Set ProjectVersion to 1.0.0.0. Version Checksum will be recalculated on next use.
[2019.01.23-14.59.41:952][  0]LogDerivedDataCache: Saved boot cache 0.08s 71MB C:/Users/u1108468/AppData/Local/UnrealEngine/4.20/DerivedDataCache/Boot.ddc.
[2019.01.23-14.59.41:955][  0]LogInit: Texture streaming: Enabled
[2019.01.23-14.59.41:971][  0]LogEngineSessionManager: EngineSessionManager initialized
[2019.01.23-14.59.41:987][  0]LogInit: Transaction tracking system initialized
[2019.01.23-14.59.42:011][  0]BlueprintLog: New page: Editor Load
[2019.01.23-14.59.42:113][  0]LocalizationService: Localization service is disabled
[2019.01.23-14.59.42:370][  0]LogCook: Display: Max memory allowance for cook 16384mb min free memory 0mb
[2019.01.23-14.59.42:370][  0]LogFileCache: Scanning file cache for directory 'C:/Users/u1108468/Documents/GitHub/JDH_whiteboxcitylevel/JH_ICWhiteBox001_AP/Content/' took 0.02s
[2019.01.23-14.59.42:370][  0]LogCook: Display: Mobile HDR setting 1
[2019.01.23-14.59.42:370][  0]LogGameplayTags: Display: UGameplayTagsManager::DoneAddingNativeTags. DelegateIsBound: 0
[2019.01.23-14.59.42:370][  0]LogStats: UGameplayTagsManager::ConstructGameplayTagTree: ImportINI prefixes -  0.000 s
[2019.01.23-14.59.42:370][  0]LogStats: UGameplayTagsManager::ConstructGameplayTagTree: Construct from data asset -  0.000 s
[2019.01.23-14.59.42:370][  0]LogStats: UGameplayTagsManager::ConstructGameplayTagTree: ImportINI -  0.000 s
[2019.01.23-14.59.42:370][  0]LogStats: UGameplayTagsManager::ConstructGameplayTagTree: GameplayTagTreeChangedEvent.Broadcast -  0.000 s
[2019.01.23-14.59.42:499][  0]SourceControl: Source control is disabled
[2019.01.23-14.59.42:499][  0]Cmd: MAP LOAD FILE="../../../Engine/Content/Maps/Templates/Template_Default.umap" TEMPLATE=1 SHOWPROGRESS=1 FEATURELEVEL=3
[2019.01.23-14.59.42:499][  0]LightingResults: New page: Lighting Build
[2019.01.23-14.59.42:502][  0]MapCheck: New page: Map Check
[2019.01.23-14.59.42:502][  0]LightingResults: New page: Lighting Build
[2019.01.23-14.59.42:686][  0]LogAIModule: Creating AISystem for world Untitled_1
[2019.01.23-14.59.42:692][  0]LogEditorServer: Finished looking for orphan Actors (0.000 secs)
[2019.01.23-14.59.42:714][  0]Cmd: MAP CHECKDEP NOCLEARLOG
[2019.01.23-14.59.42:777][  0]MapCheck: Map check complete: 0 Error(s), 0 Warning(s), took 64.14ms to complete.
[2019.01.23-14.59.42:777][  0]LogFileHelpers: Loading map 'Template_Default' took 0.279
[2019.01.23-14.59.42:912][  0]LogSlate: Updating window title bar state: overlay mode, drag disabled, window buttons hidden, title bar hidden
[2019.01.23-14.59.42:919][  0]LogSlate: Updating window title bar state: overlay mode, drag disabled, window buttons hidden, title bar hidden
[2019.01.23-14.59.42:925][  0]LogSlate: Updating window title bar state: overlay mode, drag disabled, window buttons hidden, title bar hidden
[2019.01.23-14.59.42:932][  0]LogSlate: Updating window title bar state: overlay mode, drag disabled, window buttons hidden, title bar hidden
[2019.01.23-14.59.42:950][  0]LogCollectionManager: Loaded 0 collections in 0.001824 seconds
[2019.01.23-14.59.43:014][  0]LogFileCache: Scanning file cache for directory 'C:/Users/u1108468/Documents/GitHub/JDH_whiteboxcitylevel/JH_ICWhiteBox001_AP/Saved/Collections/' took 0.01s
[2019.01.23-14.59.43:014][  0]LogFileCache: Scanning file cache for directory 'C:/Users/u1108468/Documents/GitHub/JDH_whiteboxcitylevel/JH_ICWhiteBox001_AP/Content/Developers/u1108468/Collections/' took 0.01s
[2019.01.23-14.59.43:014][  0]LogFileCache: Scanning file cache for directory 'C:/Users/u1108468/Documents/GitHub/JDH_whiteboxcitylevel/JH_ICWhiteBox001_AP/Content/Collections/' took 0.01s
[2019.01.23-14.59.43:014][  0]LogCollectionManager: Rebuilt the GUID cache for 0 collections in 0.000000 seconds
[2019.01.23-14.59.43:026][  0]LogContentBrowser: Native class hierarchy populated in 0.0100 seconds. Added 2572 classes and 603 folders.
[2019.01.23-14.59.43:043][  0]LogContentBrowser: Native class hierarchy updated for 'WidgetCarousel' in 0.0002 seconds. Added 0 classes and 0 folders.
[2019.01.23-14.59.43:542][  0]LogContentBrowser: Native class hierarchy updated for 'AddContentDialog' in 0.0002 seconds. Added 0 classes and 0 folders.
[2019.01.23-14.59.43:560][  0]LogContentBrowser: Native class hierarchy updated for 'SceneOutliner' in 0.0002 seconds. Added 1 classes and 2 folders.
[2019.01.23-14.59.43:628][  0]LogSlate: Took 0.000202 seconds to synchronously load lazily loaded font '../../../Engine/Content/Slate/Fonts/Roboto-Regular.ttf' (155K)
[2019.01.23-14.59.43:631][  0]LogSlate: Took 0.000183 seconds to synchronously load lazily loaded font '../../../Engine/Content/Slate/Fonts/Roboto-Bold.ttf' (160K)
[2019.01.23-14.59.43:646][  0]LogSlate: Took 0.006594 seconds to synchronously load lazily loaded font '../../../Engine/Content/Editor/Slate/Fonts/FontAwesome.ttf' (139K)
[2019.01.23-14.59.43:758][  0]LogRenderer: Reallocating scene render targets to support 1208x576 Format 10 NumSamples 1 (Frame:1).
[2019.01.23-14.59.43:949][  0]LogContentBrowser: Native class hierarchy updated for 'HierarchicalLODOutliner' in 0.0002 seconds. Added 0 classes and 0 folders.
[2019.01.23-14.59.43:949][  0]LogLoad: (Engine Initialization) Total time: 8.37 seconds
[2019.01.23-14.59.43:949][  0]LogLoad: (Engine Initialization) Total Blueprint compile time: 0.00 seconds
[2019.01.23-14.59.43:959][  0]LogWindowsTextInputMethodSystem: Display: IME system now deactivated.
[2019.01.23-14.59.43:973][  0]LogContentStreaming: Texture pool size now 1000 MB
[2019.01.23-14.59.48:894][578]LogAssetRegistry: Asset discovery search completed in 9.4623 seconds
[2019.01.23-14.59.48:896][578]LogCollectionManager: Rebuilt the object cache for 0 collections in 0.000000 seconds (found 0 objects)
[2019.01.23-14.59.48:896][578]LogCollectionManager: Fixed up redirectors for 0 collections in 0.000059 seconds (updated 0 objects)
[2019.01.23-14.59.50:795][803]LogSlate: FSceneViewport::OnFocusLost() reason 0
[2019.01.23-14.59.51:896][933]LogSlate: Took 0.006668 seconds to synchronously load lazily loaded font '../../../Engine/Content/Slate/Fonts/Roboto-Light.ttf' (167K)
[2019.01.23-14.59.52:061][933]LogMaterial: Display: Missing cached shader map for material M_WBox_grass, compiling. 
[2019.01.23-14.59.52:100][933]LogMaterial: Display: Missing cached shader map for material M_Wbox_building, compiling. 
[2019.01.23-14.59.52:110][933]LogShaderCompilers: Display: Shaders left to compile 22
[2019.01.23-14.59.52:110][933]LogShaderCompilers: Display: Shaders left to compile 12
[2019.01.23-14.59.52:110][933]LogShaderCompilers: Display: Shaders left to compile 2
[2019.01.23-14.59.52:113][933]LogMaterial: Display: Missing cached shader map for material M_Wbox_treebase, compiling. 
[2019.01.23-14.59.52:221][933]LogShaderCompilers: Display: Shaders left to compile 44
[2019.01.23-14.59.52:224][933]LogAIModule: Creating AISystem for world JH_StreetLevel
[2019.01.23-14.59.52:290][933]LogAssetEditorManager: Opening Asset editor for World /Game/JH_StreetLevel.JH_StreetLevel
[2019.01.23-14.59.52:319][933]Cmd: MAP LOAD FILE="../../../../../../Users/u1108468/Documents/GitHub/JDH_whiteboxcitylevel/JH_ICWhiteBox001_AP/Content/JH_StreetLevel.umap" TEMPLATE=0 SHOWPROGRESS=1 FEATURELEVEL=3
[2019.01.23-14.59.52:319][933]LightingResults: New page: Lighting Build
[2019.01.23-14.59.52:320][933]LoadErrors: New page: Loading map: JH_StreetLevel.umap
[2019.01.23-14.59.52:320][933]MapCheck: New page: Map Check
[2019.01.23-14.59.52:320][933]LightingResults: New page: Lighting Build
[2019.01.23-14.59.52:360][933]LogEditorServer: Finished looking for orphan Actors (0.000 secs)
[2019.01.23-14.59.52:424][933]Cmd: MAP CHECKDEP NOCLEARLOG
[2019.01.23-14.59.52:484][933]MapCheck: Map check complete: 0 Error(s), 0 Warning(s), took 60.438ms to complete.
[2019.01.23-14.59.52:484][933]LogFileHelpers: Loading map 'JH_StreetLevel' took 0.167
[2019.01.23-14.59.53:214][  5]LogShaderCompilers: Display: Shaders left to compile 34
[2019.01.23-14.59.54:872][202]LogShaderCompilers: Display: Shaders left to compile 24
[2019.01.23-14.59.54:938][210]LogShaderCompilers: Display: Shaders left to compile 14
[2019.01.23-14.59.56:299][372]LogShaderCompilers: Display: Shaders left to compile 4
[2019.01.23-15.04.12:353][ 50]LogSlate: FSceneViewport::OnFocusLost() reason 0
[2019.01.23-15.04.30:165][ 48]LogAssetEditorManager: Opening Asset editor for Material /Game/Materials/M_Box_floor.M_Box_floor
[2019.01.23-15.04.30:170][ 48]LogMaterial: Display: Missing cached shader map for material M_Box_floor, compiling. 
[2019.01.23-15.04.30:507][ 48]LogMaterial: Display: Missing cached shader map for material M_Box_floor, compiling. 
[2019.01.23-15.04.30:521][ 48]LogMaterial: Display: Missing cached shader map for material M_Box_floor, compiling. 
[2019.01.23-15.04.30:538][ 48]LogShaderCompilers: Display: Shaders left to compile 21
[2019.01.23-15.04.30:538][ 48]LogShaderCompilers: Display: Shaders left to compile 20
[2019.01.23-15.04.30:538][ 48]LogShaderCompilers: Display: Shaders left to compile 19
[2019.01.23-15.04.30:538][ 48]LogShaderCompilers: Display: Shaders left to compile 18
[2019.01.23-15.04.30:615][ 48]LogSlate: Took 0.008154 seconds to synchronously load lazily loaded font '../../../Engine/Content/Slate/Fonts/Roboto-BoldCondensed.ttf' (158K)
[2019.01.23-15.04.31:548][ 90]LogShaderCompilers: Display: Shaders left to compile 17
[2019.01.23-15.04.31:548][ 90]LogShaderCompilers: Display: Shaders left to compile 16
[2019.01.23-15.04.31:569][ 92]LogShaderCompilers: Display: Shaders left to compile 15
[2019.01.23-15.04.31:584][ 93]LogShaderCompilers: Display: Shaders left to compile 14
[2019.01.23-15.04.31:739][105]LogShaderCompilers: Display: Shaders left to compile 13
[2019.01.23-15.04.31:749][106]LogShaderCompilers: Display: Shaders left to compile 12
[2019.01.23-15.04.31:754][106]LogShaderCompilers: Display: Shaders left to compile 11
[2019.01.23-15.04.31:764][107]LogShaderCompilers: Display: Shaders left to compile 10
[2019.01.23-15.04.31:894][118]LogShaderCompilers: Display: Shaders left to compile 9
[2019.01.23-15.04.32:027][128]LogShaderCompilers: Display: Shaders left to compile 8
[2019.01.23-15.04.32:164][139]LogShaderCompilers: Display: Shaders left to compile 7
[2019.01.23-15.04.32:190][141]LogShaderCompilers: Display: Shaders left to compile 6
[2019.01.23-15.04.32:295][147]LogShaderCompilers: Display: Shaders left to compile 5
[2019.01.23-15.04.32:414][156]LogShaderCompilers: Display: Shaders left to compile 4
[2019.01.23-15.04.32:427][157]LogShaderCompilers: Display: Shaders left to compile 3
[2019.01.23-15.04.32:622][169]LogShaderCompilers: Display: Shaders left to compile 2
[2019.01.23-15.04.32:697][175]LogShaderCompilers: Display: Shaders left to compile 1
[2019.01.23-15.04.32:984][200]MaterialEditorStats: Base pass shader: 99 instructions
[2019.01.23-15.04.32:984][200]MaterialEditorStats: Base pass shader with Volumetric Lightmap: 172 instructions
[2019.01.23-15.04.32:984][200]MaterialEditorStats: Base pass vertex shader: 32 instructions
[2019.01.23-15.04.32:984][200]MaterialEditorStats: Texture samplers: 3/16
[2019.01.23-15.04.40:011][ 13]LogMaterial: Display: Missing cached shader map for material M_Box_floor, compiling. 
[2019.01.23-15.04.40:024][ 13]LogMaterial: Display: Missing cached shader map for material FMatExpressionPreview MaterialExpressionVectorParameter_0, compiling. 
[2019.01.23-15.04.40:068][ 14]LogShaderCompilers: Display: Shaders left to compile 23
[2019.01.23-15.04.40:068][ 14]LogShaderCompilers: Display: Shaders left to compile 22
[2019.01.23-15.04.40:068][ 14]LogShaderCompilers: Display: Shaders left to compile 21
[2019.01.23-15.04.40:068][ 14]LogShaderCompilers: Display: Shaders left to compile 20
[2019.01.23-15.04.40:079][ 14]LogSlate: Took 0.006157 seconds to synchronously load lazily loaded font '../../../Engine/Content/Slate/Fonts/Roboto-Italic.ttf' (157K)
[2019.01.23-15.04.40:245][ 29]LogShaderCompilers: Display: Shaders left to compile 19
[2019.01.23-15.04.40:289][ 32]LogShaderCompilers: Display: Shaders left to compile 18
[2019.01.23-15.04.40:289][ 32]LogShaderCompilers: Display: Shaders left to compile 17
[2019.01.23-15.04.40:289][ 32]LogShaderCompilers: Display: Shaders left to compile 16
[2019.01.23-15.04.40:420][ 43]LogShaderCompilers: Display: Shaders left to compile 15
[2019.01.23-15.04.40:446][ 45]LogShaderCompilers: Display: Shaders left to compile 14
[2019.01.23-15.04.40:468][ 47]LogShaderCompilers: Display: Shaders left to compile 13
[2019.01.23-15.04.40:477][ 48]LogShaderCompilers: Display: Shaders left to compile 12
[2019.01.23-15.04.40:584][ 57]LogShaderCompilers: Display: Shaders left to compile 11
[2019.01.23-15.04.40:721][ 66]LogShaderCompilers: Display: Shaders left to compile 10
[2019.01.23-15.04.40:862][ 77]LogShaderCompilers: Display: Shaders left to compile 9
[2019.01.23-15.04.40:886][ 79]LogShaderCompilers: Display: Shaders left to compile 8
[2019.01.23-15.04.40:978][ 86]LogShaderCompilers: Display: Shaders left to compile 7
[2019.01.23-15.04.41:099][ 95]LogShaderCompilers: Display: Shaders left to compile 6
[2019.01.23-15.04.41:111][ 96]LogShaderCompilers: Display: Shaders left to compile 5
[2019.01.23-15.04.41:298][109]LogShaderCompilers: Display: Shaders left to compile 4
[2019.01.23-15.04.41:337][112]LogShaderCompilers: Display: Shaders left to compile 3
[2019.01.23-15.04.41:412][117]LogShaderCompilers: Display: Shaders left to compile 2
[2019.01.23-15.04.41:447][121]LogShaderCompilers: Display: Shaders left to compile 1
[2019.01.23-15.04.42:965][295]LogMaterial: Display: Missing cached shader map for material M_Box_floor, compiling. 
[2019.01.23-15.04.42:978][295]LogShaderCompilers: Display: Shaders left to compile 21
[2019.01.23-15.04.42:978][295]LogShaderCompilers: Display: Shaders left to compile 20
[2019.01.23-15.04.42:979][295]LogShaderCompilers: Display: Shaders left to compile 19
[2019.01.23-15.04.42:979][295]LogShaderCompilers: Display: Shaders left to compile 18
[2019.01.23-15.04.42:982][295]LogMaterial: Display: Missing cached shader map for material FMatExpressionPreview MaterialExpressionVectorParameter_0, compiling. 
[2019.01.23-15.04.43:184][310]LogShaderCompilers: Display: Shaders left to compile 19
[2019.01.23-15.04.43:221][313]LogShaderCompilers: Display: Shaders left to compile 18
[2019.01.23-15.04.43:230][314]LogShaderCompilers: Display: Shaders left to compile 17
[2019.01.23-15.04.43:230][314]LogShaderCompilers: Display: Shaders left to compile 16
[2019.01.23-15.04.43:339][321]LogShaderCompilers: Display: Shaders left to compile 15
[2019.01.23-15.04.43:372][324]LogShaderCompilers: Display: Shaders left to compile 14
[2019.01.23-15.04.43:381][325]LogShaderCompilers: Display: Shaders left to compile 13
[2019.01.23-15.04.43:402][327]LogShaderCompilers: Display: Shaders left to compile 12
[2019.01.23-15.04.43:504][336]LogShaderCompilers: Display: Shaders left to compile 11
[2019.01.23-15.04.43:640][346]LogShaderCompilers: Display: Shaders left to compile 10
[2019.01.23-15.04.43:798][358]LogShaderCompilers: Display: Shaders left to compile 9
[2019.01.23-15.04.43:825][360]LogShaderCompilers: Display: Shaders left to compile 8
[2019.01.23-15.04.43:883][364]LogShaderCompilers: Display: Shaders left to compile 7
[2019.01.23-15.04.44:014][376]LogShaderCompilers: Display: Shaders left to compile 6
[2019.01.23-15.04.44:036][378]LogShaderCompilers: Display: Shaders left to compile 5
[2019.01.23-15.04.44:224][396]LogShaderCompilers: Display: Shaders left to compile 4
[2019.01.23-15.04.44:254][399]LogShaderCompilers: Display: Shaders left to compile 3
[2019.01.23-15.04.44:304][404]LogShaderCompilers: Display: Shaders left to compile 2
[2019.01.23-15.04.44:409][415]LogShaderCompilers: Display: Shaders left to compile 1
[2019.01.23-15.04.44:921][472]MaterialEditorStats: Base pass shader: 101 instructions
[2019.01.23-15.04.44:921][472]MaterialEditorStats: Base pass shader with Volumetric Lightmap: 174 instructions
[2019.01.23-15.04.44:921][472]MaterialEditorStats: Base pass vertex shader: 32 instructions
[2019.01.23-15.04.44:921][472]MaterialEditorStats: Texture samplers: 3/16
[2019.01.23-15.04.51:745][102]LogMaterial: Display: Missing cached shader map for material M_Box_floor, compiling. 
[2019.01.23-15.04.51:763][102]LogShaderCompilers: Display: Shaders left to compile 21
[2019.01.23-15.04.51:763][102]LogShaderCompilers: Display: Shaders left to compile 20
[2019.01.23-15.04.51:763][102]LogShaderCompilers: Display: Shaders left to compile 19
[2019.01.23-15.04.51:763][102]LogShaderCompilers: Display: Shaders left to compile 18
[2019.01.23-15.04.51:763][102]LogMaterial: Display: Missing cached shader map for material FMatExpressionPreview MaterialExpressionVectorParameter_0, compiling. 
[2019.01.23-15.04.52:016][119]LogShaderCompilers: Display: Shaders left to compile 19
[2019.01.23-15.04.52:022][119]LogShaderCompilers: Display: Shaders left to compile 18
[2019.01.23-15.04.52:022][119]LogShaderCompilers: Display: Shaders left to compile 17
[2019.01.23-15.04.52:044][121]LogShaderCompilers: Display: Shaders left to compile 16
[2019.01.23-15.04.52:197][132]LogShaderCompilers: Display: Shaders left to compile 15
[2019.01.23-15.04.52:197][132]LogShaderCompilers: Display: Shaders left to compile 14
[2019.01.23-15.04.52:209][133]LogShaderCompilers: Display: Shaders left to compile 13
[2019.01.23-15.04.52:222][134]LogShaderCompilers: Display: Shaders left to compile 12
[2019.01.23-15.04.52:332][142]LogShaderCompilers: Display: Shaders left to compile 11
[2019.01.23-15.04.52:467][151]LogShaderCompilers: Display: Shaders left to compile 10
[2019.01.23-15.04.52:612][161]LogShaderCompilers: Display: Shaders left to compile 9
[2019.01.23-15.04.52:625][162]LogShaderCompilers: Display: Shaders left to compile 8
[2019.01.23-15.04.52:714][168]LogShaderCompilers: Display: Shaders left to compile 7
[2019.01.23-15.04.52:842][177]LogShaderCompilers: Display: Shaders left to compile 6
[2019.01.23-15.04.52:859][178]LogShaderCompilers: Display: Shaders left to compile 5
[2019.01.23-15.04.53:038][191]LogShaderCompilers: Display: Shaders left to compile 4
[2019.01.23-15.04.53:109][196]LogShaderCompilers: Display: Shaders left to compile 3
[2019.01.23-15.04.53:176][201]LogShaderCompilers: Display: Shaders left to compile 2
[2019.01.23-15.04.53:231][205]LogShaderCompilers: Display: Shaders left to compile 1
[2019.01.23-15.04.53:483][222]MaterialEditorStats: Base pass shader: 101 instructions
[2019.01.23-15.04.53:483][222]MaterialEditorStats: Base pass shader with Volumetric Lightmap: 174 instructions
[2019.01.23-15.04.53:483][222]MaterialEditorStats: Base pass vertex shader: 32 instructions
[2019.01.23-15.04.53:483][222]MaterialEditorStats: Texture samplers: 3/16
[2019.01.23-15.04.54:504][309]LogMaterial: Display: Missing cached shader map for material M_Box_floor, compiling. 
[2019.01.23-15.04.54:518][309]LogMaterial: Display: Missing cached shader map for material FMatExpressionPreview MaterialExpressionVectorParameter_0, compiling. 
[2019.01.23-15.04.54:533][309]LogShaderCompilers: Display: Shaders left to compile 23
[2019.01.23-15.04.54:533][309]LogShaderCompilers: Display: Shaders left to compile 22
[2019.01.23-15.04.54:533][309]LogShaderCompilers: Display: Shaders left to compile 21
[2019.01.23-15.04.54:533][309]LogShaderCompilers: Display: Shaders left to compile 20
[2019.01.23-15.04.54:543][309]LogSlate: Window 'Color Picker' being destroyed
[2019.01.23-15.04.54:742][320]LogShaderCompilers: Display: Shaders left to compile 19
[2019.01.23-15.04.54:756][321]LogShaderCompilers: Display: Shaders left to compile 18
[2019.01.23-15.04.54:762][321]LogShaderCompilers: Display: Shaders left to compile 17
[2019.01.23-15.04.54:777][322]LogShaderCompilers: Display: Shaders left to compile 16
[2019.01.23-15.04.54:899][328]LogShaderCompilers: Display: Shaders left to compile 15
[2019.01.23-15.04.54:917][329]LogShaderCompilers: Display: Shaders left to compile 14
[2019.01.23-15.04.54:931][330]LogShaderCompilers: Display: Shaders left to compile 13
[2019.01.23-15.04.54:941][330]LogShaderCompilers: Display: Shaders left to compile 12
[2019.01.23-15.04.55:033][335]LogShaderCompilers: Display: Shaders left to compile 11
[2019.01.23-15.04.55:176][342]LogShaderCompilers: Display: Shaders left to compile 10
[2019.01.23-15.04.55:300][348]LogShaderCompilers: Display: Shaders left to compile 9
[2019.01.23-15.04.55:330][349]LogShaderCompilers: Display: Shaders left to compile 8
[2019.01.23-15.04.55:383][352]LogShaderCompilers: Display: Shaders left to compile 7
[2019.01.23-15.04.55:522][359]LogShaderCompilers: Display: Shaders left to compile 6
[2019.01.23-15.04.55:546][360]LogShaderCompilers: Display: Shaders left to compile 5
[2019.01.23-15.04.55:728][369]LogShaderCompilers: Display: Shaders left to compile 4
[2019.01.23-15.04.55:746][370]LogShaderCompilers: Display: Shaders left to compile 3
[2019.01.23-15.04.55:818][374]LogShaderCompilers: Display: Shaders left to compile 2
[2019.01.23-15.04.55:882][377]LogShaderCompilers: Display: Shaders left to compile 1
[2019.01.23-15.04.56:093][387]MaterialEditorStats: Base pass shader: 101 instructions
[2019.01.23-15.04.56:093][387]MaterialEditorStats: Base pass shader with Volumetric Lightmap: 174 instructions
[2019.01.23-15.04.56:094][387]MaterialEditorStats: Base pass vertex shader: 32 instructions
[2019.01.23-15.04.56:094][387]MaterialEditorStats: Texture samplers: 3/16
[2019.01.23-15.04.57:409][502]LogMaterialEditor: Saving and Compiling material M_Box_floor
[2019.01.23-15.04.57:857][502]LogMaterial: Display: Missing cached shader map for material M_Box_floor, compiling. 
[2019.01.23-15.04.57:899][502]LogShaderCompilers: Display: Shaders left to compile 21
[2019.01.23-15.04.57:899][502]LogShaderCompilers: Display: Shaders left to compile 20
[2019.01.23-15.04.57:899][502]LogShaderCompilers: Display: Shaders left to compile 19
[2019.01.23-15.04.57:899][502]LogShaderCompilers: Display: Shaders left to compile 18
[2019.01.23-15.04.57:909][502]LogMaterial: Display: Missing cached shader map for material M_Box_floor, compiling. 
[2019.01.23-15.04.57:927][502]LogMaterial: Display: Missing cached shader map for material M_Box_floor, compiling. 
[2019.01.23-15.04.58:003][502]LogMaterial: Display: Missing cached shader map for material FDebugViewModeMaterialProxy M_Box_floor, compiling. 
[2019.01.23-15.04.59:107][502]LogShaderCompilers: Display: Shaders left to compile 40
[2019.01.23-15.04.59:107][502]LogShaderCompilers: Display: Shaders left to compile 39
[2019.01.23-15.04.59:107][502]LogShaderCompilers: Display: Shaders left to compile 38
[2019.01.23-15.04.59:107][502]LogShaderCompilers: Display: Shaders left to compile 37
[2019.01.23-15.04.59:107][502]LogShaderCompilers: Display: Shaders left to compile 36
[2019.01.23-15.04.59:107][502]LogShaderCompilers: Display: Shaders left to compile 35
[2019.01.23-15.04.59:107][502]LogShaderCompilers: Display: Shaders left to compile 34
[2019.01.23-15.04.59:107][502]LogShaderCompilers: Display: Shaders left to compile 33
[2019.01.23-15.04.59:107][502]LogShaderCompilers: Display: Shaders left to compile 32
[2019.01.23-15.04.59:107][502]LogShaderCompilers: Display: Shaders left to compile 31
[2019.01.23-15.04.59:107][502]LogShaderCompilers: Display: Shaders left to compile 30
[2019.01.23-15.04.59:107][502]LogShaderCompilers: Display: Shaders left to compile 29
[2019.01.23-15.04.59:107][502]LogShaderCompilers: Display: Shaders left to compile 28
[2019.01.23-15.04.59:107][502]LogShaderCompilers: Display: Shaders left to compile 27
[2019.01.23-15.04.59:107][502]LogShaderCompilers: Display: Shaders left to compile 26
[2019.01.23-15.04.59:107][502]LogShaderCompilers: Display: Shaders left to compile 25
[2019.01.23-15.04.59:107][502]LogShaderCompilers: Display: Shaders left to compile 24
[2019.01.23-15.04.59:107][502]LogShaderCompilers: Display: Shaders left to compile 23
[2019.01.23-15.04.59:107][502]LogShaderCompilers: Display: Shaders left to compile 22
[2019.01.23-15.04.59:107][502]LogShaderCompilers: Display: Shaders left to compile 12
[2019.01.23-15.04.59:107][502]LogShaderCompilers: Display: Shaders left to compile 2
[2019.01.23-15.04.59:109][502]TextureStreamingBuild: Display: Compiling optional shaders took 1.111 seconds.
[2019.01.23-15.05.01:174][502]LogSavePackage: Moving '../../../../../../Users/u1108468/Documents/GitHub/JDH_whiteboxcitylevel/JH_ICWhiteBox001_AP/Saved/M_Box_floorECBA7B734578F50EB5EFBD9D02711813.tmp' to '../../../../../../Users/u1108468/Documents/GitHub/JDH_whiteboxcitylevel/JH_ICWhiteBox001_AP/Content/Materials/M_Box_floor.uasset'
[2019.01.23-15.05.03:171][684]LogSlate: Window 'M_Box_floor' being destroyed
[2019.01.23-15.05.03:176][684]LogSlate: Window 'M_Box_floor' being destroyed
[2019.01.23-15.05.10:802][585]LogActorFactory: Actor Factory created Cube
[2019.01.23-15.05.10:802][585]LogLinker: Warning: The file '../../../Engine/Content/BasicShapes/BasicShapeMaterial.uasset' contains unrecognizable data, check that it is of the expected type.
[2019.01.23-15.05.10:803][585]LogLinker: Warning: The file '../../../Engine/Content/BasicShapes/BasicShapeMaterial.uasset' contains unrecognizable data, check that it is of the expected type.
[2019.01.23-15.05.10:803][585]LogUObjectGlobals: Warning: Failed to find object 'Material /Engine/BasicShapes/BasicShapeMaterial.BasicShapeMaterial'
[2019.01.23-15.05.15:242][108]LogActorFactory: Actor Factory created Cube
[2019.01.23-15.05.15:243][108]LogLinker: Warning: The file '../../../Engine/Content/BasicShapes/BasicShapeMaterial.uasset' contains unrecognizable data, check that it is of the expected type.
[2019.01.23-15.05.17:231][327]LogSlate: FSceneViewport::OnFocusLost() reason 2
[2019.01.23-15.05.17:473][355]LogSlate: FSceneViewport::OnFocusLost() reason 2
[2019.01.23-15.05.17:830][396]LogSlate: FSceneViewport::OnFocusLost() reason 2
[2019.01.23-15.05.18:766][507]Cmd: TRANSACTION UNDO
[2019.01.23-15.05.18:766][507]LogEditorTransaction: Undo Create Actors
[2019.01.23-15.05.23:361][  0]LogSlate: FSceneViewport::OnFocusLost() reason 0
[2019.01.23-15.05.25:038][183]LogActorFactory: Actor Factory created Cube
[2019.01.23-15.05.25:039][183]LogLinker: Warning: The file '../../../Engine/Content/BasicShapes/BasicShapeMaterial.uasset' contains unrecognizable data, check that it is of the expected type.
[2019.01.23-15.05.27:885][521]LogActorFactory: Actor Factory created Cube
[2019.01.23-15.05.27:885][521]LogLinker: Warning: The file '../../../Engine/Content/BasicShapes/BasicShapeMaterial.uasset' contains unrecognizable data, check that it is of the expected type.
[2019.01.23-15.05.33:854][227]LogSlate: FSceneViewport::OnFocusLost() reason 2
[2019.01.23-15.05.34:864][348]Cmd: TRANSACTION UNDO
[2019.01.23-15.05.34:864][348]LogEditorTransaction: Undo Create Actors
[2019.01.23-15.05.36:779][526]LogSlate: FSceneViewport::OnFocusLost() reason 0
[2019.01.23-15.05.46:122][480]LogSlate: FSceneViewport::OnFocusLost() reason 0
[2019.01.23-15.05.46:458][518]LogActorFactory: Actor Factory created Cube
[2019.01.23-15.05.46:458][518]LogLinker: Warning: The file '../../../Engine/Content/BasicShapes/BasicShapeMaterial.uasset' contains unrecognizable data, check that it is of the expected type.
[2019.01.23-15.05.50:348][981]LogActorFactory: Actor Factory created Cube
[2019.01.23-15.05.50:349][981]LogLinker: Warning: The file '../../../Engine/Content/BasicShapes/BasicShapeMaterial.uasset' contains unrecognizable data, check that it is of the expected type.
[2019.01.23-15.05.51:923][162]LogSlate: FSceneViewport::OnFocusLost() reason 2
[2019.01.23-15.05.53:505][351]Cmd: TRANSACTION UNDO
[2019.01.23-15.05.53:505][351]LogEditorTransaction: Undo Create Actors
[2019.01.23-15.05.54:982][500]LogSlate: FSceneViewport::OnFocusLost() reason 0
[2019.01.23-15.05.59:520][  0]LogActorFactory: Actor Factory created Plane
[2019.01.23-15.05.59:520][  0]LogLinker: Warning: The file '../../../Engine/Content/BasicShapes/BasicShapeMaterial.uasset' contains unrecognizable data, check that it is of the expected type.
[2019.01.23-15.06.01:789][267]LogActorFactory: Actor Factory created Plane
[2019.01.23-15.06.01:790][267]LogLinker: Warning: The file '../../../Engine/Content/BasicShapes/BasicShapeMaterial.uasset' contains unrecognizable data, check that it is of the expected type.
[2019.01.23-15.06.10:901][247]LogSlate: FSceneViewport::OnFocusLost() reason 2
[2019.01.23-15.06.11:696][342]Cmd: TRANSACTION UNDO
[2019.01.23-15.06.11:696][342]LogEditorTransaction: Undo Create Actors
[2019.01.23-15.06.12:698][413]LogSlate: FSceneViewport::OnFocusLost() reason 0
[2019.01.23-15.06.14:508][604]LogActorFactory: Actor Factory created Plane
[2019.01.23-15.06.14:508][604]LogLinker: Warning: The file '../../../Engine/Content/BasicShapes/BasicShapeMaterial.uasset' contains unrecognizable data, check that it is of the expected type.
[2019.01.23-15.06.16:884][878]LogActorFactory: Actor Factory created Plane
[2019.01.23-15.06.16:884][878]LogLinker: Warning: The file '../../../Engine/Content/BasicShapes/BasicShapeMaterial.uasset' contains unrecognizable data, check that it is of the expected type.
[2019.01.23-15.06.18:218][ 30]LogSlate: FSceneViewport::OnFocusLost() reason 2
[2019.01.23-15.06.18:550][ 69]LogSlate: FSceneViewport::OnFocusLost() reason 2
[2019.01.23-15.06.19:436][175]Cmd: TRANSACTION UNDO
[2019.01.23-15.06.19:436][175]LogEditorTransaction: Undo Create Actors
[2019.01.23-15.06.20:456][256]LogSlate: FSceneViewport::OnFocusLost() reason 0
[2019.01.23-15.06.20:706][278]LogAssetEditorManager: Opening Asset editor for Material /Game/Materials/M_Box_floor.M_Box_floor
[2019.01.23-15.06.20:709][278]LogMaterial: Display: Missing cached shader map for material PreviewMaterial_0, compiling. 
[2019.01.23-15.06.20:800][278]LogMaterial: Display: Missing cached shader map for material PreviewMaterial_0, compiling. 
[2019.01.23-15.06.20:813][278]LogMaterial: Display: Missing cached shader map for material PreviewMaterial_0, compiling. 
[2019.01.23-15.06.20:839][278]LogShaderCompilers: Display: Shaders left to compile 21
[2019.01.23-15.06.20:839][278]LogShaderCompilers: Display: Shaders left to compile 20
[2019.01.23-15.06.20:839][278]LogShaderCompilers: Display: Shaders left to compile 19
[2019.01.23-15.06.20:839][278]LogShaderCompilers: Display: Shaders left to compile 18
[2019.01.23-15.06.20:852][278]LogMaterial: Display: Missing cached shader map for material FMatExpressionPreview MaterialExpressionVectorParameter_0, compiling. 
[2019.01.23-15.06.21:385][312]LogShaderCompilers: Display: Shaders left to compile 19
[2019.01.23-15.06.21:726][341]LogShaderCompilers: Display: Shaders left to compile 18
[2019.01.23-15.06.21:726][341]LogShaderCompilers: Display: Shaders left to compile 17
[2019.01.23-15.06.21:726][341]LogShaderCompilers: Display: Shaders left to compile 16
[2019.01.23-15.06.21:888][353]LogShaderCompilers: Display: Shaders left to compile 15
[2019.01.23-15.06.21:901][354]LogShaderCompilers: Display: Shaders left to compile 14
[2019.01.23-15.06.21:915][355]LogShaderCompilers: Display: Shaders left to compile 13
[2019.01.23-15.06.21:925][356]LogShaderCompilers: Display: Shaders left to compile 12
[2019.01.23-15.06.22:059][366]LogShaderCompilers: Display: Shaders left to compile 11
[2019.01.23-15.06.22:190][375]LogShaderCompilers: Display: Shaders left to compile 10
[2019.01.23-15.06.22:317][384]LogShaderCompilers: Display: Shaders left to compile 9
[2019.01.23-15.06.22:345][386]LogShaderCompilers: Display: Shaders left to compile 8
[2019.01.23-15.06.22:436][393]LogShaderCompilers: Display: Shaders left to compile 7
[2019.01.23-15.06.22:557][402]LogShaderCompilers: Display: Shaders left to compile 6
[2019.01.23-15.06.22:604][406]LogShaderCompilers: Display: Shaders left to compile 5
[2019.01.23-15.06.22:785][420]LogShaderCompilers: Display: Shaders left to compile 4
[2019.01.23-15.06.22:822][423]LogShaderCompilers: Display: Shaders left to compile 3
[2019.01.23-15.06.22:918][432]LogShaderCompilers: Display: Shaders left to compile 2
[2019.01.23-15.06.22:971][436]LogShaderCompilers: Display: Shaders left to compile 1
[2019.01.23-15.06.23:184][453]MaterialEditorStats: Base pass shader: 101 instructions
[2019.01.23-15.06.23:184][453]MaterialEditorStats: Base pass shader with Volumetric Lightmap: 174 instructions
[2019.01.23-15.06.23:184][453]MaterialEditorStats: Base pass vertex shader: 32 instructions
[2019.01.23-15.06.23:184][453]MaterialEditorStats: Texture samplers: 3/16
[2019.01.23-15.06.26:052][716]LogMaterialEditor: Saving and Compiling material M_Box_floor
[2019.01.23-15.06.26:090][716]LogSavePackage: Moving '../../../../../../Users/u1108468/Documents/GitHub/JDH_whiteboxcitylevel/JH_ICWhiteBox001_AP/Saved/M_Box_floor18A8F26849781FA977B207BFB69466A1.tmp' to '../../../../../../Users/u1108468/Documents/GitHub/JDH_whiteboxcitylevel/JH_ICWhiteBox001_AP/Content/Materials/M_Box_floor.uasset'
[2019.01.23-15.06.27:545][852]LogSlate: FSceneViewport::OnFocusLost() reason 0
[2019.01.23-15.06.27:689][869]LogSlate: Window 'M_Box_floor' being destroyed
[2019.01.23-15.06.27:693][869]LogSlate: Window 'M_Box_floor' being destroyed
[2019.01.23-15.06.29:939][ 93]LogSlate: FSceneViewport::OnFocusLost() reason 0
[2019.01.23-15.06.31:480][269]LogSavePackage: Moving '../../../../../../Users/u1108468/Documents/GitHub/JDH_whiteboxcitylevel/JH_ICWhiteBox001_AP/Saved/M_Box_floor6CB8153D444A02833EF6248CB5513F1E.tmp' to '../../../../../../Users/u1108468/Documents/GitHub/JDH_whiteboxcitylevel/JH_ICWhiteBox001_AP/Content/Materials/M_Box_floor.uasset'
[2019.01.23-15.06.41:343][ 55]LogActorFactory: Actor Factory created Plane
[2019.01.23-15.06.41:344][ 55]LogLinker: Warning: The file '../../../Engine/Content/BasicShapes/BasicShapeMaterial.uasset' contains unrecognizable data, check that it is of the expected type.
[2019.01.23-15.06.41:344][ 55]LogLinker: Warning: The file '../../../Engine/Content/BasicShapes/BasicShapeMaterial.uasset' contains unrecognizable data, check that it is of the expected type.
[2019.01.23-15.06.43:978][365]LogActorFactory: Actor Factory created Plane
[2019.01.23-15.06.43:979][365]LogLinker: Warning: The file '../../../Engine/Content/BasicShapes/BasicShapeMaterial.uasset' contains unrecognizable data, check that it is of the expected type.
[2019.01.23-15.06.50:029][976]LogSlate: FSceneViewport::OnFocusLost() reason 2
[2019.01.23-15.07.36:156][ 63]LogEditorViewport: Clicking on Actor (LMB): StaticMeshActor (Plane)
[2019.01.23-15.07.45:469][102]LogSlate: FSceneViewport::OnFocusLost() reason 0
[2019.01.23-15.07.58:110][569]Cmd: TRANSACTION UNDO
[2019.01.23-15.07.58:110][569]LogEditorTransaction: Undo Rename Actor
[2019.01.23-15.07.59:704][753]Cmd: TRANSACTION UNDO
[2019.01.23-15.07.59:704][753]LogEditorTransaction: Undo Clicking on Actors
[2019.01.23-15.08.01:241][909]Cmd: TRANSACTION UNDO
[2019.01.23-15.08.01:241][909]LogEditorTransaction: Undo Select Brush Surface
[2019.01.23-15.08.03:198][110]Cmd: TRANSACTION UNDO
[2019.01.23-15.08.03:198][110]LogEditorTransaction: Undo Replace component used material
[2019.01.23-15.08.04:992][308]Cmd: TRANSACTION UNDO
[2019.01.23-15.08.04:992][308]LogEditorTransaction: Undo Create Actors
[2019.01.23-15.08.12:699][151]Cmd: BRUSH ADD SELECTNEWBRUSH
[2019.01.23-15.08.16:635][597]LogSlate: FSceneViewport::OnFocusLost() reason 0
[2019.01.23-15.08.50:978][482]LogSlate: FSceneViewport::OnFocusLost() reason 0
[2019.01.23-15.08.52:985][694]LogSlate: FSceneViewport::OnFocusLost() reason 0
[2019.01.23-15.08.53:813][775]LogSlate: FSceneViewport::OnFocusLost() reason 0
[2019.01.23-15.08.56:512][ 71]LogSlate: FSceneViewport::OnFocusLost() reason 2
[2019.01.23-15.09.17:682][595]LogSlate: FSceneViewport::OnFocusLost() reason 0
[2019.01.23-15.09.19:582][820]LogSlate: FSceneViewport::OnFocusLost() reason 2
[2019.01.23-15.09.21:569][ 56]LogEditorViewport: Clicking Background
[2019.01.23-15.09.22:261][137]LogSlate: FSceneViewport::OnFocusLost() reason 2
[2019.01.23-15.09.22:391][151]LogSlate: FSceneViewport::OnFocusLost() reason 2
[2019.01.23-15.09.25:245][490]LogEditorViewport: Clicking Background
[2019.01.23-15.09.42:564][567]LogSlate: FSceneViewport::OnFocusLost() reason 2
[2019.01.23-15.09.43:448][672]LogSlate: FSceneViewport::OnFocusLost() reason 2
[2019.01.23-15.09.50:608][525]LogSlate: FSceneViewport::OnFocusLost() reason 2
[2019.01.23-15.09.50:617][525]LogSlate: Updating window title bar state: overlay mode, drag disabled, window buttons hidden, title bar hidden
[2019.01.23-15.09.50:623][525]LogSlate: Updating window title bar state: overlay mode, drag disabled, window buttons hidden, title bar hidden
[2019.01.23-15.09.50:628][525]LogSlate: Updating window title bar state: overlay mode, drag disabled, window buttons hidden, title bar hidden
[2019.01.23-15.09.50:633][525]LogSlate: Updating window title bar state: overlay mode, drag disabled, window buttons hidden, title bar hidden
[2019.01.23-15.09.53:090][743]LogSlate: Window 'Viewport 2' being destroyed
[2019.01.23-15.09.53:095][743]LogSlate: Window 'Viewport 2' being destroyed
[2019.01.23-15.10.01:691][760]LogSlate: FSceneViewport::OnFocusLost() reason 2
[2019.01.23-15.10.08:831][601]LogSlate: Updating window title bar state: overlay mode, drag disabled, window buttons hidden, title bar hidden
[2019.01.23-15.10.16:498][472]LogSlate: FSceneViewport::OnFocusLost() reason 0
[2019.01.23-15.10.49:907][436]LogSlate: FSceneViewport::OnFocusLost() reason 0
[2019.01.23-15.10.58:030][341]LogSlate: FSceneViewport::OnFocusLost() reason 0
[2019.01.23-15.11.04:380][ 83]LogSlate: FSceneViewport::OnFocusLost() reason 0
[2019.01.23-15.11.25:881][380]LogSlate: FSceneViewport::OnFocusLost() reason 0
[2019.01.23-15.11.41:766][223]LogSlate: FSceneViewport::OnFocusLost() reason 0
[2019.01.23-15.12.00:271][354]LogSlate: FSceneViewport::OnFocusLost() reason 0
[2019.01.23-15.12.24:762][ 71]LogSlate: FSceneViewport::OnFocusLost() reason 0
[2019.01.23-15.12.52:356][ 81]LogSlate: FSceneViewport::OnFocusLost() reason 0
[2019.01.23-15.12.53:360][ 96]LogSavePackage: Moving '../../../../../../Users/u1108468/Documents/GitHub/JDH_whiteboxcitylevel/JH_ICWhiteBox001_AP/Saved/JH_StreetLevelE2D42B3C47910E8D3452C2B091D2AC1E.tmp' to '../../../../../../Users/u1108468/Documents/GitHub/JDH_whiteboxcitylevel/JH_ICWhiteBox001_AP/Content/JH_StreetLevel.umap'
[2019.01.23-15.19.10:835][681]LogSlate: FSceneViewport::OnFocusLost() reason 0
[2019.01.23-15.19.22:718][876]LogSlate: FSceneViewport::OnFocusLost() reason 0
[2019.01.23-15.20.11:610][ 27]LogSlate: FSceneViewport::OnFocusLost() reason 0
[2019.01.23-15.20.22:348][209]Cmd: TRANSACTION UNDO
[2019.01.23-15.20.22:348][209]LogEditorTransaction: Undo Edit X
[2019.01.23-15.20.22:507][209]LogActorComponent: ~FComponentReregisterContext: (/Game/JH_StreetLevel.JH_StreetLevel:PersistentLevel.Brush_Sidewalk_29.BrushComponent0) Component already registered.
[2019.01.23-15.20.22:508][209]LogActorComponent: ~FComponentReregisterContext: (/Game/JH_StreetLevel.JH_StreetLevel:PersistentLevel.Brush_Street_95.BrushComponent0) Component already registered.
[2019.01.23-15.20.22:511][209]LogActorComponent: ~FComponentReregisterContext: (/Game/JH_StreetLevel.JH_StreetLevel:PersistentLevel.Brush_Street_101.BrushComponent0) Component already registered.
[2019.01.23-15.20.22:511][209]LogActorComponent: ~FComponentReregisterContext: (/Game/JH_StreetLevel.JH_StreetLevel:PersistentLevel.Brush_Sidewalk_33.BrushComponent0) Component already registered.
[2019.01.23-15.20.22:512][209]LogActorComponent: ~FComponentReregisterContext: (/Game/JH_StreetLevel.JH_StreetLevel:PersistentLevel.Brush_Street_97.BrushComponent0) Component already registered.
[2019.01.23-15.20.22:512][209]LogActorComponent: ~FComponentReregisterContext: (/Game/JH_StreetLevel.JH_StreetLevel:PersistentLevel.Brush_Sidewalk_32.BrushComponent0) Component already registered.
[2019.01.23-15.20.22:550][209]LogActorComponent: ~FComponentReregisterContext: (/Game/JH_StreetLevel.JH_StreetLevel:PersistentLevel.Brush_Street_44.BrushComponent0) Component already registered.
[2019.01.23-15.20.22:550][209]LogActorComponent: ~FComponentReregisterContext: (/Game/JH_StreetLevel.JH_StreetLevel:PersistentLevel.Brush_Street_47.BrushComponent0) Component already registered.
[2019.01.23-15.20.22:551][209]LogActorComponent: ~FComponentReregisterContext: (/Game/JH_StreetLevel.JH_StreetLevel:PersistentLevel.Brush_Street_30.BrushComponent0) Component already registered.
[2019.01.23-15.20.22:551][209]LogActorComponent: ~FComponentReregisterContext: (/Game/JH_StreetLevel.JH_StreetLevel:PersistentLevel.Brush_Street_33.BrushComponent0) Component already registered.
[2019.01.23-15.20.22:552][209]LogActorComponent: ~FComponentReregisterContext: (/Game/JH_StreetLevel.JH_StreetLevel:PersistentLevel.Brush_Street_40.BrushComponent0) Component already registered.
[2019.01.23-15.20.22:552][209]LogActorComponent: ~FComponentReregisterContext: (/Game/JH_StreetLevel.JH_StreetLevel:PersistentLevel.Brush_Street_43.BrushComponent0) Component already registered.
[2019.01.23-15.20.22:552][209]LogActorComponent: ~FComponentReregisterContext: (/Game/JH_StreetLevel.JH_StreetLevel:PersistentLevel.Brush_Street_36.BrushComponent0) Component already registered.
[2019.01.23-15.20.22:552][209]LogActorComponent: ~FComponentReregisterContext: (/Game/JH_StreetLevel.JH_StreetLevel:PersistentLevel.Brush_Grass_1.BrushComponent0) Component already registered.
[2019.01.23-15.20.22:554][209]LogActorComponent: ~FComponentReregisterContext: (/Game/JH_StreetLevel.JH_StreetLevel:PersistentLevel.Brush_Building_31.BrushComponent0) Component already registered.
[2019.01.23-15.20.22:554][209]LogActorComponent: ~FComponentReregisterContext: (/Game/JH_StreetLevel.JH_StreetLevel:PersistentLevel.Brush_Building_25.BrushComponent0) Component already registered.
[2019.01.23-15.20.22:554][209]LogActorComponent: ~FComponentReregisterContext: (/Game/JH_StreetLevel.JH_StreetLevel:PersistentLevel.Brush_building_34.BrushComponent0) Component already registered.
[2019.01.23-15.20.22:554][209]LogActorComponent: ~FComponentReregisterContext: (/Game/JH_StreetLevel.JH_StreetLevel:PersistentLevel.Brush_building_42.BrushComponent0) Component already registered.
[2019.01.23-15.20.22:555][209]LogActorComponent: ~FComponentReregisterContext: (/Game/JH_StreetLevel.JH_StreetLevel:PersistentLevel.Brush_building_45.BrushComponent0) Component already registered.
[2019.01.23-15.20.22:555][209]LogActorComponent: ~FComponentReregisterContext: (/Game/JH_StreetLevel.JH_StreetLevel:PersistentLevel.Brush_building_36.BrushComponent0) Component already registered.
[2019.01.23-15.20.22:555][209]LogActorComponent: ~FComponentReregisterContext: (/Game/JH_StreetLevel.JH_StreetLevel:PersistentLevel.Brush_building_39.BrushComponent0) Component already registered.
[2019.01.23-15.20.22:556][209]LogActorComponent: ~FComponentReregisterContext: (/Game/JH_StreetLevel.JH_StreetLevel:PersistentLevel.Brush_building_89.BrushComponent0) Component already registered.
[2019.01.23-15.20.22:560][209]LogActorComponent: ~FComponentReregisterContext: (/Game/JH_StreetLevel.JH_StreetLevel:PersistentLevel.Brush_Street_153.BrushComponent0) Component already registered.
[2019.01.23-15.20.22:560][209]LogActorComponent: ~FComponentReregisterContext: (/Game/JH_StreetLevel.JH_StreetLevel:PersistentLevel.Brush_Street_154.BrushComponent0) Component already registered.
[2019.01.23-15.20.22:561][209]LogActorComponent: ~FComponentReregisterContext: (/Game/JH_StreetLevel.JH_StreetLevel:PersistentLevel.Brush_Sidewalk_51.BrushComponent0) Component already registered.
[2019.01.23-15.20.22:561][209]LogActorComponent: ~FComponentReregisterContext: (/Game/JH_StreetLevel.JH_StreetLevel:PersistentLevel.Brush_Street_150.BrushComponent0) Component already registered.
[2019.01.23-15.20.22:562][209]LogActorComponent: ~FComponentReregisterContext: (/Game/JH_StreetLevel.JH_StreetLevel:PersistentLevel.Brush_Street_144.BrushComponent0) Component already registered.
[2019.01.23-15.20.41:061][289]LogSlate: FSceneViewport::OnFocusLost() reason 0
[2019.01.23-15.21.10:461][575]LogSlate: FSceneViewport::OnFocusLost() reason 0
[2019.01.23-15.21.36:371][568]LogSlate: FSceneViewport::OnFocusLost() reason 0
[2019.01.23-15.21.46:568][708]LogSlate: FSceneViewport::OnFocusLost() reason 0
[2019.01.23-15.22.07:151][983]LogSlate: FSceneViewport::OnFocusLost() reason 0
[2019.01.23-15.22.43:814][ 23]LogSlate: FSceneViewport::OnFocusLost() reason 0
[2019.01.23-15.22.53:536][106]Cmd: BRUSH ADD SELECTNEWBRUSH
[2019.01.23-15.23.32:405][168]LogSlate: FSceneViewport::OnFocusLost() reason 0
[2019.01.23-15.23.48:799][862]LogSlate: FSceneViewport::OnFocusLost() reason 0
[2019.01.23-15.24.02:565][356]LogSlate: FSceneViewport::OnFocusLost() reason 0
[2019.01.23-15.24.19:506][277]LogSlate: FSceneViewport::OnFocusLost() reason 0
[2019.01.23-15.24.44:683][842]LogSlate: FSceneViewport::OnFocusLost() reason 0
[2019.01.23-15.25.11:986][912]LogSlate: FSceneViewport::OnFocusLost() reason 0
[2019.01.23-15.25.19:551][735]Cmd: BRUSH SUBTRACT SELECTNEWBRUSH
[2019.01.23-15.25.20:541][833]LogSlate: FSceneViewport::OnFocusLost() reason 0
[2019.01.23-15.25.46:255][919]LogSavePackage: Moving '../../../../../../Users/u1108468/Documents/GitHub/JDH_whiteboxcitylevel/JH_ICWhiteBox001_AP/Saved/JH_StreetLevel_Auto13FEC7D6C471F8E7AE63A69B047C8C934.tmp' to '../../../../../../Users/u1108468/Documents/GitHub/JDH_whiteboxcitylevel/JH_ICWhiteBox001_AP/Saved/Autosaves/Game/JH_StreetLevel_Auto1.umap'
[2019.01.23-15.25.46:266][919]LogFileHelpers: Editor autosave (incl. sublevels) for '/Game/JH_StreetLevel' took 1.419
[2019.01.23-15.25.46:266][919]LogFileHelpers: Editor autosave (incl. sublevels) for all levels took 1.419
[2019.01.23-16.23.23:642][ 70]LogSlate: FSceneViewport::OnFocusLost() reason 0
[2019.01.23-16.23.43:731][299]LogSlate: FSceneViewport::OnFocusLost() reason 0
[2019.01.23-16.24.20:139][193]LogSlate: FSceneViewport::OnFocusLost() reason 0
[2019.01.23-16.24.36:752][ 52]LogEditorViewport: Clicking on Actor (LMB): BP_Sky_Sphere_C (Sky Sphere5)
[2019.01.23-16.24.40:322][464]LogSlate: FSceneViewport::OnFocusLost() reason 0
[2019.01.23-16.24.41:301][476]LogSavePackage: Moving '../../../../../../Users/u1108468/Documents/GitHub/JDH_whiteboxcitylevel/JH_ICWhiteBox001_AP/Saved/JH_StreetLevel83CA5AEA485F3CA248B775AC49B7A6DE.tmp' to '../../../../../../Users/u1108468/Documents/GitHub/JDH_whiteboxcitylevel/JH_ICWhiteBox001_AP/Content/JH_StreetLevel.umap'
[2019.01.23-16.24.57:162][306]LogSlate: FSceneViewport::OnFocusLost() reason 2
[2019.01.23-16.24.59:431][565]LogSlate: FSceneViewport::OnFocusLost() reason 0
