Log file open, 01/23/19 19:49:22
LogWindows: Failed to load 'aqProf.dll' (GetLastError=126)
LogWindows: File 'aqProf.dll' does not exist
LogWindows: Failed to load 'VSPerf140.dll' (GetLastError=126)
LogWindows: File 'VSPerf140.dll' does not exist
LogWindows: Failed to load 'VtuneApi.dll' (GetLastError=126)
LogWindows: File 'VtuneApi.dll' does not exist
LogWindows: Failed to load 'VtuneApi32e.dll' (GetLastError=126)
LogWindows: File 'VtuneApi32e.dll' does not exist
LogInit: Display: Running engine for game: JH_ICWhiteBox001_AP
LogPlatformFile: Not using cached read wrapper
LogTaskGraph: Started task graph with 5 named threads and 23 total threads with 3 sets of task threads.
LogStats: Stats thread started at 0.297806
LogD3D11RHI: Loaded GFSDK_Aftermath_Lib.x64.dll
LogICUInternationalization: Display: ICU TimeZone Detection - Raw Offset: -7:00, Platform Override: ''
LogPluginManager: Mounting plugin Paper2D
LogPluginManager: Mounting plugin AISupport
LogPluginManager: Mounting plugin LightPropagationVolume
LogPluginManager: Mounting plugin CLionSourceCodeAccess
LogPluginManager: Mounting plugin CodeLiteSourceCodeAccess
LogPluginManager: Mounting plugin GitSourceControl
LogPluginManager: Mounting plugin KDevelopSourceCodeAccess
LogPluginManager: Mounting plugin NullSourceCodeAccess
LogPluginManager: Mounting plugin PerforceSourceControl
LogPluginManager: Mounting plugin SubversionSourceControl
LogPluginManager: Mounting plugin UObjectPlugin
LogPluginManager: Mounting plugin VisualStudioCodeSourceCodeAccess
LogPluginManager: Mounting plugin VisualStudioSourceCodeAccess
LogPluginManager: Mounting plugin XCodeSourceCodeAccess
LogPluginManager: Mounting plugin AssetManagerEditor
LogPluginManager: Mounting plugin CryptoKeys
LogPluginManager: Mounting plugin DataValidation
LogPluginManager: Mounting plugin FacialAnimation
LogPluginManager: Mounting plugin GameplayTagsEditor
LogPluginManager: Mounting plugin MacGraphicsSwitching
LogPluginManager: Mounting plugin MeshEditor
LogPluginManager: Mounting plugin MobileLauncherProfileWizard
LogPluginManager: Mounting plugin PluginBrowser
LogPluginManager: Mounting plugin SpeedTreeImporter
LogPluginManager: Mounting plugin DatasmithContent
LogPluginManager: Mounting plugin AlembicImporter
LogPluginManager: Mounting plugin AppleImageUtils
LogPluginManager: Mounting plugin AppleVision
LogPluginManager: Mounting plugin BackChannel
LogPluginManager: Mounting plugin CharacterAI
LogPluginManager: Mounting plugin GeometryCache
LogPluginManager: Mounting plugin HTML5Networking
LogPluginManager: Mounting plugin ProxyLODPlugin
LogPluginManager: Mounting plugin MagicLeap
LogPluginManager: Mounting plugin MagicLeapEmulator
LogPluginManager: Mounting plugin MagicLeapMedia
LogPluginManager: Mounting plugin AndroidMedia
LogPluginManager: Mounting plugin AvfMedia
LogPluginManager: Mounting plugin ImgMedia
LogPluginManager: Mounting plugin LinearTimecode
LogPluginManager: Mounting plugin MediaCompositing
LogPluginManager: Mounting plugin MediaPlayerEditor
LogPluginManager: Mounting plugin WmfMedia
LogPluginManager: Mounting plugin TcpMessaging
LogPluginManager: Mounting plugin UdpMessaging
LogPluginManager: Mounting plugin ActorSequence
LogPluginManager: Mounting plugin LevelSequenceEditor
LogPluginManager: Mounting plugin MatineeToLevelSequence
LogPluginManager: Mounting plugin NetcodeUnitTest
LogPluginManager: Mounting plugin NUTUnrealEngine4
LogPluginManager: Mounting plugin OnlineSubsystemGooglePlay
LogPluginManager: Mounting plugin OnlineSubsystemIOS
LogPluginManager: Mounting plugin OnlineSubsystem
LogPluginManager: Mounting plugin OnlineSubsystemNull
LogPluginManager: Mounting plugin OnlineSubsystemUtils
LogPluginManager: Mounting plugin LauncherChunkInstaller
LogPluginManager: Mounting plugin AndroidDeviceProfileSelector
LogPluginManager: Mounting plugin AndroidMoviePlayer
LogPluginManager: Mounting plugin AndroidPermission
LogPluginManager: Mounting plugin AppleMoviePlayer
LogPluginManager: Mounting plugin ArchVisCharacter
LogPluginManager: Mounting plugin AudioCapture
LogPluginManager: Mounting plugin CableComponent
LogPluginManager: Mounting plugin CustomMeshComponent
LogPluginManager: Mounting plugin EditableMesh
LogPluginManager: Mounting plugin ExampleDeviceProfileSelector
LogPluginManager: Mounting plugin GoogleCloudMessaging
LogPluginManager: Mounting plugin ImmediatePhysics
LogPluginManager: Mounting plugin IOSDeviceProfileSelector
LogPluginManager: Mounting plugin LinuxDeviceProfileSelector
LogPluginManager: Mounting plugin LocationServicesBPLibrary
LogPluginManager: Mounting plugin MobilePatchingUtils
LogPluginManager: Mounting plugin OculusVR
LogPluginManager: Plugin shader directory ../../../Engine/Plugins/Runtime/Oculus/OculusVR/Shaders found
LogPluginManager: Mapping shader source directory ../../../Engine/Plugins/Runtime/Oculus/OculusVR/Shaders to virtual directory /Plugin/OculusVR
LogPluginManager: Mounting plugin PhysXVehicles
LogPluginManager: Mounting plugin ProceduralMeshComponent
LogPluginManager: Mounting plugin RuntimePhysXCooking
LogPluginManager: Mounting plugin SteamVR
LogPluginManager: Mounting plugin WindowsMoviePlayer
LogStreaming: Display: Took  0.128s to configure plugins.
LogInit: Using libcurl 7.55.1-DEV
LogInit:  - built for x86_64-pc-win32
LogInit:  - supports SSL with OpenSSL/1.0.2h
LogInit:  - supports HTTP deflate (compression) using libz 1.2.8
LogInit:  - other features:
LogInit:      CURL_VERSION_SSL
LogInit:      CURL_VERSION_LIBZ
LogInit:      CURL_VERSION_IPV6
LogInit:      CURL_VERSION_ASYNCHDNS
LogInit:      CURL_VERSION_LARGEFILE
LogInit:      CURL_VERSION_IDN
LogInit:  CurlRequestOptions (configurable via config and command line):
LogInit:  - bVerifyPeer = false  - Libcurl will NOT verify peer certificate
LogInit:  - bUseHttpProxy = false  - Libcurl will NOT use HTTP proxy
LogInit:  - bDontReuseConnections = false  - Libcurl will reuse connections
LogInit:  - CertBundlePath = nullptr  - Libcurl will use whatever was configured at build time.
LogInit:  - MaxHostConnections = 16  - Libcurl will limit the number of connections to a host
LogInit:  - LocalHostAddr = Default
LogInit:  - BufferSize = 65536
LogInit: WinSock: version 1.1 (2.2), MaxSocks=32767, MaxUdp=65467
LogInit: Build: ++UE4+Release-4.20-CL-4369336
LogInit: Engine Version: 4.20.3-4369336+++UE4+Release-4.20
LogInit: Compatible Engine Version: 4.20.0-4212847+++UE4+Release-4.20
LogInit: Net CL: 4212847
LogInit: OS: Windows 10 (), CPU: Intel(R) Core(TM) i7-7700HQ CPU @ 2.80GHz, GPU: Intel(R) HD Graphics 630
LogInit: Compiled (64-bit): Sep 17 2018 12:26:19
LogInit: Compiled with Visual C++: 19.13.26129.00
LogInit: Build Configuration: Development
LogInit: Branch Name: ++UE4+Release-4.20
LogInit: Command Line: 
LogInit: Base Directory: C:/Program Files/Epic Games/UE_4.20/Engine/Binaries/Win64/
LogInit: Installed Engine Build: 1
LogDevObjectVersion: Number of dev versions registered: 20
LogDevObjectVersion:   Dev-Blueprints (B0D832E4-1F89-4F0D-ACCF-7EB736FD4AA2): 10
LogDevObjectVersion:   Dev-Build (E1C64328-A22C-4D53-A36C-8E866417BD8C): 0
LogDevObjectVersion:   Dev-Core (375EC13C-06E4-48FB-B500-84F0262A717E): 2
LogDevObjectVersion:   Dev-Editor (E4B068ED-F494-42E9-A231-DA0B2E46BB41): 24
LogDevObjectVersion:   Dev-Framework (CFFC743F-43B0-4480-9391-14DF171D2073): 34
LogDevObjectVersion:   Dev-Mobile (B02B49B5-BB20-44E9-A304-32B752E40360): 2
LogDevObjectVersion:   Dev-Networking (A4E4105C-59A1-49B5-A7C5-40C4547EDFEE): 0
LogDevObjectVersion:   Dev-Online (39C831C9-5AE6-47DC-9A44-9C173E1C8E7C): 0
LogDevObjectVersion:   Dev-Physics (78F01B33-EBEA-4F98-B9B4-84EACCB95AA2): 0
LogDevObjectVersion:   Dev-Platform (6631380F-2D4D-43E0-8009-CF276956A95A): 0
LogDevObjectVersion:   Dev-Rendering (12F88B9F-8875-4AFC-A67C-D90C383ABD29): 26
LogDevObjectVersion:   Dev-Sequencer (7B5AE74C-D270-4C10-A958-57980B212A5A): 9
LogDevObjectVersion:   Dev-VR (D7296918-1DD6-4BDD-9DE2-64A83CC13884): 2
LogDevObjectVersion:   Dev-LoadTimes (C2A15278-BFE7-4AFE-6C17-90FF531DF755): 1
LogDevObjectVersion:   Private-Geometry (6EACA3D4-40EC-4CC1-B786-8BED09428FC5): 3
LogDevObjectVersion:   Dev-AnimPhys (29E575DD-E0A3-4627-9D10-D276232CDCEA): 17
LogDevObjectVersion:   Dev-ReflectionCapture (6B266CEC-1EC7-4B8F-A30B-E4D90942FC07): 1
LogDevObjectVersion:   Dev-Automation (0DF73D61-A23F-47EA-B727-89E90C41499A): 1
LogDevObjectVersion:   FortniteMain (601D1886-AC64-4F84-AA16-D3DE0DEAC7D6): 12
LogDevObjectVersion:   Dev-Enterprise (9DFFBCD6-494F-0158-E221-12823C92A888): 1
LogStreaming: Display: Took  0.005s to delete old logs.
LogInit: Presizing for max 8388607 objects, including 0 objects not considered by GC, pre-allocating 0 bytes for permanent pool.
LogInit: Object subsystem initialized
[2019.01.24-02.49.23:362][  0]LogInit: Selected Device Profile: [Windows]
[2019.01.24-02.49.23:362][  0]LogInit: Applying CVar settings loaded from the selected device profile: [Windows]
[2019.01.24-02.49.23:372][  0]LogHAL: Display: Platform has ~ 16 GB [17031376896 / 17179869184 / 16], which maps to Larger [LargestMinGB=32, LargerMinGB=12, DefaultMinGB=8, SmallerMinGB=6, SmallestMinGB=0)
[2019.01.24-02.49.23:373][  0]LogInit: Setting Device Profile CVar: [[r.Vulkan.UseRealUBs:1]]
[2019.01.24-02.49.23:373][  0]LogInit: Going up to parent DeviceProfile []
[2019.01.24-02.49.23:373][  0]LogInit: Computer: DESKTOP-U9SJI3O
[2019.01.24-02.49.23:373][  0]LogInit: User: JacksonHutson
[2019.01.24-02.49.23:373][  0]LogInit: CPU Page size=4096, Cores=4
[2019.01.24-02.49.23:373][  0]LogInit: High frequency timer resolution =2.742189 MHz
[2019.01.24-02.49.23:373][  0]LogMemory: Memory total: Physical=15.9GB (16GB approx)
[2019.01.24-02.49.23:373][  0]LogMemory: Platform Memory Stats for Windows
[2019.01.24-02.49.23:373][  0]LogMemory: Process Physical Memory: 100.04 MB used, 100.04 MB peak
[2019.01.24-02.49.23:373][  0]LogMemory: Process Virtual Memory: 90.95 MB used, 90.95 MB peak
[2019.01.24-02.49.23:373][  0]LogMemory: Physical Memory: 5746.85 MB used,  10495.54 MB free, 16242.39 MB total
[2019.01.24-02.49.23:373][  0]LogMemory: Virtual Memory: 4645.25 MB used,  10495.54 MB free, 134217728.00 MB total
[2019.01.24-02.49.23:416][  0]LogInit: Using OS detected language (en-US).
[2019.01.24-02.49.23:416][  0]LogInit: Using OS detected locale (en-US).
[2019.01.24-02.49.23:417][  0]LogTextLocalizationManager: No specific localization for 'en-US' exists, so the 'en' localization will be used.
[2019.01.24-02.49.23:847][  0]LogStreaming: Display: Took  0.431s to InitEngineTextLocalization.
[2019.01.24-02.49.23:847][  0]LogInit: Setting process to per monitor DPI aware
[2019.01.24-02.49.23:895][  0]LogSlate: New Slate User Created.  User Index 0, Is Virtual User: 0
[2019.01.24-02.49.23:895][  0]LogSlate: Slate User Registered.  User Index 0, Is Virtual User: 0
[2019.01.24-02.49.24:139][  0]LogHMD: Failed to initialize OpenVR with code 110
[2019.01.24-02.49.24:139][  0]LogD3D11RHI: D3D11 adapters:
[2019.01.24-02.49.24:235][  0]LogD3D11RHI:    0. 'NVIDIA GeForce GTX 1050' (Feature Level 11_0)
[2019.01.24-02.49.24:235][  0]LogD3D11RHI:       1979/0/8121 MB DedicatedVideo/DedicatedSystem/SharedSystem, Outputs:1, VendorId:0x10de
[2019.01.24-02.49.24:252][  0]LogD3D11RHI:    1. 'Intel(R) HD Graphics 630' (Feature Level 11_0)
[2019.01.24-02.49.24:252][  0]LogD3D11RHI:       128/0/8121 MB DedicatedVideo/DedicatedSystem/SharedSystem, Outputs:0, VendorId:0x8086
[2019.01.24-02.49.24:255][  0]LogD3D11RHI:    2. 'Microsoft Basic Render Driver' (Feature Level 11_0)
[2019.01.24-02.49.24:255][  0]LogD3D11RHI:       0/0/8121 MB DedicatedVideo/DedicatedSystem/SharedSystem, Outputs:0, VendorId:0x1414
[2019.01.24-02.49.24:255][  0]LogD3D11RHI: Chosen D3D11 Adapter: 0
[2019.01.24-02.49.24:288][  0]LogD3D11RHI: Creating new Direct3DDevice
[2019.01.24-02.49.24:288][  0]LogD3D11RHI:     GPU DeviceId: 0x1c8d (for the marketing name, search the web for "GPU Device Id")
[2019.01.24-02.49.24:288][  0]LogWindows: EnumDisplayDevices:
[2019.01.24-02.49.24:288][  0]LogWindows:    0. 'Intel(R) HD Graphics 630' (P:1 D:1)
[2019.01.24-02.49.24:288][  0]LogWindows:    1. 'Intel(R) HD Graphics 630' (P:0 D:0)
[2019.01.24-02.49.24:289][  0]LogWindows:    2. 'Intel(R) HD Graphics 630' (P:0 D:0)
[2019.01.24-02.49.24:289][  0]LogWindows: DebugString: PrimaryIsNotTheChoosenAdapter PrimaryIsNotTheChoosenAdapter PrimaryIsNotTheChoosenAdapter FoundDriverCount:0 
[2019.01.24-02.49.24:289][  0]LogD3D11RHI:     Adapter Name: NVIDIA GeForce GTX 1050
[2019.01.24-02.49.24:289][  0]LogD3D11RHI:   Driver Version: Unknown (internal:Unknown, unified:Unknown)
[2019.01.24-02.49.24:289][  0]LogD3D11RHI:      Driver Date: Unknown
[2019.01.24-02.49.24:289][  0]LogRHI: Texture pool is 1385 MB (70% of 1979 MB)
[2019.01.24-02.49.24:339][  0]LogD3D11RHI: Async texture creation enabled
[2019.01.24-02.49.24:358][  0]LogD3D11RHI: GPU Timing Frequency: 1000.000000 (Debug: 2 2)
[2019.01.24-02.49.24:359][  0]LogShaderCompilers: Guid format shader working directory is -42 characters bigger than the processId version (../../../../../../Users/Jackson Hutson/Documents/GitHub/JDH_whiteboxcitylevel/JH_ICWhiteBox001_AP/Intermediate/Shaders/WorkingDirectory/2600/).
[2019.01.24-02.49.24:360][  0]LogShaderCompilers: Cleaned the shader compiler working directory 'C:/Users/Jackson Hutson/AppData/Local/Temp/UnrealShaderWorkingDir/32D4D6BC4F5E7EDC3D28B3A88E9333CD/'.
[2019.01.24-02.49.24:700][  0]LogTemp: Display: Loaded TP AllDesktopTargetPlatform
[2019.01.24-02.49.24:717][  0]LogTemp: Display: Loaded TP MacClientTargetPlatform
[2019.01.24-02.49.24:734][  0]LogTemp: Display: Loaded TP MacNoEditorTargetPlatform
[2019.01.24-02.49.24:751][  0]LogTemp: Display: Loaded TP MacServerTargetPlatform
[2019.01.24-02.49.24:769][  0]LogTemp: Display: Loaded TP MacTargetPlatform
[2019.01.24-02.49.24:786][  0]LogTemp: Display: Loaded TP WindowsClientTargetPlatform
[2019.01.24-02.49.24:802][  0]LogTemp: Display: Loaded TP WindowsNoEditorTargetPlatform
[2019.01.24-02.49.24:819][  0]LogTemp: Display: Loaded TP WindowsServerTargetPlatform
[2019.01.24-02.49.24:828][  0]LogTemp: Display: Loaded TP WindowsTargetPlatform
[2019.01.24-02.49.24:923][  0]LogTemp: Display: Loaded TP AndroidTargetPlatform
[2019.01.24-02.49.24:923][  0]LogTemp: Display: Loaded TP AndroidTargetPlatform
[2019.01.24-02.49.24:923][  0]LogTemp: Display: Loaded TP AndroidTargetPlatform
[2019.01.24-02.49.24:923][  0]LogTemp: Display: Loaded TP AndroidTargetPlatform
[2019.01.24-02.49.24:923][  0]LogTemp: Display: Loaded TP AndroidTargetPlatform
[2019.01.24-02.49.24:923][  0]LogTemp: Display: Loaded TP AndroidTargetPlatform
[2019.01.24-02.49.24:923][  0]LogTemp: Display: Loaded TP AndroidTargetPlatform
[2019.01.24-02.49.24:923][  0]LogTemp: Display: Loaded TP AndroidTargetPlatform
[2019.01.24-02.49.24:923][  0]LogTemp: Display: Loaded TP AndroidTargetPlatform
[2019.01.24-02.49.24:923][  0]LogTemp: Display: Loaded TP AndroidTargetPlatform
[2019.01.24-02.49.24:923][  0]LogTemp: Display: Loaded TP AndroidTargetPlatform
[2019.01.24-02.49.24:923][  0]LogTemp: Display: Loaded TP AndroidTargetPlatform
[2019.01.24-02.49.24:923][  0]LogTemp: Display: Loaded TP AndroidTargetPlatform
[2019.01.24-02.49.24:923][  0]LogTemp: Display: Loaded TP AndroidTargetPlatform
[2019.01.24-02.49.24:923][  0]LogTemp: Display: Loaded TP AndroidTargetPlatform
[2019.01.24-02.49.24:923][  0]LogTemp: Display: Loaded TP AndroidTargetPlatform
[2019.01.24-02.49.24:923][  0]LogTemp: Display: Loaded TP AndroidTargetPlatform
[2019.01.24-02.49.24:923][  0]LogTemp: Display: Loaded TP AndroidTargetPlatform
[2019.01.24-02.49.24:926][  0]LogTemp: Display: Loaded TP HTML5TargetPlatform
[2019.01.24-02.49.24:995][  0]LogTemp: Display: Loaded TP IOSTargetPlatform
[2019.01.24-02.49.24:995][  0]LogTemp: Display: Loaded TP IOSTargetPlatform
[2019.01.24-02.49.25:024][  0]LogTemp: Display: Loaded TP TVOSTargetPlatform
[2019.01.24-02.49.25:024][  0]LogTemp: Display: Loaded TP TVOSTargetPlatform
[2019.01.24-02.49.25:040][  0]LogTemp: Display: Loaded TP LinuxClientTargetPlatform
[2019.01.24-02.49.25:056][  0]LogTemp: Display: Loaded TP LinuxNoEditorTargetPlatform
[2019.01.24-02.49.25:071][  0]LogTemp: Display: Loaded TP LinuxServerTargetPlatform
[2019.01.24-02.49.25:088][  0]LogTemp: Display: Loaded TP LinuxTargetPlatform
[2019.01.24-02.49.25:100][  0]LogTemp: Display: Loaded TP LuminTargetPlatform
[2019.01.24-02.49.25:101][  0]LogTargetPlatformManager: Display: Building Assets For Windows
[2019.01.24-02.49.25:202][  0]LogXGEController: Cannot use XGE Controller as Incredibuild is not installed on this machine.
[2019.01.24-02.49.25:202][  0]LogShaderCompilers: Cannot use XGE Shader Compiler as Incredibuild is not installed on this machine.
[2019.01.24-02.49.25:202][  0]LogShaderCompilers: Display: Using Local Shader Compiler.
[2019.01.24-02.49.26:063][  0]LogDerivedDataCache: Display: Max Cache Size: 512 MB
[2019.01.24-02.49.26:127][  0]LogDerivedDataCache: Loaded boot cache 0.06s 71MB C:/Users/Jackson Hutson/AppData/Local/UnrealEngine/4.20/DerivedDataCache/Boot.ddc.
[2019.01.24-02.49.26:128][  0]LogDerivedDataCache: Display: Loaded Boot cache: C:/Users/Jackson Hutson/AppData/Local/UnrealEngine/4.20/DerivedDataCache/Boot.ddc
[2019.01.24-02.49.26:128][  0]LogDerivedDataCache: FDerivedDataBackendGraph:  Pak pak cache file ../../../../../../Users/Jackson Hutson/Documents/GitHub/JDH_whiteboxcitylevel/JH_ICWhiteBox001_AP/DerivedDataCache/DDC.ddp not found, will not use a pak cache.
[2019.01.24-02.49.26:128][  0]LogDerivedDataCache: Unable to find inner node Pak for hierarchical cache Hierarchy.
[2019.01.24-02.49.26:128][  0]LogDerivedDataCache: FDerivedDataBackendGraph:  CompressedPak pak cache file ../../../../../../Users/Jackson Hutson/Documents/GitHub/JDH_whiteboxcitylevel/JH_ICWhiteBox001_AP/DerivedDataCache/Compressed.ddp not found, will not use a pak cache.
[2019.01.24-02.49.26:128][  0]LogDerivedDataCache: Unable to find inner node CompressedPak for hierarchical cache Hierarchy.
[2019.01.24-02.49.26:143][  0]LogDerivedDataCache: Display: Pak cache opened for reading ../../../Engine/DerivedDataCache/Compressed.ddp.
[2019.01.24-02.49.26:156][  0]LogDerivedDataCache: Using Local data cache path C:/Users/Jackson Hutson/AppData/Local/UnrealEngine/Common/DerivedDataCache: Writable
[2019.01.24-02.49.26:156][  0]LogDerivedDataCache: Shared data cache path not found in *engine.ini, will not use an Shared cache.
[2019.01.24-02.49.26:156][  0]LogDerivedDataCache: Unable to find inner node Shared for hierarchical cache Hierarchy.
[2019.01.24-02.49.26:177][  0]LogMaterial: Verifying Global Shaders for PCD3D_SM5
[2019.01.24-02.49.26:179][  0]LogSlate: Using FreeType 2.6.0
[2019.01.24-02.49.26:180][  0]LogSlate: SlateFontServices - WITH_FREETYPE: 1, WITH_HARFBUZZ: 1
[2019.01.24-02.49.26:262][  0]LogAssetRegistry: FAssetRegistry took 0.0276 seconds to start up
[2019.01.24-02.49.26:653][  0]LogInit: Selected Device Profile: [Windows]
[2019.01.24-02.49.26:828][  0]LogSimplygon: Simplygon DLL not present - disabling.
[2019.01.24-02.49.26:836][  0]LogMeshReduction: Using SimplygonSwarm for distributed automatic mesh merging
[2019.01.24-02.49.26:836][  0]LogMeshReduction: Using ProxyLODMeshReduction for automatic mesh merging
[2019.01.24-02.49.26:836][  0]LogMeshReduction: Using QuadricMeshReduction for automatic static mesh reduction
[2019.01.24-02.49.26:836][  0]LogMeshReduction: No automatic skeletal mesh reduction module available
[2019.01.24-02.49.26:854][  0]LogNetVersion: JH_ICWhiteBox001_AP 1.0.0, NetCL: 4212847, EngineNetVer: 5, GameNetVer: 0 (Checksum: 2852069992)
[2019.01.24-02.49.27:406][  0]LogPackageLocalizationCache: Processed 11 localized package path(s) for 2 prioritized culture(s) in 0.105838 seconds
[2019.01.24-02.49.27:413][  0]LogUObjectArray: 38425 objects as part of root set at end of initial load.
[2019.01.24-02.49.27:413][  0]LogUObjectAllocator: 6690872 out of 0 bytes used by permanent object pool.
[2019.01.24-02.49.27:413][  0]LogUObjectArray: CloseDisregardForGC: 0/0 objects in disregard for GC pool
[2019.01.24-02.49.28:421][  0]LogTcpMessaging: Initializing TcpMessaging bridge
[2019.01.24-02.49.28:437][  0]LogUdpMessaging: Initializing bridge on interface 0.0.0.0:0 to multicast group 230.0.0.1:6666.
[2019.01.24-02.49.28:611][  0]SourceControl: Source control is disabled
[2019.01.24-02.49.28:611][  0]SourceControl: Source control is disabled
[2019.01.24-02.49.28:614][  0]SourceControl: Source control is disabled
[2019.01.24-02.49.28:617][  0]SourceControl: Source control is disabled
[2019.01.24-02.49.28:835][  0]LogAndroidPermission: UAndroidPermissionCallbackProxy::GetInstance
[2019.01.24-02.49.28:933][  0]LogOcInput: OculusInput pre-init called
[2019.01.24-02.49.29:006][  0]LogEngine: Initializing Engine...
[2019.01.24-02.49.29:007][  0]LogHMD: Failed to initialize OpenVR with code 110
[2019.01.24-02.49.29:008][  0]LogStats: UGameplayTagsManager::ConstructGameplayTagTree: ImportINI prefixes -  0.000 s
[2019.01.24-02.49.29:008][  0]LogStats: UGameplayTagsManager::ConstructGameplayTagTree: Construct from data asset -  0.000 s
[2019.01.24-02.49.29:008][  0]LogStats: UGameplayTagsManager::ConstructGameplayTagTree: ImportINI -  0.000 s
[2019.01.24-02.49.29:008][  0]LogStats: UGameplayTagsManager::ConstructGameplayTagTree: GameplayTagTreeChangedEvent.Broadcast -  0.000 s
[2019.01.24-02.49.29:258][  0]LogInit: Initializing FReadOnlyCVARCache
[2019.01.24-02.49.29:272][  0]LogAIModule: Creating AISystem for world Untitled
[2019.01.24-02.49.29:287][  0]LogInit: XAudio2 using 'Speakers (Realtek High Definition Audio)' : 2 channels at 48 kHz using 32 bits per sample (channel mask 0x3)
[2019.01.24-02.49.29:344][  0]LogInit: FAudioDevice initialized.
[2019.01.24-02.49.29:345][  0]LogNetVersion: Set ProjectVersion to 1.0.0.0. Version Checksum will be recalculated on next use.
[2019.01.24-02.49.29:395][  0]LogDerivedDataCache: Saved boot cache 0.05s 71MB C:/Users/Jackson Hutson/AppData/Local/UnrealEngine/4.20/DerivedDataCache/Boot.ddc.
[2019.01.24-02.49.29:410][  0]LogInit: Texture streaming: Enabled
[2019.01.24-02.49.29:435][  0]LogEngineSessionManager: EngineSessionManager initialized
[2019.01.24-02.49.29:450][  0]LogInit: Transaction tracking system initialized
[2019.01.24-02.49.29:485][  0]BlueprintLog: New page: Editor Load
[2019.01.24-02.49.29:599][  0]LocalizationService: Localization service is disabled
[2019.01.24-02.49.29:913][  0]LogCook: Display: Max memory allowance for cook 16384mb min free memory 0mb
[2019.01.24-02.49.29:913][  0]LogCook: Display: Mobile HDR setting 1
[2019.01.24-02.49.29:913][  0]LogGameplayTags: Display: UGameplayTagsManager::DoneAddingNativeTags. DelegateIsBound: 0
[2019.01.24-02.49.29:913][  0]LogStats: UGameplayTagsManager::ConstructGameplayTagTree: ImportINI prefixes -  0.000 s
[2019.01.24-02.49.29:913][  0]LogStats: UGameplayTagsManager::ConstructGameplayTagTree: Construct from data asset -  0.000 s
[2019.01.24-02.49.29:913][  0]LogStats: UGameplayTagsManager::ConstructGameplayTagTree: ImportINI -  0.000 s
[2019.01.24-02.49.29:913][  0]LogStats: UGameplayTagsManager::ConstructGameplayTagTree: GameplayTagTreeChangedEvent.Broadcast -  0.000 s
[2019.01.24-02.49.30:087][  0]LogFileCache: Scanning file cache for directory 'C:/Users/Jackson Hutson/Documents/GitHub/JDH_whiteboxcitylevel/JH_ICWhiteBox001_AP/Content/' took 0.01s
[2019.01.24-02.49.30:087][  0]SourceControl: Source control is disabled
[2019.01.24-02.49.30:088][  0]Cmd: MAP LOAD FILE="../../../Engine/Content/Maps/Templates/Template_Default.umap" TEMPLATE=1 SHOWPROGRESS=1 FEATURELEVEL=3
[2019.01.24-02.49.30:088][  0]LightingResults: New page: Lighting Build
[2019.01.24-02.49.30:091][  0]MapCheck: New page: Map Check
[2019.01.24-02.49.30:091][  0]LightingResults: New page: Lighting Build
[2019.01.24-02.49.30:322][  0]LogAIModule: Creating AISystem for world Untitled_1
[2019.01.24-02.49.30:330][  0]LogEditorServer: Finished looking for orphan Actors (0.000 secs)
[2019.01.24-02.49.30:356][  0]Cmd: MAP CHECKDEP NOCLEARLOG
[2019.01.24-02.49.30:431][  0]MapCheck: Map check complete: 0 Error(s), 0 Warning(s), took 74.705ms to complete.
[2019.01.24-02.49.30:431][  0]LogFileHelpers: Loading map 'Template_Default' took 0.344
[2019.01.24-02.49.30:561][  0]LogSlate: Updating window title bar state: overlay mode, drag disabled, window buttons hidden, title bar hidden
[2019.01.24-02.49.30:575][  0]LogSlate: Updating window title bar state: overlay mode, drag disabled, window buttons hidden, title bar hidden
[2019.01.24-02.49.30:589][  0]LogSlate: Updating window title bar state: overlay mode, drag disabled, window buttons hidden, title bar hidden
[2019.01.24-02.49.30:603][  0]LogSlate: Updating window title bar state: overlay mode, drag disabled, window buttons hidden, title bar hidden
[2019.01.24-02.49.30:615][  0]LogCollectionManager: Loaded 0 collections in 0.002595 seconds
[2019.01.24-02.49.30:661][  0]LogFileCache: Scanning file cache for directory 'C:/Users/Jackson Hutson/Documents/GitHub/JDH_whiteboxcitylevel/JH_ICWhiteBox001_AP/Saved/Collections/' took 0.01s
[2019.01.24-02.49.30:661][  0]LogFileCache: Scanning file cache for directory 'C:/Users/Jackson Hutson/Documents/GitHub/JDH_whiteboxcitylevel/JH_ICWhiteBox001_AP/Content/Developers/JacksonHutson/Collections/' took 0.01s
[2019.01.24-02.49.30:661][  0]LogFileCache: Scanning file cache for directory 'C:/Users/Jackson Hutson/Documents/GitHub/JDH_whiteboxcitylevel/JH_ICWhiteBox001_AP/Content/Collections/' took 0.01s
[2019.01.24-02.49.30:661][  0]LogCollectionManager: Rebuilt the GUID cache for 0 collections in 0.000003 seconds
[2019.01.24-02.49.30:673][  0]LogContentBrowser: Native class hierarchy populated in 0.0117 seconds. Added 2572 classes and 603 folders.
[2019.01.24-02.49.30:681][  0]LogContentBrowser: Native class hierarchy updated for 'WidgetCarousel' in 0.0003 seconds. Added 0 classes and 0 folders.
[2019.01.24-02.49.30:735][  0]LogContentBrowser: Native class hierarchy updated for 'AddContentDialog' in 0.0004 seconds. Added 0 classes and 0 folders.
[2019.01.24-02.49.30:742][  0]LogContentBrowser: Native class hierarchy updated for 'SceneOutliner' in 0.0003 seconds. Added 1 classes and 2 folders.
[2019.01.24-02.49.30:760][  0]LogSlate: Took 0.000249 seconds to synchronously load lazily loaded font '../../../Engine/Content/Slate/Fonts/Roboto-Regular.ttf' (155K)
[2019.01.24-02.49.30:763][  0]LogSlate: Took 0.000218 seconds to synchronously load lazily loaded font '../../../Engine/Content/Slate/Fonts/Roboto-Bold.ttf' (160K)
[2019.01.24-02.49.30:773][  0]LogSlate: Took 0.000377 seconds to synchronously load lazily loaded font '../../../Engine/Content/Editor/Slate/Fonts/FontAwesome.ttf' (139K)
[2019.01.24-02.49.30:887][  0]LogRenderer: Reallocating scene render targets to support 964x460 Format 10 NumSamples 1 (Frame:1).
[2019.01.24-02.49.31:097][  0]LogContentBrowser: Native class hierarchy updated for 'HierarchicalLODOutliner' in 0.0003 seconds. Added 0 classes and 0 folders.
[2019.01.24-02.49.31:097][  0]LogLoad: (Engine Initialization) Total time: 9.59 seconds
[2019.01.24-02.49.31:097][  0]LogLoad: (Engine Initialization) Total Blueprint compile time: 0.00 seconds
[2019.01.24-02.49.31:116][  0]LogWindowsTextInputMethodSystem: Display: IME system now deactivated.
[2019.01.24-02.49.31:137][  0]LogContentStreaming: Texture pool size now 1000 MB
[2019.01.24-02.49.31:186][  1]LogAssetRegistry: Asset discovery search completed in 4.9468 seconds
[2019.01.24-02.49.31:188][  1]LogCollectionManager: Rebuilt the object cache for 0 collections in 0.000000 seconds (found 0 objects)
[2019.01.24-02.49.31:188][  1]LogCollectionManager: Fixed up redirectors for 0 collections in 0.000058 seconds (updated 0 objects)
[2019.01.24-02.49.34:645][194]LogSlate: FSceneViewport::OnFocusLost() reason 0
[2019.01.24-02.49.35:819][261]LogSlate: Took 0.000315 seconds to synchronously load lazily loaded font '../../../Engine/Content/Slate/Fonts/Roboto-Light.ttf' (167K)
[2019.01.24-02.49.36:289][261]LogAIModule: Creating AISystem for world JH_StreetLevel
[2019.01.24-02.49.36:388][261]LogAssetEditorManager: Opening Asset editor for World /Game/JH_StreetLevel.JH_StreetLevel
[2019.01.24-02.49.36:420][261]Cmd: MAP LOAD FILE="../../../../../../Users/Jackson Hutson/Documents/GitHub/JDH_whiteboxcitylevel/JH_ICWhiteBox001_AP/Content/JH_StreetLevel.umap" TEMPLATE=0 SHOWPROGRESS=1 FEATURELEVEL=3
[2019.01.24-02.49.36:420][261]LightingResults: New page: Lighting Build
[2019.01.24-02.49.36:421][261]LoadErrors: New page: Loading map: JH_StreetLevel.umap
[2019.01.24-02.49.36:421][261]MapCheck: New page: Map Check
[2019.01.24-02.49.36:421][261]LightingResults: New page: Lighting Build
[2019.01.24-02.49.36:480][261]LogEditorServer: Finished looking for orphan Actors (0.000 secs)
[2019.01.24-02.49.36:562][261]Cmd: MAP CHECKDEP NOCLEARLOG
[2019.01.24-02.49.36:639][261]MapCheck: Map check complete: 0 Error(s), 0 Warning(s), took 77.509ms to complete.
[2019.01.24-02.49.36:641][261]LogFileHelpers: Loading map 'JH_StreetLevel' took 0.222
[2019.01.24-02.49.50:778][749]LogSlate: FSceneViewport::OnFocusLost() reason 0
[2019.01.24-02.49.54:795][866]LogRenderer: Reallocating scene render targets to support 964x512 Format 10 NumSamples 1 (Frame:135).
[2019.01.24-02.50.16:563][220]LogSlate: Window 'Save Asset As' being destroyed
[2019.01.24-02.50.18:938][282]LogAssetEditorManager: Opening Asset editor for Material /Game/Materials/M_Wbox_arm.M_Wbox_arm
[2019.01.24-02.50.18:942][282]LogMaterial: Display: Missing cached shader map for material M_Wbox_arm, compiling. 
[2019.01.24-02.50.19:283][282]LogMaterial: Display: Missing cached shader map for material M_Wbox_arm, compiling. 
[2019.01.24-02.50.19:300][282]LogMaterial: Display: Missing cached shader map for material M_Wbox_arm, compiling. 
[2019.01.24-02.50.19:334][282]LogShaderCompilers: Display: Shaders left to compile 21
[2019.01.24-02.50.19:334][282]LogShaderCompilers: Display: Shaders left to compile 20
[2019.01.24-02.50.19:334][282]LogShaderCompilers: Display: Shaders left to compile 19
[2019.01.24-02.50.19:334][282]LogShaderCompilers: Display: Shaders left to compile 18
[2019.01.24-02.50.19:456][282]LogSlate: Took 0.000197 seconds to synchronously load lazily loaded font '../../../Engine/Content/Slate/Fonts/Roboto-BoldCondensed.ttf' (158K)
[2019.01.24-02.50.20:094][292]LogShaderCompilers: Display: Shaders left to compile 17
[2019.01.24-02.50.20:143][293]LogShaderCompilers: Display: Shaders left to compile 16
[2019.01.24-02.50.20:153][293]LogShaderCompilers: Display: Shaders left to compile 15
[2019.01.24-02.50.20:153][293]LogShaderCompilers: Display: Shaders left to compile 14
[2019.01.24-02.50.20:362][297]LogShaderCompilers: Display: Shaders left to compile 13
[2019.01.24-02.50.20:366][297]LogShaderCompilers: Display: Shaders left to compile 12
[2019.01.24-02.50.20:410][297]LogShaderCompilers: Display: Shaders left to compile 11
[2019.01.24-02.50.20:410][297]LogShaderCompilers: Display: Shaders left to compile 10
[2019.01.24-02.50.20:607][301]LogShaderCompilers: Display: Shaders left to compile 9
[2019.01.24-02.50.20:752][303]LogShaderCompilers: Display: Shaders left to compile 8
[2019.01.24-02.50.21:006][307]LogShaderCompilers: Display: Shaders left to compile 7
[2019.01.24-02.50.21:010][307]LogShaderCompilers: Display: Shaders left to compile 6
[2019.01.24-02.50.21:190][310]LogShaderCompilers: Display: Shaders left to compile 5
[2019.01.24-02.50.21:325][312]LogShaderCompilers: Display: Shaders left to compile 4
[2019.01.24-02.50.21:344][312]LogShaderCompilers: Display: Shaders left to compile 3
[2019.01.24-02.50.21:608][316]LogShaderCompilers: Display: Shaders left to compile 2
[2019.01.24-02.50.21:668][317]LogShaderCompilers: Display: Shaders left to compile 1
[2019.01.24-02.50.22:145][326]MaterialEditorStats: Base pass shader: 99 instructions
[2019.01.24-02.50.22:145][326]MaterialEditorStats: Base pass shader with Volumetric Lightmap: 172 instructions
[2019.01.24-02.50.22:145][326]MaterialEditorStats: Base pass vertex shader: 32 instructions
[2019.01.24-02.50.22:145][326]MaterialEditorStats: Texture samplers: 3/16
[2019.01.24-02.50.27:371][525]LogMaterial: Display: Missing cached shader map for material M_Wbox_arm, compiling. 
[2019.01.24-02.50.27:390][525]LogMaterial: Display: Missing cached shader map for material FMatExpressionPreview MaterialExpressionVectorParameter_0, compiling. 
[2019.01.24-02.50.27:452][526]LogShaderCompilers: Display: Shaders left to compile 21
[2019.01.24-02.50.27:452][526]LogShaderCompilers: Display: Shaders left to compile 20
[2019.01.24-02.50.27:452][526]LogShaderCompilers: Display: Shaders left to compile 19
[2019.01.24-02.50.27:452][526]LogShaderCompilers: Display: Shaders left to compile 18
[2019.01.24-02.50.27:463][526]LogSlate: Took 0.000258 seconds to synchronously load lazily loaded font '../../../Engine/Content/Slate/Fonts/Roboto-Italic.ttf' (157K)
[2019.01.24-02.50.27:699][531]LogShaderCompilers: Display: Shaders left to compile 19
[2019.01.24-02.50.27:753][532]LogShaderCompilers: Display: Shaders left to compile 18
[2019.01.24-02.50.27:760][532]LogShaderCompilers: Display: Shaders left to compile 17
[2019.01.24-02.50.27:770][532]LogShaderCompilers: Display: Shaders left to compile 16
[2019.01.24-02.50.27:977][536]LogShaderCompilers: Display: Shaders left to compile 15
[2019.01.24-02.50.27:979][536]LogShaderCompilers: Display: Shaders left to compile 14
[2019.01.24-02.50.28:042][537]LogShaderCompilers: Display: Shaders left to compile 13
[2019.01.24-02.50.28:042][537]LogShaderCompilers: Display: Shaders left to compile 12
[2019.01.24-02.50.28:216][539]LogShaderCompilers: Display: Shaders left to compile 11
[2019.01.24-02.50.28:369][541]LogShaderCompilers: Display: Shaders left to compile 10
[2019.01.24-02.50.28:576][544]LogShaderCompilers: Display: Shaders left to compile 9
[2019.01.24-02.50.28:701][546]LogShaderCompilers: Display: Shaders left to compile 8
[2019.01.24-02.50.28:815][548]LogShaderCompilers: Display: Shaders left to compile 7
[2019.01.24-02.50.28:944][548]LogShaderCompilers: Display: Shaders left to compile 6
[2019.01.24-02.50.29:043][552]LogShaderCompilers: Display: Shaders left to compile 5
[2019.01.24-02.50.29:595][569]LogShaderCompilers: Display: Shaders left to compile 4
[2019.01.24-02.50.29:821][576]LogShaderCompilers: Display: Shaders left to compile 3
[2019.01.24-02.50.30:111][586]LogShaderCompilers: Display: Shaders left to compile 2
[2019.01.24-02.50.30:111][586]LogShaderCompilers: Display: Shaders left to compile 1
[2019.01.24-02.50.30:247][591]LogMaterial: Display: Missing cached shader map for material M_Wbox_arm, compiling. 
[2019.01.24-02.50.30:291][591]LogMaterial: Display: Missing cached shader map for material FMatExpressionPreview MaterialExpressionVectorParameter_0, compiling. 
[2019.01.24-02.50.30:338][592]LogShaderCompilers: Display: Shaders left to compile 23
[2019.01.24-02.50.30:440][594]LogShaderCompilers: Display: Shaders left to compile 22
[2019.01.24-02.50.30:491][595]LogShaderCompilers: Display: Shaders left to compile 21
[2019.01.24-02.50.30:616][597]LogShaderCompilers: Display: Shaders left to compile 20
[2019.01.24-02.50.30:689][598]LogShaderCompilers: Display: Shaders left to compile 19
[2019.01.24-02.50.30:792][600]LogShaderCompilers: Display: Shaders left to compile 18
[2019.01.24-02.50.30:827][600]LogShaderCompilers: Display: Shaders left to compile 17
[2019.01.24-02.50.30:882][601]LogShaderCompilers: Display: Shaders left to compile 16
[2019.01.24-02.50.30:951][602]LogShaderCompilers: Display: Shaders left to compile 15
[2019.01.24-02.50.31:016][602]LogShaderCompilers: Display: Shaders left to compile 14
[2019.01.24-02.50.31:074][602]LogShaderCompilers: Display: Shaders left to compile 13
[2019.01.24-02.50.31:080][602]LogShaderCompilers: Display: Shaders left to compile 12
[2019.01.24-02.50.31:196][606]LogShaderCompilers: Display: Shaders left to compile 11
[2019.01.24-02.50.31:461][610]LogShaderCompilers: Display: Shaders left to compile 10
[2019.01.24-02.50.31:663][611]LogShaderCompilers: Display: Shaders left to compile 9
[2019.01.24-02.50.31:772][614]LogShaderCompilers: Display: Shaders left to compile 8
[2019.01.24-02.50.31:863][615]LogShaderCompilers: Display: Shaders left to compile 7
[2019.01.24-02.50.32:031][617]LogShaderCompilers: Display: Shaders left to compile 6
[2019.01.24-02.50.32:134][618]LogShaderCompilers: Display: Shaders left to compile 5
[2019.01.24-02.50.32:362][621]LogMaterialEditor: Applying material M_Wbox_arm
[2019.01.24-02.50.33:153][621]LogShaderCompilers: Display: Shaders left to compile 4
[2019.01.24-02.50.33:153][621]LogShaderCompilers: Display: Shaders left to compile 3
[2019.01.24-02.50.33:153][621]LogShaderCompilers: Display: Shaders left to compile 2
[2019.01.24-02.50.33:153][621]LogShaderCompilers: Display: Shaders left to compile 1
[2019.01.24-02.50.33:171][621]LogMaterial: Display: Missing cached shader map for material M_Wbox_arm, compiling. 
[2019.01.24-02.50.33:225][621]LogShaderCompilers: Display: Shaders left to compile 21
[2019.01.24-02.50.33:225][621]LogShaderCompilers: Display: Shaders left to compile 20
[2019.01.24-02.50.33:225][621]LogShaderCompilers: Display: Shaders left to compile 19
[2019.01.24-02.50.33:225][621]LogShaderCompilers: Display: Shaders left to compile 18
[2019.01.24-02.50.33:265][621]LogMaterial: Display: Missing cached shader map for material M_Wbox_arm, compiling. 
[2019.01.24-02.50.33:302][621]LogMaterial: Display: Missing cached shader map for material M_Wbox_arm, compiling. 
[2019.01.24-02.50.33:457][621]LogMaterial: Display: Missing cached shader map for material FDebugViewModeMaterialProxy M_Wbox_arm, compiling. 
[2019.01.24-02.50.34:852][621]LogShaderCompilers: Display: Shaders left to compile 40
[2019.01.24-02.50.34:852][621]LogShaderCompilers: Display: Shaders left to compile 39
[2019.01.24-02.50.34:852][621]LogShaderCompilers: Display: Shaders left to compile 38
[2019.01.24-02.50.34:852][621]LogShaderCompilers: Display: Shaders left to compile 37
[2019.01.24-02.50.34:852][621]LogShaderCompilers: Display: Shaders left to compile 36
[2019.01.24-02.50.34:852][621]LogShaderCompilers: Display: Shaders left to compile 35
[2019.01.24-02.50.34:852][621]LogShaderCompilers: Display: Shaders left to compile 34
[2019.01.24-02.50.34:852][621]LogShaderCompilers: Display: Shaders left to compile 33
[2019.01.24-02.50.34:852][621]LogShaderCompilers: Display: Shaders left to compile 32
[2019.01.24-02.50.34:852][621]LogShaderCompilers: Display: Shaders left to compile 31
[2019.01.24-02.50.34:852][621]LogShaderCompilers: Display: Shaders left to compile 30
[2019.01.24-02.50.34:852][621]LogShaderCompilers: Display: Shaders left to compile 29
[2019.01.24-02.50.34:852][621]LogShaderCompilers: Display: Shaders left to compile 28
[2019.01.24-02.50.34:852][621]LogShaderCompilers: Display: Shaders left to compile 27
[2019.01.24-02.50.34:852][621]LogShaderCompilers: Display: Shaders left to compile 26
[2019.01.24-02.50.34:852][621]LogShaderCompilers: Display: Shaders left to compile 25
[2019.01.24-02.50.34:852][621]LogShaderCompilers: Display: Shaders left to compile 24
[2019.01.24-02.50.34:852][621]LogShaderCompilers: Display: Shaders left to compile 23
[2019.01.24-02.50.34:852][621]LogShaderCompilers: Display: Shaders left to compile 22
[2019.01.24-02.50.34:852][621]LogShaderCompilers: Display: Shaders left to compile 12
[2019.01.24-02.50.34:852][621]LogShaderCompilers: Display: Shaders left to compile 2
[2019.01.24-02.50.34:883][621]TextureStreamingBuild: Display: Compiling optional shaders took 1.434 seconds.
[2019.01.24-02.50.39:055][707]MaterialEditorStats: Base pass shader: 101 instructions
[2019.01.24-02.50.39:055][707]MaterialEditorStats: Base pass shader with Volumetric Lightmap: 174 instructions
[2019.01.24-02.50.39:055][707]MaterialEditorStats: Base pass vertex shader: 32 instructions
[2019.01.24-02.50.39:055][707]MaterialEditorStats: Texture samplers: 3/16
[2019.01.24-02.50.40:702][768]LogMaterial: Display: Missing cached shader map for material M_Wbox_arm, compiling. 
[2019.01.24-02.50.40:732][768]LogShaderCompilers: Display: Shaders left to compile 21
[2019.01.24-02.50.40:732][768]LogShaderCompilers: Display: Shaders left to compile 20
[2019.01.24-02.50.40:732][768]LogShaderCompilers: Display: Shaders left to compile 19
[2019.01.24-02.50.40:732][768]LogShaderCompilers: Display: Shaders left to compile 18
[2019.01.24-02.50.40:732][768]LogMaterial: Display: Missing cached shader map for material FMatExpressionPreview MaterialExpressionVectorParameter_0, compiling. 
[2019.01.24-02.50.41:025][773]LogShaderCompilers: Display: Shaders left to compile 19
[2019.01.24-02.50.41:113][774]LogShaderCompilers: Display: Shaders left to compile 18
[2019.01.24-02.50.41:117][774]LogShaderCompilers: Display: Shaders left to compile 17
[2019.01.24-02.50.41:121][774]LogShaderCompilers: Display: Shaders left to compile 16
[2019.01.24-02.50.41:306][777]LogShaderCompilers: Display: Shaders left to compile 15
[2019.01.24-02.50.41:336][778]LogShaderCompilers: Display: Shaders left to compile 14
[2019.01.24-02.50.41:381][778]LogShaderCompilers: Display: Shaders left to compile 13
[2019.01.24-02.50.41:402][779]LogShaderCompilers: Display: Shaders left to compile 12
[2019.01.24-02.50.41:546][781]LogShaderCompilers: Display: Shaders left to compile 11
[2019.01.24-02.50.41:720][783]LogShaderCompilers: Display: Shaders left to compile 10
[2019.01.24-02.50.41:915][786]LogShaderCompilers: Display: Shaders left to compile 9
[2019.01.24-02.50.42:007][788]LogShaderCompilers: Display: Shaders left to compile 8
[2019.01.24-02.50.42:140][790]LogShaderCompilers: Display: Shaders left to compile 7
[2019.01.24-02.50.42:282][792]LogShaderCompilers: Display: Shaders left to compile 6
[2019.01.24-02.50.42:348][793]LogShaderCompilers: Display: Shaders left to compile 5
[2019.01.24-02.50.42:620][797]LogShaderCompilers: Display: Shaders left to compile 4
[2019.01.24-02.50.42:620][797]LogShaderCompilers: Display: Shaders left to compile 3
[2019.01.24-02.50.42:806][800]LogShaderCompilers: Display: Shaders left to compile 2
[2019.01.24-02.50.42:869][801]LogShaderCompilers: Display: Shaders left to compile 1
[2019.01.24-02.50.43:223][806]MaterialEditorStats: Base pass shader: 101 instructions
[2019.01.24-02.50.43:223][806]MaterialEditorStats: Base pass shader with Volumetric Lightmap: 174 instructions
[2019.01.24-02.50.43:223][806]MaterialEditorStats: Base pass vertex shader: 32 instructions
[2019.01.24-02.50.43:223][806]MaterialEditorStats: Texture samplers: 3/16
[2019.01.24-02.51.15:060][547]LogMaterial: Display: Missing cached shader map for material M_Wbox_arm, compiling. 
[2019.01.24-02.51.15:092][547]LogShaderCompilers: Display: Shaders left to compile 21
[2019.01.24-02.51.15:092][547]LogShaderCompilers: Display: Shaders left to compile 20
[2019.01.24-02.51.15:093][547]LogShaderCompilers: Display: Shaders left to compile 19
[2019.01.24-02.51.15:093][547]LogShaderCompilers: Display: Shaders left to compile 18
[2019.01.24-02.51.15:101][547]LogMaterial: Display: Missing cached shader map for material FMatExpressionPreview MaterialExpressionVectorParameter_0, compiling. 
[2019.01.24-02.51.15:130][547]LogSlate: Window 'Color Picker' being destroyed
[2019.01.24-02.51.15:865][559]LogShaderCompilers: Display: Shaders left to compile 19
[2019.01.24-02.51.15:889][559]LogShaderCompilers: Display: Shaders left to compile 18
[2019.01.24-02.51.15:943][561]LogShaderCompilers: Display: Shaders left to compile 17
[2019.01.24-02.51.15:943][561]LogShaderCompilers: Display: Shaders left to compile 16
[2019.01.24-02.51.16:146][565]LogShaderCompilers: Display: Shaders left to compile 15
[2019.01.24-02.51.16:177][565]LogShaderCompilers: Display: Shaders left to compile 14
[2019.01.24-02.51.16:202][566]LogShaderCompilers: Display: Shaders left to compile 13
[2019.01.24-02.51.16:234][566]LogShaderCompilers: Display: Shaders left to compile 12
[2019.01.24-02.51.16:386][569]LogShaderCompilers: Display: Shaders left to compile 11
[2019.01.24-02.51.16:591][572]LogShaderCompilers: Display: Shaders left to compile 10
[2019.01.24-02.51.16:771][575]LogShaderCompilers: Display: Shaders left to compile 9
[2019.01.24-02.51.16:819][576]LogShaderCompilers: Display: Shaders left to compile 8
[2019.01.24-02.51.16:964][578]LogShaderCompilers: Display: Shaders left to compile 7
[2019.01.24-02.51.17:115][581]LogShaderCompilers: Display: Shaders left to compile 6
[2019.01.24-02.51.17:237][583]LogShaderCompilers: Display: Shaders left to compile 5
[2019.01.24-02.51.17:460][586]LogShaderCompilers: Display: Shaders left to compile 4
[2019.01.24-02.51.17:466][586]LogShaderCompilers: Display: Shaders left to compile 3
[2019.01.24-02.51.17:606][589]LogShaderCompilers: Display: Shaders left to compile 2
[2019.01.24-02.51.17:750][591]LogShaderCompilers: Display: Shaders left to compile 1
[2019.01.24-02.51.18:089][597]MaterialEditorStats: Base pass shader: 101 instructions
[2019.01.24-02.51.18:089][597]MaterialEditorStats: Base pass shader with Volumetric Lightmap: 174 instructions
[2019.01.24-02.51.18:089][597]MaterialEditorStats: Base pass vertex shader: 32 instructions
[2019.01.24-02.51.18:089][597]MaterialEditorStats: Texture samplers: 3/16
[2019.01.24-02.51.18:675][612]LogMaterialEditor: Applying material M_Wbox_arm
[2019.01.24-02.51.19:319][612]LogMaterial: Display: Missing cached shader map for material M_Wbox_arm, compiling. 
[2019.01.24-02.51.19:374][612]LogShaderCompilers: Display: Shaders left to compile 21
[2019.01.24-02.51.19:374][612]LogShaderCompilers: Display: Shaders left to compile 20
[2019.01.24-02.51.19:374][612]LogShaderCompilers: Display: Shaders left to compile 19
[2019.01.24-02.51.19:374][612]LogShaderCompilers: Display: Shaders left to compile 18
[2019.01.24-02.51.19:407][612]LogMaterial: Display: Missing cached shader map for material M_Wbox_arm, compiling. 
[2019.01.24-02.51.19:447][612]LogMaterial: Display: Missing cached shader map for material M_Wbox_arm, compiling. 
[2019.01.24-02.51.19:595][612]LogMaterial: Display: Missing cached shader map for material FDebugViewModeMaterialProxy M_Wbox_arm, compiling. 
[2019.01.24-02.51.20:959][612]LogShaderCompilers: Display: Shaders left to compile 40
[2019.01.24-02.51.20:959][612]LogShaderCompilers: Display: Shaders left to compile 39
[2019.01.24-02.51.20:959][612]LogShaderCompilers: Display: Shaders left to compile 38
[2019.01.24-02.51.20:960][612]LogShaderCompilers: Display: Shaders left to compile 37
[2019.01.24-02.51.20:960][612]LogShaderCompilers: Display: Shaders left to compile 36
[2019.01.24-02.51.20:960][612]LogShaderCompilers: Display: Shaders left to compile 35
[2019.01.24-02.51.20:960][612]LogShaderCompilers: Display: Shaders left to compile 34
[2019.01.24-02.51.20:960][612]LogShaderCompilers: Display: Shaders left to compile 33
[2019.01.24-02.51.20:960][612]LogShaderCompilers: Display: Shaders left to compile 32
[2019.01.24-02.51.20:960][612]LogShaderCompilers: Display: Shaders left to compile 31
[2019.01.24-02.51.20:960][612]LogShaderCompilers: Display: Shaders left to compile 30
[2019.01.24-02.51.20:960][612]LogShaderCompilers: Display: Shaders left to compile 29
[2019.01.24-02.51.20:960][612]LogShaderCompilers: Display: Shaders left to compile 28
[2019.01.24-02.51.20:960][612]LogShaderCompilers: Display: Shaders left to compile 27
[2019.01.24-02.51.20:960][612]LogShaderCompilers: Display: Shaders left to compile 26
[2019.01.24-02.51.20:960][612]LogShaderCompilers: Display: Shaders left to compile 25
[2019.01.24-02.51.20:960][612]LogShaderCompilers: Display: Shaders left to compile 24
[2019.01.24-02.51.20:960][612]LogShaderCompilers: Display: Shaders left to compile 23
[2019.01.24-02.51.20:960][612]LogShaderCompilers: Display: Shaders left to compile 22
[2019.01.24-02.51.20:960][612]LogShaderCompilers: Display: Shaders left to compile 12
[2019.01.24-02.51.20:960][612]LogShaderCompilers: Display: Shaders left to compile 2
[2019.01.24-02.51.20:992][612]TextureStreamingBuild: Display: Compiling optional shaders took 1.405 seconds.
[2019.01.24-02.51.22:197][637]LogMaterialEditor: Saving and Compiling material M_Wbox_arm
[2019.01.24-02.51.24:262][637]LogSavePackage: Moving '../../../../../../Users/Jackson Hutson/Documents/GitHub/JDH_whiteboxcitylevel/JH_ICWhiteBox001_AP/Saved/M_Wbox_arm6A7BAD6340889E78C87926B57FFC6891.tmp' to '../../../../../../Users/Jackson Hutson/Documents/GitHub/JDH_whiteboxcitylevel/JH_ICWhiteBox001_AP/Content/Materials/M_Wbox_arm.uasset'
[2019.01.24-02.51.24:276][637]MaterialEditorStats: Base pass shader: 101 instructions
[2019.01.24-02.51.24:276][637]MaterialEditorStats: Base pass shader with Volumetric Lightmap: 174 instructions
[2019.01.24-02.51.24:276][637]MaterialEditorStats: Base pass vertex shader: 32 instructions
[2019.01.24-02.51.24:276][637]MaterialEditorStats: Texture samplers: 3/16
[2019.01.24-02.51.26:771][701]LogSlate: Window 'M_Wbox_arm' being destroyed
[2019.01.24-02.51.26:800][701]LogSlate: Window 'M_Wbox_arm' being destroyed
[2019.01.24-02.51.33:874][888]LogSlate: FSceneViewport::OnFocusLost() reason 2
[2019.01.24-02.51.52:912][409]LogAssetEditorManager: Opening Asset editor for Material /Game/Materials/M_Wbox_arm.M_Wbox_arm
[2019.01.24-02.51.52:916][409]LogMaterial: Display: Missing cached shader map for material PreviewMaterial_0, compiling. 
[2019.01.24-02.51.53:016][409]LogMaterial: Display: Missing cached shader map for material PreviewMaterial_0, compiling. 
[2019.01.24-02.51.53:032][409]LogMaterial: Display: Missing cached shader map for material PreviewMaterial_0, compiling. 
[2019.01.24-02.51.53:061][409]LogShaderCompilers: Display: Shaders left to compile 21
[2019.01.24-02.51.53:061][409]LogShaderCompilers: Display: Shaders left to compile 20
[2019.01.24-02.51.53:061][409]LogShaderCompilers: Display: Shaders left to compile 19
[2019.01.24-02.51.53:061][409]LogShaderCompilers: Display: Shaders left to compile 18
[2019.01.24-02.51.53:074][409]LogMaterial: Display: Missing cached shader map for material FMatExpressionPreview MaterialExpressionVectorParameter_0, compiling. 
[2019.01.24-02.51.53:820][421]LogShaderCompilers: Display: Shaders left to compile 19
[2019.01.24-02.51.53:851][421]LogShaderCompilers: Display: Shaders left to compile 18
[2019.01.24-02.51.53:857][421]LogShaderCompilers: Display: Shaders left to compile 17
[2019.01.24-02.51.53:879][422]LogShaderCompilers: Display: Shaders left to compile 16
[2019.01.24-02.51.54:089][423]LogShaderCompilers: Display: Shaders left to compile 15
[2019.01.24-02.51.54:097][423]LogShaderCompilers: Display: Shaders left to compile 14
[2019.01.24-02.51.54:128][425]LogShaderCompilers: Display: Shaders left to compile 13
[2019.01.24-02.51.54:150][426]LogShaderCompilers: Display: Shaders left to compile 12
[2019.01.24-02.51.54:349][429]LogShaderCompilers: Display: Shaders left to compile 11
[2019.01.24-02.51.54:494][431]LogShaderCompilers: Display: Shaders left to compile 10
[2019.01.24-02.51.54:669][435]LogSlate: Window 'M_Wbox_arm' being destroyed
[2019.01.24-02.51.54:681][435]LogSlate: Window 'M_Wbox_arm' being destroyed
[2019.01.24-02.51.54:777][435]LogShaderCompilers: Display: Shaders left to compile 7
[2019.01.24-02.51.54:789][435]LogShaderCompilers: Display: Shaders left to compile 6
[2019.01.24-02.51.54:960][439]LogShaderCompilers: Display: Shaders left to compile 5
[2019.01.24-02.51.55:130][442]LogShaderCompilers: Display: Shaders left to compile 4
[2019.01.24-02.51.55:156][443]LogShaderCompilers: Display: Shaders left to compile 3
[2019.01.24-02.51.55:389][447]LogShaderCompilers: Display: Shaders left to compile 2
[2019.01.24-02.51.55:477][448]LogShaderCompilers: Display: Shaders left to compile 1
[2019.01.24-02.52.06:409][772]LogSlate: FSceneViewport::OnFocusLost() reason 2
[2019.01.24-02.52.15:962][ 87]LogSlate: FSceneViewport::OnFocusLost() reason 0
[2019.01.24-02.52.33:774][670]LogSlate: FSceneViewport::OnFocusLost() reason 2
[2019.01.24-02.52.52:659][394]LogSlate: FSceneViewport::OnFocusLost() reason 2
[2019.01.24-02.53.01:446][660]LogEditorViewport: Clicking on Actor (LMB): Brush (Brush_mannequin_arm_2)
[2019.01.24-02.53.02:607][703]LogEditorViewport: Clicking on Actor (LMB): Brush (Brush_mannequin_arm_2)
[2019.01.24-02.53.03:272][727]LogEditorViewport: Clicking on Actor (LMB): Brush (Brush_mannequin_arm_2)
[2019.01.24-02.54.29:935][146]LogSlate: FSceneViewport::OnFocusLost() reason 0
[2019.01.24-02.54.35:041][392]LogEditorViewport: Clicking on Actor (LMB): Brush (Brush_mannequin_arm_1)
[2019.01.24-02.54.39:262][561]LogEditorViewport: Clicking on Actor (LMB): Brush (Brush_mannequin_arm_1)
[2019.01.24-02.54.40:324][604]LogEditorViewport: Clicking on Actor (LMB): Brush (Brush_mannequin_arm_1)
[2019.01.24-02.54.45:923][817]LogSlate: FSceneViewport::OnFocusLost() reason 2
[2019.01.24-02.54.56:678][271]LogEditorViewport: Clicking on Actor (context menu): Brush (Brush_mannequin_arm_1)
[2019.01.24-02.54.56:779][271]LogSlate: FSceneViewport::OnFocusLost() reason 2
[2019.01.24-02.55.04:508][622]Cmd: ACTOR SELECT ALL
[2019.01.24-02.55.09:555][728]LogSlate: FSceneViewport::OnFocusLost() reason 0
[2019.01.24-02.55.22:524][362]Cmd: POLY SELECT ALL
[2019.01.24-02.55.27:670][401]LogEditorViewport: Clicking on Actor (LMB): BP_Sky_Sphere_C (Sky Sphere3)
[2019.01.24-02.55.38:049][757]LogEditorViewport: Clicking on Actor (LMB): Brush (Brush_mannequin_arm_1)
[2019.01.24-02.56.20:751][534]Cmd: POLY SELECT MATCHING BRUSH
[2019.01.24-02.56.21:389][560]LogSlate: FSceneViewport::OnFocusLost() reason 0
[2019.01.24-02.56.26:635][737]Cmd: POLY SELECT MATCHING BRUSH
[2019.01.24-02.56.44:684][448]LogSlate: Window 'Brush_mannequin_arm_1* - Property Editor' being destroyed
[2019.01.24-02.56.44:704][448]LogSlate: Window 'Brush_mannequin_arm_1* - Property Editor' being destroyed
[2019.01.24-02.57.03:734][233]LogEditorViewport: Clicking on Actor (context menu): Brush (Brush_mannequin_arm_1)
[2019.01.24-02.57.03:811][233]LogSlate: FSceneViewport::OnFocusLost() reason 2
[2019.01.24-02.57.05:271][309]LogEditorViewport: Clicking on Actor (LMB): Brush (Brush_mannequin_arm_1)
[2019.01.24-02.57.10:905][531]LogEditorViewport: Clicking on Actor (LMB): Brush (Brush_mannequin_arm_1)
[2019.01.24-02.57.11:731][563]LogEditorViewport: Clicking on Actor (LMB): Brush (Brush_mannequin_arm_1)
[2019.01.24-02.57.12:762][604]LogEditorViewport: Clicking on Actor (context menu): Brush (Brush_mannequin_arm_1)
[2019.01.24-02.57.12:840][604]LogSlate: FSceneViewport::OnFocusLost() reason 2
[2019.01.24-02.57.38:290][499]LogSlate: FSceneViewport::OnFocusLost() reason 0
[2019.01.24-02.57.40:538][504]LogSlate: Window 'Save Content' being destroyed
[2019.01.24-02.57.40:602][504]LogSlate: Window 'JH_ICWhiteBox001_AP - Unreal Editor' being destroyed
[2019.01.24-02.57.40:890][505]Cmd: QUIT_EDITOR
[2019.01.24-02.57.40:923][505]LogWindowsTextInputMethodSystem: Display: IME system now deactivated.
[2019.01.24-02.57.40:939][505]LogExit: Preparing to exit.
[2019.01.24-02.57.41:823][505]LogExit: Editor shut down
[2019.01.24-02.57.41:823][505]LogExit: Transaction tracking system shut down
[2019.01.24-02.57.42:488][505]LogExit: Object subsystem successfully closed.
[2019.01.24-02.57.42:513][505]LogShaderCompilers: Display: Shaders left to compile 0
[2019.01.24-02.57.42:516][505]LogD3D11RHI: Shutdown
[2019.01.24-02.57.42:516][505]LogD3D11RHI: CleanupD3DDevice
[2019.01.24-02.57.42:540][505]LogD3D11RHI: ~FD3D11DynamicRHI
[2019.01.24-02.57.42:569][505]LogModuleManager: Shutting down and abandoning module HierarchicalLODOutliner (612)
[2019.01.24-02.57.42:569][505]LogModuleManager: Shutting down and abandoning module SceneOutliner (610)
[2019.01.24-02.57.42:569][505]LogModuleManager: Shutting down and abandoning module AddContentDialog (608)
[2019.01.24-02.57.42:570][505]LogModuleManager: Shutting down and abandoning module WidgetCarousel (607)
[2019.01.24-02.57.42:570][505]LogModuleManager: Shutting down and abandoning module EditorWidgets (604)
[2019.01.24-02.57.42:570][505]LogModuleManager: Shutting down and abandoning module CollectionManager (602)
[2019.01.24-02.57.42:570][505]LogModuleManager: Shutting down and abandoning module HierarchicalLODUtilities (600)
[2019.01.24-02.57.42:570][505]LogModuleManager: Shutting down and abandoning module StatsViewer (598)
[2019.01.24-02.57.42:570][505]LogModuleManager: Shutting down and abandoning module FoliageEdit (596)
[2019.01.24-02.57.42:570][505]LogModuleManager: Shutting down and abandoning module LandscapeEditor (594)
[2019.01.24-02.57.42:570][505]LogModuleManager: Shutting down and abandoning module MeshPaintMode (592)
[2019.01.24-02.57.42:570][505]LogModuleManager: Shutting down and abandoning module SceneDepthPickerMode (590)
[2019.01.24-02.57.42:570][505]LogModuleManager: Shutting down and abandoning module ActorPickerMode (588)
[2019.01.24-02.57.42:570][505]LogModuleManager: Shutting down and abandoning module GeometryMode (586)
[2019.01.24-02.57.42:570][505]LogModuleManager: Shutting down and abandoning module TextureAlignMode (584)
[2019.01.24-02.57.42:570][505]LogModuleManager: Shutting down and abandoning module BspMode (582)
[2019.01.24-02.57.42:570][505]LogModuleManager: Shutting down and abandoning module PIEPreviewDeviceProfileSelector (580)
[2019.01.24-02.57.42:570][505]LogModuleManager: Shutting down and abandoning module SequenceRecorderSections (578)
[2019.01.24-02.57.42:570][505]LogModuleManager: Shutting down and abandoning module AutomationWorker (576)
[2019.01.24-02.57.42:570][505]LogModuleManager: Shutting down and abandoning module AudioCaptureEditor (574)
[2019.01.24-02.57.42:570][505]LogModuleManager: Shutting down and abandoning module SequenceRecorder (573)
[2019.01.24-02.57.42:570][505]LogModuleManager: Shutting down and abandoning module MatineeToLevelSequence (570)
[2019.01.24-02.57.42:570][505]LogModuleManager: Shutting down and abandoning module LevelSequenceEditor (568)
[2019.01.24-02.57.42:570][505]LogModuleManager: Shutting down and abandoning module PlacementMode (567)
[2019.01.24-02.57.42:571][505]LogModuleManager: Shutting down and abandoning module MaterialEditor (566)
[2019.01.24-02.57.42:571][505]LogModuleManager: Shutting down and abandoning module WmfMediaFactory (562)
[2019.01.24-02.57.42:571][505]LogModuleManager: Shutting down and abandoning module WmfMediaEditor (560)
[2019.01.24-02.57.42:571][505]LogModuleManager: Shutting down and abandoning module MediaPlayerEditor (558)
[2019.01.24-02.57.42:571][505]LogModuleManager: Shutting down and abandoning module OpenExrWrapper (556)
[2019.01.24-02.57.42:571][505]LogModuleManager: Shutting down and abandoning module ImgMediaFactory (554)
[2019.01.24-02.57.42:571][505]LogModuleManager: Shutting down and abandoning module ImgMediaEditor (552)
[2019.01.24-02.57.42:571][505]LogModuleManager: Shutting down and abandoning module AvfMediaFactory (550)
[2019.01.24-02.57.42:571][505]LogModuleManager: Shutting down and abandoning module AvfMediaEditor (548)
[2019.01.24-02.57.42:571][505]LogModuleManager: Shutting down and abandoning module AndroidMediaFactory (546)
[2019.01.24-02.57.42:571][505]LogModuleManager: Shutting down and abandoning module AndroidMediaEditor (544)
[2019.01.24-02.57.42:571][505]LogModuleManager: Shutting down and abandoning module MagicLeapCameraPreviewFactory (542)
[2019.01.24-02.57.42:571][505]LogModuleManager: Shutting down and abandoning module MagicLeapMediaFactory (540)
[2019.01.24-02.57.42:571][505]LogModuleManager: Shutting down and abandoning module MagicLeapMediaEditor (538)
[2019.01.24-02.57.42:571][505]LogModuleManager: Shutting down and abandoning module CharacterAI (536)
[2019.01.24-02.57.42:571][505]LogModuleManager: Shutting down and abandoning module SmartSnapping (534)
[2019.01.24-02.57.42:571][505]LogModuleManager: Shutting down and abandoning module SessionServices (532)
[2019.01.24-02.57.42:571][505]LogModuleManager: Shutting down and abandoning module ViewportSnapping (530)
[2019.01.24-02.57.42:571][505]LogModuleManager: Shutting down and abandoning module ViewportInteraction (528)
[2019.01.24-02.57.42:571][505]LogModuleManager: Shutting down and abandoning module ClothPainter (526)
[2019.01.24-02.57.42:571][505]LogModuleManager: Shutting down and abandoning module SkeletalMeshEditor (525)
[2019.01.24-02.57.42:571][505]LogModuleManager: Shutting down and abandoning module LogVisualizer (522)
[2019.01.24-02.57.42:571][505]LogModuleManager: Shutting down and abandoning module IntroTutorials (520)
[2019.01.24-02.57.42:571][505]LogModuleManager: Shutting down and abandoning module GameProjectGeneration (519)
[2019.01.24-02.57.42:571][505]LogModuleManager: Shutting down and abandoning module LuminPlatformEditor (516)
[2019.01.24-02.57.42:571][505]LogModuleManager: Shutting down and abandoning module IOSPlatformEditor (514)
[2019.01.24-02.57.42:571][505]LogModuleManager: Shutting down and abandoning module HTML5PlatformEditor (512)
[2019.01.24-02.57.42:571][505]LogModuleManager: Shutting down and abandoning module AndroidPlatformEditor (510)
[2019.01.24-02.57.42:571][505]LogModuleManager: Shutting down and abandoning module AndroidDeviceDetection (509)
[2019.01.24-02.57.42:969][505]LogModuleManager: Shutting down and abandoning module WindowsPlatformEditor (506)
[2019.01.24-02.57.42:969][505]LogModuleManager: Shutting down and abandoning module LuminRuntimeSettings (504)
[2019.01.24-02.57.42:969][505]LogModuleManager: Shutting down and abandoning module IOSRuntimeSettings (502)
[2019.01.24-02.57.42:969][505]LogModuleManager: Shutting down and abandoning module AndroidRuntimeSettings (500)
[2019.01.24-02.57.42:969][505]LogModuleManager: Shutting down and abandoning module InputBindingEditor (498)
[2019.01.24-02.57.42:969][505]LogModuleManager: Shutting down and abandoning module MergeActors (496)
[2019.01.24-02.57.42:969][505]LogModuleManager: Shutting down and abandoning module LocalizationDashboard (494)
[2019.01.24-02.57.42:969][505]LogModuleManager: Shutting down and abandoning module LocalizationService (493)
[2019.01.24-02.57.42:969][505]LogModuleManager: Shutting down and abandoning module HardwareTargeting (490)
[2019.01.24-02.57.42:970][505]LogModuleManager: Shutting down and abandoning module DeviceProfileEditor (488)
[2019.01.24-02.57.42:970][505]LogModuleManager: Shutting down and abandoning module UndoHistory (486)
[2019.01.24-02.57.42:970][505]LogModuleManager: Shutting down and abandoning module XmlParser (484)
[2019.01.24-02.57.42:970][505]LogModuleManager: Shutting down and abandoning module Blutility (482)
[2019.01.24-02.57.42:970][505]LogModuleManager: Shutting down and abandoning module ProjectSettingsViewer (480)
[2019.01.24-02.57.42:970][505]LogModuleManager: Shutting down and abandoning module ProjectTargetPlatformEditor (479)
[2019.01.24-02.57.42:970][505]LogModuleManager: Shutting down and abandoning module EditorSettingsViewer (476)
[2019.01.24-02.57.42:970][505]LogModuleManager: Shutting down and abandoning module SettingsEditor (474)
[2019.01.24-02.57.42:970][505]LogModuleManager: Shutting down and abandoning module ProjectLauncher (472)
[2019.01.24-02.57.42:970][505]LogModuleManager: Shutting down and abandoning module SessionFrontend (470)
[2019.01.24-02.57.42:970][505]LogModuleManager: Shutting down and abandoning module ProfilerClient (468)
[2019.01.24-02.57.42:970][505]LogModuleManager: Shutting down and abandoning module DeviceManager (466)
[2019.01.24-02.57.42:970][505]LogModuleManager: Shutting down and abandoning module TargetDeviceServices (465)
[2019.01.24-02.57.43:022][505]LogModuleManager: Shutting down and abandoning module AutomationController (462)
[2019.01.24-02.57.43:022][505]LogModuleManager: Shutting down and abandoning module AutomationWindow (460)
[2019.01.24-02.57.43:022][505]LogModuleManager: Shutting down and abandoning module Layers (458)
[2019.01.24-02.57.43:022][505]LogModuleManager: Shutting down and abandoning module ComponentVisualizers (456)
[2019.01.24-02.57.43:022][505]LogModuleManager: Shutting down and abandoning module DetailCustomizations (454)
[2019.01.24-02.57.43:023][505]LogModuleManager: Shutting down and abandoning module PackagesDialog (452)
[2019.01.24-02.57.43:023][505]LogModuleManager: Shutting down and abandoning module Persona (450)
[2019.01.24-02.57.43:023][505]LogModuleManager: Shutting down and abandoning module AdvancedPreviewScene (449)
[2019.01.24-02.57.43:023][505]LogModuleManager: Shutting down and abandoning module AnimGraph (447)
[2019.01.24-02.57.43:023][505]LogModuleManager: Shutting down and abandoning module Kismet (444)
[2019.01.24-02.57.43:023][505]LogModuleManager: Shutting down and abandoning module GraphEditor (442)
[2019.01.24-02.57.43:023][505]LogModuleManager: Shutting down and abandoning module ClassViewer (440)
[2019.01.24-02.57.43:023][505]LogModuleManager: Shutting down and abandoning module Toolbox (438)
[2019.01.24-02.57.43:023][505]LogModuleManager: Shutting down and abandoning module ModuleUI (436)
[2019.01.24-02.57.43:023][505]LogModuleManager: Shutting down and abandoning module MovieSceneTools (434)
[2019.01.24-02.57.43:023][505]LogModuleManager: Shutting down and abandoning module OutputLog (432)
[2019.01.24-02.57.43:023][505]LogModuleManager: Shutting down and abandoning module GammaUI (430)
[2019.01.24-02.57.43:023][505]LogModuleManager: Shutting down and abandoning module Documentation (428)
[2019.01.24-02.57.43:023][505]LogModuleManager: Shutting down and abandoning module MovieSceneTracks (426)
[2019.01.24-02.57.43:023][505]LogModuleManager: Shutting down and abandoning module MovieScene (424)
[2019.01.24-02.57.43:023][505]LogModuleManager: Shutting down and abandoning module StreamingPauseRendering (422)
[2019.01.24-02.57.43:023][505]LogModuleManager: Shutting down and abandoning module LauncherPlatform (420)
[2019.01.24-02.57.43:023][505]LogModuleManager: Shutting down and abandoning module AnalyticsET (418)
[2019.01.24-02.57.43:023][505]LogModuleManager: Shutting down and abandoning module PortalServices (416)
[2019.01.24-02.57.43:023][505]LogModuleManager: Shutting down and abandoning module PortalRpc (414)
[2019.01.24-02.57.43:023][505]LogModuleManager: Shutting down and abandoning module MessagingRpc (412)
[2019.01.24-02.57.43:024][505]LogModuleManager: Shutting down and abandoning module AIModule (410)
[2019.01.24-02.57.43:024][505]LogModuleManager: Shutting down and abandoning module GameplayDebugger (409)
[2019.01.24-02.57.43:024][505]LogModuleManager: Shutting down and abandoning module AITestSuite (407)
[2019.01.24-02.57.43:024][505]LogModuleManager: Shutting down and abandoning module NavigationSystem (405)
[2019.01.24-02.57.43:024][505]LogModuleManager: Shutting down and abandoning module DesktopPlatform (402)
[2019.01.24-02.57.43:024][505]LogModuleManager: Shutting down and abandoning module ProfilerService (400)
[2019.01.24-02.57.43:123][505]LogModuleManager: Shutting down and abandoning module TaskGraph (398)
[2019.01.24-02.57.43:123][505]LogModuleManager: Shutting down and abandoning module SteamVRController (396)
[2019.01.24-02.57.43:123][505]LogModuleManager: Shutting down and abandoning module ProceduralMeshComponentEditor (394)
[2019.01.24-02.57.43:123][505]LogModuleManager: Shutting down and abandoning module ProceduralMeshComponent (392)
[2019.01.24-02.57.43:123][505]LogModuleManager: Shutting down and abandoning module OculusInput (390)
[2019.01.24-02.57.43:123][505]LogModuleManager: Shutting down and abandoning module MobilePatchingUtils (388)
[2019.01.24-02.57.43:123][505]LogModuleManager: Shutting down and abandoning module EditableMesh (386)
[2019.01.24-02.57.43:123][505]LogModuleManager: Shutting down and abandoning module CustomMeshComponent (384)
[2019.01.24-02.57.43:123][505]LogModuleManager: Shutting down and abandoning module CableComponent (382)
[2019.01.24-02.57.43:123][505]LogModuleManager: Shutting down and abandoning module AudioCapture (380)
[2019.01.24-02.57.43:123][505]LogModuleManager: Shutting down and abandoning module ArchVisCharacter (378)
[2019.01.24-02.57.43:123][505]LogModuleManager: Shutting down and abandoning module AndroidPermission (376)
[2019.01.24-02.57.43:123][505]LogModuleManager: Shutting down and abandoning module NUTUnrealEngine4 (374)
[2019.01.24-02.57.43:123][505]LogModuleManager: Shutting down and abandoning module NetcodeUnitTest (372)
[2019.01.24-02.57.43:123][505]LogModuleManager: Shutting down and abandoning module MediaCompositingEditor (370)
[2019.01.24-02.57.43:123][505]LogModuleManager: Shutting down and abandoning module MediaCompositing (368)
[2019.01.24-02.57.43:123][505]LogModuleManager: Shutting down and abandoning module LinearTimecode (366)
[2019.01.24-02.57.43:123][505]LogModuleManager: Shutting down and abandoning module ImgMedia (364)
[2019.01.24-02.57.43:127][505]LogModuleManager: Shutting down and abandoning module HTML5Networking (362)
[2019.01.24-02.57.43:127][505]LogModuleManager: Shutting down and abandoning module GeometryCacheTracks (360)
[2019.01.24-02.57.43:127][505]LogModuleManager: Shutting down and abandoning module GeometryCacheSequencer (358)
[2019.01.24-02.57.43:127][505]LogModuleManager: Shutting down and abandoning module BackChannel (356)
[2019.01.24-02.57.43:127][505]LogModuleManager: Shutting down and abandoning module AppleVision (354)
[2019.01.24-02.57.43:127][505]LogModuleManager: Shutting down and abandoning module AppleImageUtils (352)
[2019.01.24-02.57.43:127][505]LogModuleManager: Shutting down and abandoning module AlembicImporter (350)
[2019.01.24-02.57.43:127][505]LogModuleManager: Shutting down and abandoning module AlembicLibrary (349)
[2019.01.24-02.57.43:127][505]LogModuleManager: Shutting down and abandoning module GeometryCache (348)
[2019.01.24-02.57.43:127][505]LogModuleManager: Shutting down and abandoning module GeometryCacheEd (347)
[2019.01.24-02.57.43:127][505]LogModuleManager: Shutting down and abandoning module DatasmithContentEditor (342)
[2019.01.24-02.57.43:127][505]LogModuleManager: Shutting down and abandoning module DatasmithContent (340)
[2019.01.24-02.57.43:128][505]LogModuleManager: Shutting down and abandoning module SpeedTreeImporter (338)
[2019.01.24-02.57.43:128][505]LogModuleManager: Shutting down and abandoning module PluginBrowser (336)
[2019.01.24-02.57.43:128][505]LogModuleManager: Shutting down and abandoning module MobileLauncherProfileWizard (334)
[2019.01.24-02.57.43:128][505]LogModuleManager: Shutting down and abandoning module PolygonModeling (332)
[2019.01.24-02.57.43:128][505]LogModuleManager: Shutting down and abandoning module MeshEditor (330)
[2019.01.24-02.57.43:128][505]LogModuleManager: Shutting down and abandoning module CryptoKeysOpenSSL (328)
[2019.01.24-02.57.43:128][505]LogModuleManager: Shutting down and abandoning module CryptoKeys (326)
[2019.01.24-02.57.43:128][505]LogModuleManager: Shutting down and abandoning module VisualStudioSourceCodeAccess (324)
[2019.01.24-02.57.43:128][505]LogModuleManager: Shutting down and abandoning module VisualStudioCodeSourceCodeAccess (322)
[2019.01.24-02.57.43:128][505]LogModuleManager: Shutting down and abandoning module UObjectPlugin (320)
[2019.01.24-02.57.43:128][505]LogModuleManager: Shutting down and abandoning module SubversionSourceControl (318)
[2019.01.24-02.57.43:128][505]LogModuleManager: Shutting down and abandoning module PerforceSourceControl (316)
[2019.01.24-02.57.43:128][505]LogModuleManager: Shutting down and abandoning module GitSourceControl (314)
[2019.01.24-02.57.43:128][505]LogModuleManager: Shutting down and abandoning module SourceControl (313)
[2019.01.24-02.57.43:128][505]LogModuleManager: Shutting down and abandoning module CLionSourceCodeAccess (310)
[2019.01.24-02.57.43:128][505]LogModuleManager: Shutting down and abandoning module LightPropagationVolumeEditor (308)
[2019.01.24-02.57.43:128][505]LogModuleManager: Shutting down and abandoning module PaperTiledImporter (306)
[2019.01.24-02.57.43:128][505]LogModuleManager: Shutting down and abandoning module PaperSpriteSheetImporter (304)
[2019.01.24-02.57.43:128][505]LogModuleManager: Shutting down and abandoning module Paper2DEditor (302)
[2019.01.24-02.57.43:129][505]LogModuleManager: Shutting down and abandoning module MeshPaint (301)
[2019.01.24-02.57.43:129][505]LogModuleManager: Shutting down and abandoning module RuntimePhysXCooking (298)
[2019.01.24-02.57.43:129][505]LogModuleManager: Shutting down and abandoning module PhysXVehiclesEditor (296)
[2019.01.24-02.57.43:129][505]LogModuleManager: Shutting down and abandoning module PhysXVehicles (294)
[2019.01.24-02.57.43:129][505]LogModuleManager: Shutting down and abandoning module OculusEditor (292)
[2019.01.24-02.57.43:129][505]LogModuleManager: Shutting down and abandoning module LocationServicesBPLibrary (290)
[2019.01.24-02.57.43:129][505]LogModuleManager: Shutting down and abandoning module ImmediatePhysicsEditor (288)
[2019.01.24-02.57.43:129][505]LogModuleManager: Shutting down and abandoning module ImmediatePhysics (286)
[2019.01.24-02.57.43:129][505]LogModuleManager: Shutting down and abandoning module ActorSequence (284)
[2019.01.24-02.57.43:129][505]LogModuleManager: Shutting down and abandoning module UdpMessaging (282)
[2019.01.24-02.57.43:230][505]LogModuleManager: Shutting down and abandoning module TcpMessaging (280)
[2019.01.24-02.57.43:331][505]LogModuleManager: Shutting down and abandoning module MagicLeapAudio (278)
[2019.01.24-02.57.43:331][505]LogModuleManager: Shutting down and abandoning module GameplayTagsEditor (276)
[2019.01.24-02.57.43:331][505]LogModuleManager: Shutting down and abandoning module FacialAnimationEditor (274)
[2019.01.24-02.57.43:331][505]LogModuleManager: Shutting down and abandoning module FacialAnimation (272)
[2019.01.24-02.57.43:331][505]LogModuleManager: Shutting down and abandoning module DataValidation (270)
[2019.01.24-02.57.43:331][505]LogModuleManager: Shutting down and abandoning module AssetManagerEditor (268)
[2019.01.24-02.57.43:331][505]LogModuleManager: Shutting down and abandoning module LevelEditor (267)
[2019.01.24-02.57.43:332][505]LogModuleManager: Shutting down and abandoning module PixelInspectorModule (266)
[2019.01.24-02.57.43:332][505]LogModuleManager: Shutting down and abandoning module CommonMenuExtensions (264)
[2019.01.24-02.57.43:332][505]LogModuleManager: Shutting down and abandoning module MainFrame (262)
[2019.01.24-02.57.43:332][505]LogModuleManager: Shutting down and abandoning module HotReload (261)
[2019.01.24-02.57.43:332][505]LogModuleManager: Shutting down and abandoning module ContentBrowser (257)
[2019.01.24-02.57.43:333][505]LogModuleManager: Shutting down and abandoning module TreeMap (255)
[2019.01.24-02.57.43:333][505]LogModuleManager: Shutting down and abandoning module LightPropagationVolumeRuntime (252)
[2019.01.24-02.57.43:333][505]LogModuleManager: Shutting down and abandoning module AISupportModule (250)
[2019.01.24-02.57.43:333][505]LogModuleManager: Shutting down and abandoning module Paper2D (248)
[2019.01.24-02.57.43:333][505]LogModuleManager: Shutting down and abandoning module WindowsMoviePlayer (246)
[2019.01.24-02.57.43:333][505]LogModuleManager: Shutting down and abandoning module WmfMedia (244)
[2019.01.24-02.57.43:334][505]LogModuleManager: Shutting down and abandoning module Media (243)
[2019.01.24-02.57.43:341][505]LogModuleManager: Shutting down and abandoning module PacketHandler (240)
[2019.01.24-02.57.43:341][505]LogModuleManager: Shutting down and abandoning module ClothingSystemEditor (238)
[2019.01.24-02.57.43:341][505]LogModuleManager: Shutting down and abandoning module ClothingSystemRuntime (236)
[2019.01.24-02.57.43:341][505]LogModuleManager: Shutting down and abandoning module MediaAssets (234)
[2019.01.24-02.57.43:341][505]LogModuleManager: Shutting down and abandoning module Overlay (232)
[2019.01.24-02.57.43:341][505]LogModuleManager: Shutting down and abandoning module OverlayEditor (231)
[2019.01.24-02.57.43:341][505]LogModuleManager: Shutting down and abandoning module VREditor (228)
[2019.01.24-02.57.43:341][505]LogModuleManager: Shutting down and abandoning module StringTableEditor (226)
[2019.01.24-02.57.43:341][505]LogModuleManager: Shutting down and abandoning module GameplayTasksEditor (224)
[2019.01.24-02.57.43:341][505]LogModuleManager: Shutting down and abandoning module BehaviorTreeEditor (222)
[2019.01.24-02.57.43:341][505]LogModuleManager: Shutting down and abandoning module FunctionalTesting (220)
[2019.01.24-02.57.43:341][505]LogModuleManager: Shutting down and abandoning module CollisionAnalyzer (218)
[2019.01.24-02.57.43:341][505]LogModuleManager: Shutting down and abandoning module WorkspaceMenuStructure (217)
[2019.01.24-02.57.43:341][505]LogModuleManager: Shutting down and abandoning module UMG (214)
[2019.01.24-02.57.43:341][505]LogModuleManager: Shutting down and abandoning module UMGEditor (213)
[2019.01.24-02.57.43:341][505]LogModuleManager: Shutting down and abandoning module Sequencer (212)
[2019.01.24-02.57.43:341][505]LogModuleManager: Shutting down and abandoning module MessageLog (209)
[2019.01.24-02.57.43:341][505]LogModuleManager: Shutting down and abandoning module SlateReflector (204)
[2019.01.24-02.57.43:342][505]LogModuleManager: Shutting down and abandoning module Slate (202)
[2019.01.24-02.57.43:342][505]LogModuleManager: Shutting down and abandoning module EditorStyle (200)
[2019.01.24-02.57.43:343][505]LogModuleManager: Shutting down and abandoning module MRMesh (198)
[2019.01.24-02.57.43:343][505]LogModuleManager: Shutting down and abandoning module SourceCodeAccess (196)
[2019.01.24-02.57.43:343][505]LogModuleManager: Shutting down and abandoning module HeadMountedDisplay (194)
[2019.01.24-02.57.43:343][505]LogModuleManager: Shutting down and abandoning module XAudio2 (192)
[2019.01.24-02.57.43:343][505]LogModuleManager: Shutting down and abandoning module Networking (190)
[2019.01.24-02.57.43:343][505]LogModuleManager: Shutting down and abandoning module Core (188)
[2019.01.24-02.57.43:343][505]LogModuleManager: Shutting down and abandoning module LevelSequence (186)
[2019.01.24-02.57.43:343][505]LogModuleManager: Shutting down and abandoning module KismetCompiler (184)
[2019.01.24-02.57.43:343][505]LogModuleManager: Shutting down and abandoning module MeshUtilities (182)
[2019.01.24-02.57.43:343][505]LogModuleManager: Shutting down and abandoning module MeshMergeUtilities (181)
[2019.01.24-02.57.43:343][505]LogModuleManager: Shutting down and abandoning module MeshReductionInterface (180)
[2019.01.24-02.57.43:344][505]LogModuleManager: Shutting down and abandoning module SimplygonSwarm (179)
[2019.01.24-02.57.43:344][505]LogModuleManager: Shutting down and abandoning module ProxyLODMeshReduction (177)
[2019.01.24-02.57.43:344][505]LogModuleManager: Shutting down and abandoning module SimplygonMeshReduction (175)
[2019.01.24-02.57.43:344][505]LogModuleManager: Shutting down and abandoning module QuadricMeshReduction (173)
[2019.01.24-02.57.43:344][505]LogModuleManager: Shutting down and abandoning module MaterialBaking (169)
[2019.01.24-02.57.43:344][505]LogModuleManager: Shutting down and abandoning module DirectoryWatcher (165)
[2019.01.24-02.57.43:344][505]LogModuleManager: Shutting down and abandoning module DerivedDataCache (162)
[2019.01.24-02.57.43:408][505]LogDerivedDataCache: Shutdown
[2019.01.24-02.57.43:408][505]LogModuleManager: Shutting down and abandoning module XGEController (160)
[2019.01.24-02.57.43:408][505]LogModuleManager: Shutting down and abandoning module TargetPlatform (158)
[2019.01.24-02.57.43:408][505]LogModuleManager: Shutting down and abandoning module VulkanShaderFormat (157)
[2019.01.24-02.57.43:409][505]LogModuleManager: Shutting down and abandoning module ShaderFormatVectorVM (155)
[2019.01.24-02.57.43:409][505]LogModuleManager: Shutting down and abandoning module ShaderFormatOpenGL (153)
[2019.01.24-02.57.43:409][505]LogModuleManager: Shutting down and abandoning module ShaderFormatD3D (151)
[2019.01.24-02.57.43:409][505]LogModuleManager: Shutting down and abandoning module MetalShaderFormat (149)
[2019.01.24-02.57.43:409][505]LogModuleManager: Shutting down and abandoning module TextureFormatUncompressed (147)
[2019.01.24-02.57.43:409][505]LogModuleManager: Shutting down and abandoning module TextureFormatPVR (145)
[2019.01.24-02.57.43:409][505]LogModuleManager: Shutting down and abandoning module TextureFormatDXT (143)
[2019.01.24-02.57.43:409][505]LogModuleManager: Shutting down and abandoning module TextureFormatIntelISPCTexComp (141)
[2019.01.24-02.57.43:409][505]LogModuleManager: Shutting down and abandoning module TextureFormatASTC (139)
[2019.01.24-02.57.43:409][505]LogModuleManager: Shutting down and abandoning module ImageWrapper (138)
[2019.01.24-02.57.43:409][505]LogModuleManager: Shutting down and abandoning module TextureFormatAndroid (135)
[2019.01.24-02.57.43:409][505]LogModuleManager: Shutting down and abandoning module AudioFormatOpus (133)
[2019.01.24-02.57.43:409][505]LogModuleManager: Shutting down and abandoning module AudioFormatOgg (131)
[2019.01.24-02.57.43:409][505]LogModuleManager: Shutting down and abandoning module AudioFormatADPCM (129)
[2019.01.24-02.57.43:409][505]LogModuleManager: Shutting down and abandoning module LuminTargetPlatform (127)
[2019.01.24-02.57.43:409][505]LogModuleManager: Shutting down and abandoning module LinuxTargetPlatform (125)
[2019.01.24-02.57.43:409][505]LogModuleManager: Shutting down and abandoning module LinuxServerTargetPlatform (123)
[2019.01.24-02.57.43:409][505]LogModuleManager: Shutting down and abandoning module LinuxNoEditorTargetPlatform (121)
[2019.01.24-02.57.43:409][505]LogModuleManager: Shutting down and abandoning module LinuxClientTargetPlatform (119)
[2019.01.24-02.57.43:409][505]LogModuleManager: Shutting down and abandoning module TVOSTargetPlatform (117)
[2019.01.24-02.57.43:410][505]LogModuleManager: Shutting down and abandoning module Messaging (115)
[2019.01.24-02.57.43:410][505]LogModuleManager: Shutting down and abandoning module IOSTargetPlatform (113)
[2019.01.24-02.57.43:410][505]LogModuleManager: Shutting down and abandoning module HTML5TargetPlatform (111)
[2019.01.24-02.57.43:410][505]LogModuleManager: Shutting down and abandoning module AndroidTargetPlatform (109)
[2019.01.24-02.57.43:416][505]LogModuleManager: Shutting down and abandoning module WindowsTargetPlatform (107)
[2019.01.24-02.57.43:416][505]LogModuleManager: Shutting down and abandoning module WindowsServerTargetPlatform (105)
[2019.01.24-02.57.43:416][505]LogModuleManager: Shutting down and abandoning module WindowsNoEditorTargetPlatform (103)
[2019.01.24-02.57.43:416][505]LogModuleManager: Shutting down and abandoning module WindowsClientTargetPlatform (101)
[2019.01.24-02.57.43:416][505]LogModuleManager: Shutting down and abandoning module MacTargetPlatform (99)
[2019.01.24-02.57.43:416][505]LogModuleManager: Shutting down and abandoning module MacServerTargetPlatform (97)
[2019.01.24-02.57.43:416][505]LogModuleManager: Shutting down and abandoning module MacNoEditorTargetPlatform (95)
[2019.01.24-02.57.43:416][505]LogModuleManager: Shutting down and abandoning module MacClientTargetPlatform (93)
[2019.01.24-02.57.43:416][505]LogModuleManager: Shutting down and abandoning module AllDesktopTargetPlatform (91)
[2019.01.24-02.57.43:416][505]LogModuleManager: Shutting down and abandoning module InputCore (88)
[2019.01.24-02.57.43:416][505]LogModuleManager: Shutting down and abandoning module Settings (86)
[2019.01.24-02.57.43:416][505]LogModuleManager: Shutting down and abandoning module PhysXCooking (84)
[2019.01.24-02.57.43:416][505]LogModuleManager: Shutting down and abandoning module SteamVR (82)
[2019.01.24-02.57.43:416][505]LogModuleManager: Shutting down and abandoning module OculusHMD (80)
[2019.01.24-02.57.43:416][505]LogModuleManager: Shutting down and abandoning module ExampleDeviceProfileSelector (78)
[2019.01.24-02.57.43:416][505]LogModuleManager: Shutting down and abandoning module LauncherChunkInstaller (76)
[2019.01.24-02.57.43:416][505]LogModuleManager: Shutting down and abandoning module OnlineBlueprintSupport (74)
[2019.01.24-02.57.43:416][505]LogModuleManager: Shutting down and abandoning module OnlineSubsystem (70)
[2019.01.24-02.57.43:417][505]LogModuleManager: Shutting down and abandoning module XMPP (65)
[2019.01.24-02.57.43:417][505]LogModuleManager: Shutting down and abandoning module WebSockets (64)
[2019.01.24-02.57.43:424][505]LogModuleManager: Shutting down and abandoning module HTTP (61)
[2019.01.24-02.57.43:424][505]LogHttp: Display: Http module shutting down, but needs to wait on 1 outstanding Http requests:
[2019.01.24-02.57.43:424][505]LogHttp: Display: 	verb=[POST] url=[https://datarouter.ol.epicgames.com/datarouter/api/v1/public/data?SessionID=%7B2B41318A-4EE3-624E-18CA-ADBF5C62357D%7D&AppID=UEEditor.Rocket.Release&AppVersion=4.20.3-4369336%2B%2B%2BUE4%2BRelease-4.20&UserID=7529f7da42100e58a01f7c8a0c6bad1d%7C58d432461bd94c7f9b201bd11ae14798%7C6b89664d-351a-47ab-8aef-d6c9c9550539&AppEnvironment=datacollector-binary&UploadType=eteventstream] status=Processing
[2019.01.24-02.57.43:445][505]LogModuleManager: Shutting down and abandoning module SSL (60)
[2019.01.24-02.57.43:446][505]LogModuleManager: Shutting down and abandoning module MagicLeapEmulator (56)
[2019.01.24-02.57.43:446][505]LogModuleManager: Shutting down and abandoning module MagicLeapPrivileges (54)
[2019.01.24-02.57.43:446][505]LogModuleManager: Shutting down and abandoning module MagicLeapIdentity (52)
[2019.01.24-02.57.43:446][505]LogModuleManager: Shutting down and abandoning module MagicLeapHelperVulkan (50)
[2019.01.24-02.57.43:446][505]LogModuleManager: Shutting down and abandoning module MagicLeapHelperOpenGL (48)
[2019.01.24-02.57.43:446][505]LogModuleManager: Shutting down and abandoning module MagicLeapSecureStorage (46)
[2019.01.24-02.57.43:446][505]LogModuleManager: Shutting down and abandoning module MagicLeapGestures (44)
[2019.01.24-02.57.43:446][505]LogModuleManager: Shutting down and abandoning module MagicLeapEyeTracker (42)
[2019.01.24-02.57.43:446][505]LogModuleManager: Shutting down and abandoning module MagicLeapController (40)
[2019.01.24-02.57.43:447][505]LogSlate: Slate User Destroyed.  User Index 0, Is Virtual User: 0
[2019.01.24-02.57.43:447][505]LogModuleManager: Shutting down and abandoning module MagicLeap (38)
[2019.01.24-02.57.43:447][505]LogModuleManager: Shutting down and abandoning module AnimationModifiers (36)
[2019.01.24-02.57.43:447][505]LogModuleManager: Shutting down and abandoning module PropertyEditor (35)
[2019.01.24-02.57.43:447][505]LogModuleManager: Shutting down and abandoning module AudioEditor (32)
[2019.01.24-02.57.43:447][505]LogModuleManager: Shutting down and abandoning module TextureCompressor (30)
[2019.01.24-02.57.43:447][505]LogModuleManager: Shutting down and abandoning module ShaderCore (28)
[2019.01.24-02.57.43:447][505]LogModuleManager: Shutting down and abandoning module Landscape (26)
[2019.01.24-02.57.43:447][505]LogModuleManager: Shutting down and abandoning module SlateRHIRenderer (24)
[2019.01.24-02.57.43:447][505]LogModuleManager: Shutting down and abandoning module OpenGLDrv (22)
[2019.01.24-02.57.43:447][505]LogModuleManager: Shutting down and abandoning module D3D11RHI (20)
[2019.01.24-02.57.43:447][505]LogModuleManager: Shutting down and abandoning module AnimGraphRuntime (18)
[2019.01.24-02.57.43:447][505]LogModuleManager: Shutting down and abandoning module Renderer (16)
[2019.01.24-02.57.43:447][505]LogModuleManager: Shutting down and abandoning module Engine (14)
[2019.01.24-02.57.43:448][505]LogModuleManager: Shutting down and abandoning module CoreUObject (12)
[2019.01.24-02.57.43:448][505]LogModuleManager: Shutting down and abandoning module NetworkFile (10)
[2019.01.24-02.57.43:448][505]LogModuleManager: Shutting down and abandoning module CookedIterativeFile (8)
[2019.01.24-02.57.43:448][505]LogModuleManager: Shutting down and abandoning module StreamingFile (6)
[2019.01.24-02.57.43:448][505]LogModuleManager: Shutting down and abandoning module SandboxFile (4)
[2019.01.24-02.57.43:448][505]LogModuleManager: Shutting down and abandoning module PakFile (2)
[2019.01.24-02.57.43:455][505]LogExit: Exiting.
[2019.01.24-02.57.43:466][505]Log file closed, 01/23/19 19:57:43
