Log file open, 01/20/19 20:32:10
LogWindows: Failed to load 'aqProf.dll' (GetLastError=126)
LogWindows: File 'aqProf.dll' does not exist
LogWindows: Failed to load 'VSPerf140.dll' (GetLastError=126)
LogWindows: File 'VSPerf140.dll' does not exist
LogWindows: Failed to load 'VtuneApi.dll' (GetLastError=126)
LogWindows: File 'VtuneApi.dll' does not exist
LogWindows: Failed to load 'VtuneApi32e.dll' (GetLastError=126)
LogWindows: File 'VtuneApi32e.dll' does not exist
LogInit: Display: Running engine for game: JH_ICWhiteBox001_AP
LogPlatformFile: Not using cached read wrapper
LogTaskGraph: Started task graph with 5 named threads and 23 total threads with 3 sets of task threads.
LogStats: Stats thread started at 0.304921
LogD3D11RHI: Loaded GFSDK_Aftermath_Lib.x64.dll
LogICUInternationalization: Display: ICU TimeZone Detection - Raw Offset: -7:00, Platform Override: ''
LogPluginManager: Mounting plugin Paper2D
LogPluginManager: Mounting plugin AISupport
LogPluginManager: Mounting plugin LightPropagationVolume
LogPluginManager: Mounting plugin CLionSourceCodeAccess
LogPluginManager: Mounting plugin CodeLiteSourceCodeAccess
LogPluginManager: Mounting plugin GitSourceControl
LogPluginManager: Mounting plugin KDevelopSourceCodeAccess
LogPluginManager: Mounting plugin NullSourceCodeAccess
LogPluginManager: Mounting plugin PerforceSourceControl
LogPluginManager: Mounting plugin SubversionSourceControl
LogPluginManager: Mounting plugin UObjectPlugin
LogPluginManager: Mounting plugin VisualStudioCodeSourceCodeAccess
LogPluginManager: Mounting plugin VisualStudioSourceCodeAccess
LogPluginManager: Mounting plugin XCodeSourceCodeAccess
LogPluginManager: Mounting plugin AssetManagerEditor
LogPluginManager: Mounting plugin CryptoKeys
LogPluginManager: Mounting plugin DataValidation
LogPluginManager: Mounting plugin FacialAnimation
LogPluginManager: Mounting plugin GameplayTagsEditor
LogPluginManager: Mounting plugin MacGraphicsSwitching
LogPluginManager: Mounting plugin MeshEditor
LogPluginManager: Mounting plugin MobileLauncherProfileWizard
LogPluginManager: Mounting plugin PluginBrowser
LogPluginManager: Mounting plugin SpeedTreeImporter
LogPluginManager: Mounting plugin DatasmithContent
LogPluginManager: Mounting plugin AlembicImporter
LogPluginManager: Mounting plugin AppleImageUtils
LogPluginManager: Mounting plugin AppleVision
LogPluginManager: Mounting plugin BackChannel
LogPluginManager: Mounting plugin CharacterAI
LogPluginManager: Mounting plugin GeometryCache
LogPluginManager: Mounting plugin HTML5Networking
LogPluginManager: Mounting plugin ProxyLODPlugin
LogPluginManager: Mounting plugin MagicLeap
LogPluginManager: Mounting plugin MagicLeapEmulator
LogPluginManager: Mounting plugin MagicLeapMedia
LogPluginManager: Mounting plugin AndroidMedia
LogPluginManager: Mounting plugin AvfMedia
LogPluginManager: Mounting plugin ImgMedia
LogPluginManager: Mounting plugin LinearTimecode
LogPluginManager: Mounting plugin MediaCompositing
LogPluginManager: Mounting plugin MediaPlayerEditor
LogPluginManager: Mounting plugin WmfMedia
LogPluginManager: Mounting plugin TcpMessaging
LogPluginManager: Mounting plugin UdpMessaging
LogPluginManager: Mounting plugin ActorSequence
LogPluginManager: Mounting plugin LevelSequenceEditor
LogPluginManager: Mounting plugin MatineeToLevelSequence
LogPluginManager: Mounting plugin NetcodeUnitTest
LogPluginManager: Mounting plugin NUTUnrealEngine4
LogPluginManager: Mounting plugin OnlineSubsystemGooglePlay
LogPluginManager: Mounting plugin OnlineSubsystemIOS
LogPluginManager: Mounting plugin OnlineSubsystem
LogPluginManager: Mounting plugin OnlineSubsystemNull
LogPluginManager: Mounting plugin OnlineSubsystemUtils
LogPluginManager: Mounting plugin LauncherChunkInstaller
LogPluginManager: Mounting plugin AndroidDeviceProfileSelector
LogPluginManager: Mounting plugin AndroidMoviePlayer
LogPluginManager: Mounting plugin AndroidPermission
LogPluginManager: Mounting plugin AppleMoviePlayer
LogPluginManager: Mounting plugin ArchVisCharacter
LogPluginManager: Mounting plugin AudioCapture
LogPluginManager: Mounting plugin CableComponent
LogPluginManager: Mounting plugin CustomMeshComponent
LogPluginManager: Mounting plugin EditableMesh
LogPluginManager: Mounting plugin ExampleDeviceProfileSelector
LogPluginManager: Mounting plugin GoogleCloudMessaging
LogPluginManager: Mounting plugin ImmediatePhysics
LogPluginManager: Mounting plugin IOSDeviceProfileSelector
LogPluginManager: Mounting plugin LinuxDeviceProfileSelector
LogPluginManager: Mounting plugin LocationServicesBPLibrary
LogPluginManager: Mounting plugin MobilePatchingUtils
LogPluginManager: Mounting plugin OculusVR
LogPluginManager: Plugin shader directory ../../../Engine/Plugins/Runtime/Oculus/OculusVR/Shaders found
LogPluginManager: Mapping shader source directory ../../../Engine/Plugins/Runtime/Oculus/OculusVR/Shaders to virtual directory /Plugin/OculusVR
LogPluginManager: Mounting plugin PhysXVehicles
LogPluginManager: Mounting plugin ProceduralMeshComponent
LogPluginManager: Mounting plugin RuntimePhysXCooking
LogPluginManager: Mounting plugin SteamVR
LogPluginManager: Mounting plugin WindowsMoviePlayer
LogStreaming: Display: Took  0.138s to configure plugins.
LogInit: Using libcurl 7.55.1-DEV
LogInit:  - built for x86_64-pc-win32
LogInit:  - supports SSL with OpenSSL/1.0.2h
LogInit:  - supports HTTP deflate (compression) using libz 1.2.8
LogInit:  - other features:
LogInit:      CURL_VERSION_SSL
LogInit:      CURL_VERSION_LIBZ
LogInit:      CURL_VERSION_IPV6
LogInit:      CURL_VERSION_ASYNCHDNS
LogInit:      CURL_VERSION_LARGEFILE
LogInit:      CURL_VERSION_IDN
LogInit:  CurlRequestOptions (configurable via config and command line):
LogInit:  - bVerifyPeer = false  - Libcurl will NOT verify peer certificate
LogInit:  - bUseHttpProxy = false  - Libcurl will NOT use HTTP proxy
LogInit:  - bDontReuseConnections = false  - Libcurl will reuse connections
LogInit:  - CertBundlePath = nullptr  - Libcurl will use whatever was configured at build time.
LogInit:  - MaxHostConnections = 16  - Libcurl will limit the number of connections to a host
LogInit:  - LocalHostAddr = Default
LogInit:  - BufferSize = 65536
LogInit: WinSock: version 1.1 (2.2), MaxSocks=32767, MaxUdp=65467
LogInit: Build: ++UE4+Release-4.20-CL-4369336
LogInit: Engine Version: 4.20.3-4369336+++UE4+Release-4.20
LogInit: Compatible Engine Version: 4.20.0-4212847+++UE4+Release-4.20
LogInit: Net CL: 4212847
LogInit: OS: Windows 10 (), CPU: Intel(R) Core(TM) i7-7700HQ CPU @ 2.80GHz, GPU: Intel(R) HD Graphics 630
LogInit: Compiled (64-bit): Sep 17 2018 12:26:19
LogInit: Compiled with Visual C++: 19.13.26129.00
LogInit: Build Configuration: Development
LogInit: Branch Name: ++UE4+Release-4.20
LogInit: Command Line: 
LogInit: Base Directory: C:/Program Files/Epic Games/UE_4.20/Engine/Binaries/Win64/
LogInit: Installed Engine Build: 1
LogDevObjectVersion: Number of dev versions registered: 20
LogDevObjectVersion:   Dev-Blueprints (B0D832E4-1F89-4F0D-ACCF-7EB736FD4AA2): 10
LogDevObjectVersion:   Dev-Build (E1C64328-A22C-4D53-A36C-8E866417BD8C): 0
LogDevObjectVersion:   Dev-Core (375EC13C-06E4-48FB-B500-84F0262A717E): 2
LogDevObjectVersion:   Dev-Editor (E4B068ED-F494-42E9-A231-DA0B2E46BB41): 24
LogDevObjectVersion:   Dev-Framework (CFFC743F-43B0-4480-9391-14DF171D2073): 34
LogDevObjectVersion:   Dev-Mobile (B02B49B5-BB20-44E9-A304-32B752E40360): 2
LogDevObjectVersion:   Dev-Networking (A4E4105C-59A1-49B5-A7C5-40C4547EDFEE): 0
LogDevObjectVersion:   Dev-Online (39C831C9-5AE6-47DC-9A44-9C173E1C8E7C): 0
LogDevObjectVersion:   Dev-Physics (78F01B33-EBEA-4F98-B9B4-84EACCB95AA2): 0
LogDevObjectVersion:   Dev-Platform (6631380F-2D4D-43E0-8009-CF276956A95A): 0
LogDevObjectVersion:   Dev-Rendering (12F88B9F-8875-4AFC-A67C-D90C383ABD29): 26
LogDevObjectVersion:   Dev-Sequencer (7B5AE74C-D270-4C10-A958-57980B212A5A): 9
LogDevObjectVersion:   Dev-VR (D7296918-1DD6-4BDD-9DE2-64A83CC13884): 2
LogDevObjectVersion:   Dev-LoadTimes (C2A15278-BFE7-4AFE-6C17-90FF531DF755): 1
LogDevObjectVersion:   Private-Geometry (6EACA3D4-40EC-4CC1-B786-8BED09428FC5): 3
LogDevObjectVersion:   Dev-AnimPhys (29E575DD-E0A3-4627-9D10-D276232CDCEA): 17
LogDevObjectVersion:   Dev-ReflectionCapture (6B266CEC-1EC7-4B8F-A30B-E4D90942FC07): 1
LogDevObjectVersion:   Dev-Automation (0DF73D61-A23F-47EA-B727-89E90C41499A): 1
LogDevObjectVersion:   FortniteMain (601D1886-AC64-4F84-AA16-D3DE0DEAC7D6): 12
LogDevObjectVersion:   Dev-Enterprise (9DFFBCD6-494F-0158-E221-12823C92A888): 1
LogStreaming: Display: Took  0.004s to delete old logs.
LogInit: Presizing for max 8388607 objects, including 0 objects not considered by GC, pre-allocating 0 bytes for permanent pool.
LogInit: Object subsystem initialized
[2019.01.21-03.32.11:298][  0]LogInit: Selected Device Profile: [Windows]
[2019.01.21-03.32.11:298][  0]LogInit: Applying CVar settings loaded from the selected device profile: [Windows]
[2019.01.21-03.32.11:309][  0]LogHAL: Display: Platform has ~ 16 GB [17031376896 / 17179869184 / 16], which maps to Larger [LargestMinGB=32, LargerMinGB=12, DefaultMinGB=8, SmallerMinGB=6, SmallestMinGB=0)
[2019.01.21-03.32.11:309][  0]LogInit: Setting Device Profile CVar: [[r.Vulkan.UseRealUBs:1]]
[2019.01.21-03.32.11:309][  0]LogInit: Going up to parent DeviceProfile []
[2019.01.21-03.32.11:309][  0]LogInit: Computer: DESKTOP-U9SJI3O
[2019.01.21-03.32.11:309][  0]LogInit: User: JacksonHutson
[2019.01.21-03.32.11:309][  0]LogInit: CPU Page size=4096, Cores=4
[2019.01.21-03.32.11:309][  0]LogInit: High frequency timer resolution =2.742189 MHz
[2019.01.21-03.32.11:310][  0]LogMemory: Memory total: Physical=15.9GB (16GB approx)
[2019.01.21-03.32.11:310][  0]LogMemory: Platform Memory Stats for Windows
[2019.01.21-03.32.11:310][  0]LogMemory: Process Physical Memory: 99.63 MB used, 99.63 MB peak
[2019.01.21-03.32.11:310][  0]LogMemory: Process Virtual Memory: 91.10 MB used, 91.10 MB peak
[2019.01.21-03.32.11:310][  0]LogMemory: Physical Memory: 6240.77 MB used,  10001.62 MB free, 16242.39 MB total
[2019.01.21-03.32.11:310][  0]LogMemory: Virtual Memory: 4645.25 MB used,  10001.62 MB free, 134217728.00 MB total
[2019.01.21-03.32.11:353][  0]LogInit: Using OS detected language (en-US).
[2019.01.21-03.32.11:353][  0]LogInit: Using OS detected locale (en-US).
[2019.01.21-03.32.11:353][  0]LogTextLocalizationManager: No specific localization for 'en-US' exists, so the 'en' localization will be used.
[2019.01.21-03.32.11:785][  0]LogStreaming: Display: Took  0.432s to InitEngineTextLocalization.
[2019.01.21-03.32.11:785][  0]LogInit: Setting process to per monitor DPI aware
[2019.01.21-03.32.11:839][  0]LogSlate: New Slate User Created.  User Index 0, Is Virtual User: 0
[2019.01.21-03.32.11:839][  0]LogSlate: Slate User Registered.  User Index 0, Is Virtual User: 0
[2019.01.21-03.32.12:092][  0]LogHMD: Failed to initialize OpenVR with code 110
[2019.01.21-03.32.12:092][  0]LogD3D11RHI: D3D11 adapters:
[2019.01.21-03.32.12:182][  0]LogD3D11RHI:    0. 'NVIDIA GeForce GTX 1050' (Feature Level 11_0)
[2019.01.21-03.32.12:182][  0]LogD3D11RHI:       1979/0/8121 MB DedicatedVideo/DedicatedSystem/SharedSystem, Outputs:1, VendorId:0x10de
[2019.01.21-03.32.12:199][  0]LogD3D11RHI:    1. 'Intel(R) HD Graphics 630' (Feature Level 11_0)
[2019.01.21-03.32.12:199][  0]LogD3D11RHI:       128/0/8121 MB DedicatedVideo/DedicatedSystem/SharedSystem, Outputs:0, VendorId:0x8086
[2019.01.21-03.32.12:203][  0]LogD3D11RHI:    2. 'Microsoft Basic Render Driver' (Feature Level 11_0)
[2019.01.21-03.32.12:203][  0]LogD3D11RHI:       0/0/8121 MB DedicatedVideo/DedicatedSystem/SharedSystem, Outputs:0, VendorId:0x1414
[2019.01.21-03.32.12:203][  0]LogD3D11RHI: Chosen D3D11 Adapter: 0
[2019.01.21-03.32.12:239][  0]LogD3D11RHI: Creating new Direct3DDevice
[2019.01.21-03.32.12:239][  0]LogD3D11RHI:     GPU DeviceId: 0x1c8d (for the marketing name, search the web for "GPU Device Id")
[2019.01.21-03.32.12:239][  0]LogWindows: EnumDisplayDevices:
[2019.01.21-03.32.12:239][  0]LogWindows:    0. 'Intel(R) HD Graphics 630' (P:1 D:1)
[2019.01.21-03.32.12:240][  0]LogWindows:    1. 'Intel(R) HD Graphics 630' (P:0 D:0)
[2019.01.21-03.32.12:240][  0]LogWindows:    2. 'Intel(R) HD Graphics 630' (P:0 D:0)
[2019.01.21-03.32.12:241][  0]LogWindows: DebugString: PrimaryIsNotTheChoosenAdapter PrimaryIsNotTheChoosenAdapter PrimaryIsNotTheChoosenAdapter FoundDriverCount:0 
[2019.01.21-03.32.12:241][  0]LogD3D11RHI:     Adapter Name: NVIDIA GeForce GTX 1050
[2019.01.21-03.32.12:241][  0]LogD3D11RHI:   Driver Version: Unknown (internal:Unknown, unified:Unknown)
[2019.01.21-03.32.12:241][  0]LogD3D11RHI:      Driver Date: Unknown
[2019.01.21-03.32.12:241][  0]LogRHI: Texture pool is 1385 MB (70% of 1979 MB)
[2019.01.21-03.32.12:297][  0]LogD3D11RHI: Async texture creation enabled
[2019.01.21-03.32.12:315][  0]LogD3D11RHI: GPU Timing Frequency: 1000.000000 (Debug: 2 2)
[2019.01.21-03.32.12:316][  0]LogShaderCompilers: Guid format shader working directory is -43 characters bigger than the processId version (../../../../../../Users/Jackson Hutson/Documents/GitHub/JDH_whiteboxcitylevel/JH_ICWhiteBox001_AP/Intermediate/Shaders/WorkingDirectory/16780/).
[2019.01.21-03.32.12:316][  0]LogShaderCompilers: Cleaned the shader compiler working directory 'C:/Users/Jackson Hutson/AppData/Local/Temp/UnrealShaderWorkingDir/9A0E8304405600B4252765B208CEC0A4/'.
[2019.01.21-03.32.12:676][  0]LogTemp: Display: Loaded TP AllDesktopTargetPlatform
[2019.01.21-03.32.12:694][  0]LogTemp: Display: Loaded TP MacClientTargetPlatform
[2019.01.21-03.32.12:711][  0]LogTemp: Display: Loaded TP MacNoEditorTargetPlatform
[2019.01.21-03.32.12:729][  0]LogTemp: Display: Loaded TP MacServerTargetPlatform
[2019.01.21-03.32.12:746][  0]LogTemp: Display: Loaded TP MacTargetPlatform
[2019.01.21-03.32.12:763][  0]LogTemp: Display: Loaded TP WindowsClientTargetPlatform
[2019.01.21-03.32.12:780][  0]LogTemp: Display: Loaded TP WindowsNoEditorTargetPlatform
[2019.01.21-03.32.12:797][  0]LogTemp: Display: Loaded TP WindowsServerTargetPlatform
[2019.01.21-03.32.12:806][  0]LogTemp: Display: Loaded TP WindowsTargetPlatform
[2019.01.21-03.32.12:904][  0]LogTemp: Display: Loaded TP AndroidTargetPlatform
[2019.01.21-03.32.12:904][  0]LogTemp: Display: Loaded TP AndroidTargetPlatform
[2019.01.21-03.32.12:904][  0]LogTemp: Display: Loaded TP AndroidTargetPlatform
[2019.01.21-03.32.12:904][  0]LogTemp: Display: Loaded TP AndroidTargetPlatform
[2019.01.21-03.32.12:904][  0]LogTemp: Display: Loaded TP AndroidTargetPlatform
[2019.01.21-03.32.12:904][  0]LogTemp: Display: Loaded TP AndroidTargetPlatform
[2019.01.21-03.32.12:905][  0]LogTemp: Display: Loaded TP AndroidTargetPlatform
[2019.01.21-03.32.12:905][  0]LogTemp: Display: Loaded TP AndroidTargetPlatform
[2019.01.21-03.32.12:905][  0]LogTemp: Display: Loaded TP AndroidTargetPlatform
[2019.01.21-03.32.12:905][  0]LogTemp: Display: Loaded TP AndroidTargetPlatform
[2019.01.21-03.32.12:905][  0]LogTemp: Display: Loaded TP AndroidTargetPlatform
[2019.01.21-03.32.12:905][  0]LogTemp: Display: Loaded TP AndroidTargetPlatform
[2019.01.21-03.32.12:905][  0]LogTemp: Display: Loaded TP AndroidTargetPlatform
[2019.01.21-03.32.12:905][  0]LogTemp: Display: Loaded TP AndroidTargetPlatform
[2019.01.21-03.32.12:905][  0]LogTemp: Display: Loaded TP AndroidTargetPlatform
[2019.01.21-03.32.12:905][  0]LogTemp: Display: Loaded TP AndroidTargetPlatform
[2019.01.21-03.32.12:905][  0]LogTemp: Display: Loaded TP AndroidTargetPlatform
[2019.01.21-03.32.12:905][  0]LogTemp: Display: Loaded TP AndroidTargetPlatform
[2019.01.21-03.32.12:908][  0]LogTemp: Display: Loaded TP HTML5TargetPlatform
[2019.01.21-03.32.12:976][  0]LogTemp: Display: Loaded TP IOSTargetPlatform
[2019.01.21-03.32.12:976][  0]LogTemp: Display: Loaded TP IOSTargetPlatform
[2019.01.21-03.32.13:005][  0]LogTemp: Display: Loaded TP TVOSTargetPlatform
[2019.01.21-03.32.13:005][  0]LogTemp: Display: Loaded TP TVOSTargetPlatform
[2019.01.21-03.32.13:021][  0]LogTemp: Display: Loaded TP LinuxClientTargetPlatform
[2019.01.21-03.32.13:039][  0]LogTemp: Display: Loaded TP LinuxNoEditorTargetPlatform
[2019.01.21-03.32.13:055][  0]LogTemp: Display: Loaded TP LinuxServerTargetPlatform
[2019.01.21-03.32.13:071][  0]LogTemp: Display: Loaded TP LinuxTargetPlatform
[2019.01.21-03.32.13:085][  0]LogTemp: Display: Loaded TP LuminTargetPlatform
[2019.01.21-03.32.13:085][  0]LogTargetPlatformManager: Display: Building Assets For Windows
[2019.01.21-03.32.13:187][  0]LogXGEController: Cannot use XGE Controller as Incredibuild is not installed on this machine.
[2019.01.21-03.32.13:187][  0]LogShaderCompilers: Cannot use XGE Shader Compiler as Incredibuild is not installed on this machine.
[2019.01.21-03.32.13:187][  0]LogShaderCompilers: Display: Using Local Shader Compiler.
[2019.01.21-03.32.14:020][  0]LogDerivedDataCache: Display: Max Cache Size: 512 MB
[2019.01.21-03.32.14:079][  0]LogDerivedDataCache: Loaded boot cache 0.06s 71MB C:/Users/Jackson Hutson/AppData/Local/UnrealEngine/4.20/DerivedDataCache/Boot.ddc.
[2019.01.21-03.32.14:080][  0]LogDerivedDataCache: Display: Loaded Boot cache: C:/Users/Jackson Hutson/AppData/Local/UnrealEngine/4.20/DerivedDataCache/Boot.ddc
[2019.01.21-03.32.14:080][  0]LogDerivedDataCache: FDerivedDataBackendGraph:  Pak pak cache file ../../../../../../Users/Jackson Hutson/Documents/GitHub/JDH_whiteboxcitylevel/JH_ICWhiteBox001_AP/DerivedDataCache/DDC.ddp not found, will not use a pak cache.
[2019.01.21-03.32.14:080][  0]LogDerivedDataCache: Unable to find inner node Pak for hierarchical cache Hierarchy.
[2019.01.21-03.32.14:080][  0]LogDerivedDataCache: FDerivedDataBackendGraph:  CompressedPak pak cache file ../../../../../../Users/Jackson Hutson/Documents/GitHub/JDH_whiteboxcitylevel/JH_ICWhiteBox001_AP/DerivedDataCache/Compressed.ddp not found, will not use a pak cache.
[2019.01.21-03.32.14:080][  0]LogDerivedDataCache: Unable to find inner node CompressedPak for hierarchical cache Hierarchy.
[2019.01.21-03.32.14:095][  0]LogDerivedDataCache: Display: Pak cache opened for reading ../../../Engine/DerivedDataCache/Compressed.ddp.
[2019.01.21-03.32.14:108][  0]LogDerivedDataCache: Using Local data cache path C:/Users/Jackson Hutson/AppData/Local/UnrealEngine/Common/DerivedDataCache: Writable
[2019.01.21-03.32.14:108][  0]LogDerivedDataCache: Shared data cache path not found in *engine.ini, will not use an Shared cache.
[2019.01.21-03.32.14:108][  0]LogDerivedDataCache: Unable to find inner node Shared for hierarchical cache Hierarchy.
[2019.01.21-03.32.14:128][  0]LogMaterial: Verifying Global Shaders for PCD3D_SM5
[2019.01.21-03.32.14:130][  0]LogSlate: Using FreeType 2.6.0
[2019.01.21-03.32.14:131][  0]LogSlate: SlateFontServices - WITH_FREETYPE: 1, WITH_HARFBUZZ: 1
[2019.01.21-03.32.14:213][  0]LogAssetRegistry: FAssetRegistry took 0.0280 seconds to start up
[2019.01.21-03.32.14:572][  0]LogInit: Selected Device Profile: [Windows]
[2019.01.21-03.32.14:743][  0]LogSimplygon: Simplygon DLL not present - disabling.
[2019.01.21-03.32.14:750][  0]LogMeshReduction: Using SimplygonSwarm for distributed automatic mesh merging
[2019.01.21-03.32.14:750][  0]LogMeshReduction: Using ProxyLODMeshReduction for automatic mesh merging
[2019.01.21-03.32.14:750][  0]LogMeshReduction: Using QuadricMeshReduction for automatic static mesh reduction
[2019.01.21-03.32.14:750][  0]LogMeshReduction: No automatic skeletal mesh reduction module available
[2019.01.21-03.32.14:768][  0]LogNetVersion: JH_ICWhiteBox001_AP 1.0.0, NetCL: 4212847, EngineNetVer: 5, GameNetVer: 0 (Checksum: 2852069992)
[2019.01.21-03.32.15:334][  0]LogPackageLocalizationCache: Processed 11 localized package path(s) for 2 prioritized culture(s) in 0.109841 seconds
[2019.01.21-03.32.15:342][  0]LogUObjectArray: 38425 objects as part of root set at end of initial load.
[2019.01.21-03.32.15:342][  0]LogUObjectAllocator: 6690872 out of 0 bytes used by permanent object pool.
[2019.01.21-03.32.15:342][  0]LogUObjectArray: CloseDisregardForGC: 0/0 objects in disregard for GC pool
[2019.01.21-03.32.16:356][  0]LogTcpMessaging: Initializing TcpMessaging bridge
[2019.01.21-03.32.16:371][  0]LogUdpMessaging: Initializing bridge on interface 0.0.0.0:0 to multicast group 230.0.0.1:6666.
[2019.01.21-03.32.16:548][  0]SourceControl: Source control is disabled
[2019.01.21-03.32.16:548][  0]SourceControl: Source control is disabled
[2019.01.21-03.32.16:550][  0]SourceControl: Source control is disabled
[2019.01.21-03.32.16:553][  0]SourceControl: Source control is disabled
[2019.01.21-03.32.16:779][  0]LogAndroidPermission: UAndroidPermissionCallbackProxy::GetInstance
[2019.01.21-03.32.16:876][  0]LogOcInput: OculusInput pre-init called
[2019.01.21-03.32.16:952][  0]LogEngine: Initializing Engine...
[2019.01.21-03.32.16:953][  0]LogHMD: Failed to initialize OpenVR with code 110
[2019.01.21-03.32.16:954][  0]LogStats: UGameplayTagsManager::ConstructGameplayTagTree: ImportINI prefixes -  0.000 s
[2019.01.21-03.32.16:954][  0]LogStats: UGameplayTagsManager::ConstructGameplayTagTree: Construct from data asset -  0.000 s
[2019.01.21-03.32.16:955][  0]LogStats: UGameplayTagsManager::ConstructGameplayTagTree: ImportINI -  0.000 s
[2019.01.21-03.32.16:955][  0]LogStats: UGameplayTagsManager::ConstructGameplayTagTree: GameplayTagTreeChangedEvent.Broadcast -  0.000 s
[2019.01.21-03.32.17:192][  0]LogInit: Initializing FReadOnlyCVARCache
[2019.01.21-03.32.17:207][  0]LogAIModule: Creating AISystem for world Untitled
[2019.01.21-03.32.17:222][  0]LogInit: XAudio2 using 'Speakers (Realtek High Definition Audio)' : 2 channels at 48 kHz using 32 bits per sample (channel mask 0x3)
[2019.01.21-03.32.17:280][  0]LogInit: FAudioDevice initialized.
[2019.01.21-03.32.17:280][  0]LogNetVersion: Set ProjectVersion to 1.0.0.0. Version Checksum will be recalculated on next use.
[2019.01.21-03.32.17:337][  0]LogDerivedDataCache: Saved boot cache 0.06s 71MB C:/Users/Jackson Hutson/AppData/Local/UnrealEngine/4.20/DerivedDataCache/Boot.ddc.
[2019.01.21-03.32.17:352][  0]LogInit: Texture streaming: Enabled
[2019.01.21-03.32.17:377][  0]LogEngineSessionManager: EngineSessionManager initialized
[2019.01.21-03.32.17:395][  0]LogInit: Transaction tracking system initialized
[2019.01.21-03.32.17:430][  0]BlueprintLog: New page: Editor Load
[2019.01.21-03.32.17:545][  0]LocalizationService: Localization service is disabled
[2019.01.21-03.32.17:846][  0]LogCook: Display: Max memory allowance for cook 16384mb min free memory 0mb
[2019.01.21-03.32.17:846][  0]LogCook: Display: Mobile HDR setting 1
[2019.01.21-03.32.17:846][  0]LogGameplayTags: Display: UGameplayTagsManager::DoneAddingNativeTags. DelegateIsBound: 0
[2019.01.21-03.32.17:846][  0]LogStats: UGameplayTagsManager::ConstructGameplayTagTree: ImportINI prefixes -  0.000 s
[2019.01.21-03.32.17:846][  0]LogStats: UGameplayTagsManager::ConstructGameplayTagTree: Construct from data asset -  0.000 s
[2019.01.21-03.32.17:846][  0]LogStats: UGameplayTagsManager::ConstructGameplayTagTree: ImportINI -  0.000 s
[2019.01.21-03.32.17:846][  0]LogStats: UGameplayTagsManager::ConstructGameplayTagTree: GameplayTagTreeChangedEvent.Broadcast -  0.000 s
[2019.01.21-03.32.18:018][  0]LogFileCache: Scanning file cache for directory 'C:/Users/Jackson Hutson/Documents/GitHub/JDH_whiteboxcitylevel/JH_ICWhiteBox001_AP/Content/' took 0.01s
[2019.01.21-03.32.18:018][  0]SourceControl: Source control is disabled
[2019.01.21-03.32.18:018][  0]Cmd: MAP LOAD FILE="../../../Engine/Content/Maps/Templates/Template_Default.umap" TEMPLATE=1 SHOWPROGRESS=1 FEATURELEVEL=3
[2019.01.21-03.32.18:018][  0]LightingResults: New page: Lighting Build
[2019.01.21-03.32.18:021][  0]MapCheck: New page: Map Check
[2019.01.21-03.32.18:021][  0]LightingResults: New page: Lighting Build
[2019.01.21-03.32.18:247][  0]LogAIModule: Creating AISystem for world Untitled_1
[2019.01.21-03.32.18:258][  0]LogEditorServer: Finished looking for orphan Actors (0.000 secs)
[2019.01.21-03.32.18:284][  0]Cmd: MAP CHECKDEP NOCLEARLOG
[2019.01.21-03.32.18:360][  0]MapCheck: Map check complete: 0 Error(s), 0 Warning(s), took 75.4ms to complete.
[2019.01.21-03.32.18:360][  0]LogFileHelpers: Loading map 'Template_Default' took 0.342
[2019.01.21-03.32.18:494][  0]LogSlate: Updating window title bar state: overlay mode, drag disabled, window buttons hidden, title bar hidden
[2019.01.21-03.32.18:504][  0]LogSlate: Updating window title bar state: overlay mode, drag disabled, window buttons hidden, title bar hidden
[2019.01.21-03.32.18:512][  0]LogSlate: Updating window title bar state: overlay mode, drag disabled, window buttons hidden, title bar hidden
[2019.01.21-03.32.18:520][  0]LogSlate: Updating window title bar state: overlay mode, drag disabled, window buttons hidden, title bar hidden
[2019.01.21-03.32.18:535][  0]LogCollectionManager: Loaded 0 collections in 0.001905 seconds
[2019.01.21-03.32.18:591][  0]LogFileCache: Scanning file cache for directory 'C:/Users/Jackson Hutson/Documents/GitHub/JDH_whiteboxcitylevel/JH_ICWhiteBox001_AP/Saved/Collections/' took 0.01s
[2019.01.21-03.32.18:591][  0]LogFileCache: Scanning file cache for directory 'C:/Users/Jackson Hutson/Documents/GitHub/JDH_whiteboxcitylevel/JH_ICWhiteBox001_AP/Content/Developers/JacksonHutson/Collections/' took 0.01s
[2019.01.21-03.32.18:591][  0]LogFileCache: Scanning file cache for directory 'C:/Users/Jackson Hutson/Documents/GitHub/JDH_whiteboxcitylevel/JH_ICWhiteBox001_AP/Content/Collections/' took 0.01s
[2019.01.21-03.32.18:591][  0]LogCollectionManager: Rebuilt the GUID cache for 0 collections in 0.000000 seconds
[2019.01.21-03.32.18:605][  0]LogContentBrowser: Native class hierarchy populated in 0.0122 seconds. Added 2572 classes and 603 folders.
[2019.01.21-03.32.18:618][  0]LogContentBrowser: Native class hierarchy updated for 'WidgetCarousel' in 0.0003 seconds. Added 0 classes and 0 folders.
[2019.01.21-03.32.18:741][  0]LogContentBrowser: Native class hierarchy updated for 'AddContentDialog' in 0.0003 seconds. Added 0 classes and 0 folders.
[2019.01.21-03.32.18:756][  0]LogContentBrowser: Native class hierarchy updated for 'SceneOutliner' in 0.0003 seconds. Added 1 classes and 2 folders.
[2019.01.21-03.32.18:815][  0]LogSlate: Took 0.000208 seconds to synchronously load lazily loaded font '../../../Engine/Content/Slate/Fonts/Roboto-Regular.ttf' (155K)
[2019.01.21-03.32.18:818][  0]LogSlate: Took 0.000228 seconds to synchronously load lazily loaded font '../../../Engine/Content/Slate/Fonts/Roboto-Bold.ttf' (160K)
[2019.01.21-03.32.18:831][  0]LogSlate: Took 0.001139 seconds to synchronously load lazily loaded font '../../../Engine/Content/Editor/Slate/Fonts/FontAwesome.ttf' (139K)
[2019.01.21-03.32.18:945][  0]LogRenderer: Reallocating scene render targets to support 964x460 Format 10 NumSamples 1 (Frame:1).
[2019.01.21-03.32.19:143][  0]LogContentBrowser: Native class hierarchy updated for 'HierarchicalLODOutliner' in 0.0003 seconds. Added 0 classes and 0 folders.
[2019.01.21-03.32.19:143][  0]LogLoad: (Engine Initialization) Total time: 9.65 seconds
[2019.01.21-03.32.19:143][  0]LogLoad: (Engine Initialization) Total Blueprint compile time: 0.00 seconds
[2019.01.21-03.32.19:161][  0]LogWindowsTextInputMethodSystem: Display: IME system now deactivated.
[2019.01.21-03.32.19:183][  0]LogContentStreaming: Texture pool size now 1000 MB
[2019.01.21-03.32.19:232][  1]LogAssetRegistry: Asset discovery search completed in 5.0427 seconds
[2019.01.21-03.32.19:234][  1]LogCollectionManager: Rebuilt the object cache for 0 collections in 0.000000 seconds (found 0 objects)
[2019.01.21-03.32.19:234][  1]LogCollectionManager: Fixed up redirectors for 0 collections in 0.000057 seconds (updated 0 objects)
[2019.01.21-03.32.23:823][249]LogSlate: FSceneViewport::OnFocusLost() reason 0
[2019.01.21-03.32.25:075][317]LogSlate: Took 0.002118 seconds to synchronously load lazily loaded font '../../../Engine/Content/Slate/Fonts/Roboto-Light.ttf' (167K)
[2019.01.21-03.32.25:330][317]LogAIModule: Creating AISystem for world JH_StreetLevel
[2019.01.21-03.32.25:357][317]LogAssetEditorManager: Opening Asset editor for World /Game/JH_StreetLevel.JH_StreetLevel
[2019.01.21-03.32.25:387][317]Cmd: MAP LOAD FILE="../../../../../../Users/Jackson Hutson/Documents/GitHub/JDH_whiteboxcitylevel/JH_ICWhiteBox001_AP/Content/JH_StreetLevel.umap" TEMPLATE=0 SHOWPROGRESS=1 FEATURELEVEL=3
[2019.01.21-03.32.25:387][317]LightingResults: New page: Lighting Build
[2019.01.21-03.32.25:388][317]LoadErrors: New page: Loading map: JH_StreetLevel.umap
[2019.01.21-03.32.25:388][317]MapCheck: New page: Map Check
[2019.01.21-03.32.25:388][317]LightingResults: New page: Lighting Build
[2019.01.21-03.32.25:426][317]LogEditorServer: Finished looking for orphan Actors (0.000 secs)
[2019.01.21-03.32.25:471][317]Cmd: MAP CHECKDEP NOCLEARLOG
[2019.01.21-03.32.25:549][317]MapCheck: Map check complete: 0 Error(s), 0 Warning(s), took 77.652ms to complete.
[2019.01.21-03.32.25:549][317]LogFileHelpers: Loading map 'JH_StreetLevel' took 0.163
[2019.01.21-03.32.48:901][665]Cmd: EDIT COPY
[2019.01.21-03.32.49:109][677]Cmd: EDIT PASTE
[2019.01.21-03.32.58:247][171]LogSlate: FSceneViewport::OnFocusLost() reason 0
[2019.01.21-03.35.39:730][437]LogEditorViewport: Clicking on Actor (LMB): DirectionalLight (Light Source)
[2019.01.21-03.35.45:174][741]LogSlate: FSceneViewport::OnFocusLost() reason 0
[2019.01.21-03.35.54:278][263]Cmd: TRANSACTION UNDO
[2019.01.21-03.35.54:278][263]LogEditorTransaction: Undo Set Rotation
[2019.01.21-03.35.58:234][460]LogSlate: FSceneViewport::OnFocusLost() reason 0
[2019.01.21-03.37.11:196][570]LogSlate: FSceneViewport::OnFocusLost() reason 0
[2019.01.21-03.39.00:632][900]LogSlate: FSceneViewport::OnFocusLost() reason 0
[2019.01.21-03.39.04:761][102]LogSlate: FSceneViewport::OnFocusLost() reason 0
[2019.01.21-03.39.07:147][235]Cmd: EDIT COPY
[2019.01.21-03.39.07:378][248]Cmd: EDIT PASTE
[2019.01.21-03.39.21:298][ 11]Cmd: EDIT COPY
[2019.01.21-03.39.21:518][ 24]Cmd: EDIT PASTE
[2019.01.21-03.39.25:815][232]Cmd: EDIT COPY
[2019.01.21-03.39.26:031][245]Cmd: EDIT PASTE
[2019.01.21-03.39.45:415][297]Cmd: EDIT COPY
[2019.01.21-03.39.45:599][308]Cmd: EDIT PASTE
[2019.01.21-03.41.05:107][649]Cmd: EDIT COPY
[2019.01.21-03.41.05:317][660]Cmd: EDIT PASTE
[2019.01.21-03.41.11:906][996]Cmd: EDIT COPY
[2019.01.21-03.41.12:092][  7]Cmd: EDIT PASTE
[2019.01.21-03.41.20:545][448]Cmd: EDIT COPY
[2019.01.21-03.41.20:748][460]Cmd: EDIT PASTE
[2019.01.21-03.41.48:540][ 56]Cmd: EDIT COPY
[2019.01.21-03.41.48:695][ 65]Cmd: EDIT PASTE
[2019.01.21-03.42.25:188][114]LogSlate: FSceneViewport::OnFocusLost() reason 2
[2019.01.21-03.42.26:002][114]LogSavePackage: Moving '../../../../../../Users/Jackson Hutson/Documents/GitHub/JDH_whiteboxcitylevel/JH_ICWhiteBox001_AP/Saved/JH_StreetLevel_Auto16DA217184164370254D6FDB56A1AB2DE.tmp' to '../../../../../../Users/Jackson Hutson/Documents/GitHub/JDH_whiteboxcitylevel/JH_ICWhiteBox001_AP/Saved/Autosaves/Game/JH_StreetLevel_Auto1.umap'
[2019.01.21-03.42.26:009][114]LogFileHelpers: Editor autosave (incl. sublevels) for '/Game/JH_StreetLevel' took 0.799
[2019.01.21-03.42.26:009][114]LogFileHelpers: Editor autosave (incl. sublevels) for all levels took 0.799
[2019.01.21-03.43.23:716][481]Cmd: EDIT COPY
[2019.01.21-03.43.23:880][490]Cmd: EDIT PASTE
[2019.01.21-03.44.16:636][492]Cmd: EDIT COPY
[2019.01.21-03.44.16:842][503]Cmd: EDIT PASTE
[2019.01.21-03.44.34:775][456]LogSlate: FSceneViewport::OnFocusLost() reason 0
[2019.01.21-03.45.24:621][213]Cmd: EDIT COPY
[2019.01.21-03.45.24:830][224]Cmd: EDIT PASTE
[2019.01.21-03.46.10:245][593]LogSlate: FSceneViewport::OnFocusLost() reason 0
[2019.01.21-03.46.39:282][215]LogSlate: FSceneViewport::OnFocusLost() reason 2
[2019.01.21-03.46.40:025][257]Cmd: TRANSACTION UNDO
[2019.01.21-03.46.40:025][257]LogEditorTransaction: Undo Apply Material to Selected Surfaces
[2019.01.21-03.46.43:863][456]LogSlate: FSceneViewport::OnFocusLost() reason 0
[2019.01.21-03.47.01:463][405]Cmd: EDIT COPY
[2019.01.21-03.47.01:673][413]Cmd: EDIT PASTE
[2019.01.21-03.47.45:310][858]LogSlate: FSceneViewport::OnFocusLost() reason 0
[2019.01.21-03.48.00:310][667]LogSlate: FSceneViewport::OnFocusLost() reason 0
[2019.01.21-03.48.03:902][834]LogSlate: FSceneViewport::OnFocusLost() reason 0
[2019.01.21-03.49.11:141][490]LogSlate: FSceneViewport::OnFocusLost() reason 0
[2019.01.21-03.49.51:885][733]LogSlate: FSceneViewport::OnFocusLost() reason 0
[2019.01.21-03.50.05:459][427]LogSlate: FSceneViewport::OnFocusLost() reason 0
[2019.01.21-03.50.18:482][175]LogSlate: FSceneViewport::OnFocusLost() reason 0
[2019.01.21-03.51.21:828][732]LogEditorViewport: Clicking on Actor (LMB): BP_Sky_Sphere_C (Sky Sphere7)
[2019.01.21-03.52.15:278][680]Cmd: EDIT COPY
[2019.01.21-03.52.15:489][692]Cmd: EDIT PASTE
[2019.01.21-03.52.27:008][319]Cmd: EDIT COPY
[2019.01.21-03.52.27:203][330]Cmd: EDIT PASTE
[2019.01.21-03.52.36:417][815]Cmd: EDIT COPY
[2019.01.21-03.52.36:608][826]Cmd: EDIT PASTE
[2019.01.21-03.52.54:913][852]Cmd: EDIT COPY
[2019.01.21-03.52.55:120][864]Cmd: EDIT PASTE
[2019.01.21-03.53.02:216][202]Cmd: EDIT COPY
[2019.01.21-03.53.02:382][211]Cmd: EDIT PASTE
[2019.01.21-03.53.30:431][780]LogSlate: FSceneViewport::OnFocusLost() reason 2
[2019.01.21-03.53.31:341][780]LogSavePackage: Moving '../../../../../../Users/Jackson Hutson/Documents/GitHub/JDH_whiteboxcitylevel/JH_ICWhiteBox001_AP/Saved/JH_StreetLevel_Auto2604603A74FA901DC0CB818BEBFA3A3DA.tmp' to '../../../../../../Users/Jackson Hutson/Documents/GitHub/JDH_whiteboxcitylevel/JH_ICWhiteBox001_AP/Saved/Autosaves/Game/JH_StreetLevel_Auto2.umap'
[2019.01.21-03.53.31:348][780]LogFileHelpers: Editor autosave (incl. sublevels) for '/Game/JH_StreetLevel' took 0.898
[2019.01.21-03.53.31:348][780]LogFileHelpers: Editor autosave (incl. sublevels) for all levels took 0.898
[2019.01.21-03.54.02:860][582]LogSlate: FSceneViewport::OnFocusLost() reason 0
[2019.01.21-03.54.15:032][286]Cmd: EDIT COPY
[2019.01.21-03.54.15:235][298]Cmd: EDIT PASTE
[2019.01.21-03.54.30:513][100]Cmd: DELETE
[2019.01.21-03.54.30:513][100]Cmd: ACTOR DELETE
[2019.01.21-03.54.30:551][100]LogEditorActor: Deleted Actor: Brush
[2019.01.21-03.54.30:796][100]LogEditorActor: Deleted 1 Actors (0.283 secs)
[2019.01.21-03.54.38:621][538]LogSlate: FSceneViewport::OnFocusLost() reason 0
[2019.01.21-03.54.46:973][  6]Cmd: EDIT COPY
[2019.01.21-03.54.47:174][ 17]Cmd: EDIT PASTE
[2019.01.21-03.54.53:755][350]LogSlate: FSceneViewport::OnFocusLost() reason 2
[2019.01.21-03.54.54:565][397]Cmd: TRANSACTION UNDO
[2019.01.21-03.54.54:565][397]LogEditorTransaction: Undo Move Actors
[2019.01.21-03.54.54:735][397]LogActorComponent: ~FComponentReregisterContext: (/Game/JH_StreetLevel.JH_StreetLevel:PersistentLevel.Brush_Street_100.BrushComponent0) Component already registered.
[2019.01.21-03.54.54:736][397]LogActorComponent: ~FComponentReregisterContext: (/Game/JH_StreetLevel.JH_StreetLevel:PersistentLevel.Brush_Sidewalk_19.BrushComponent0) Component already registered.
[2019.01.21-03.54.54:736][397]LogActorComponent: ~FComponentReregisterContext: (/Game/JH_StreetLevel.JH_StreetLevel:PersistentLevel.Brush_Street_79.BrushComponent0) Component already registered.
[2019.01.21-03.54.54:736][397]LogActorComponent: ~FComponentReregisterContext: (/Game/JH_StreetLevel.JH_StreetLevel:PersistentLevel.Brush_Sidewalk_22.BrushComponent0) Component already registered.
[2019.01.21-03.54.54:737][397]LogActorComponent: ~FComponentReregisterContext: (/Game/JH_StreetLevel.JH_StreetLevel:PersistentLevel.Brush_Street_77.BrushComponent0) Component already registered.
[2019.01.21-03.54.54:738][397]LogActorComponent: ~FComponentReregisterContext: (/Game/JH_StreetLevel.JH_StreetLevel:PersistentLevel.Brush_Street_60.BrushComponent0) Component already registered.
[2019.01.21-03.54.54:738][397]LogActorComponent: ~FComponentReregisterContext: (/Game/JH_StreetLevel.JH_StreetLevel:PersistentLevel.Brush_Sidewalk_33.BrushComponent0) Component already registered.
[2019.01.21-03.54.54:739][397]LogActorComponent: ~FComponentReregisterContext: (/Game/JH_StreetLevel.JH_StreetLevel:PersistentLevel.Brush_Street_98.BrushComponent0) Component already registered.
[2019.01.21-03.54.54:743][397]LogActorComponent: ~FComponentReregisterContext: (/Game/JH_StreetLevel.JH_StreetLevel:PersistentLevel.Brush_Building_69.BrushComponent0) Component already registered.
[2019.01.21-03.54.54:759][397]LogActorComponent: ~FComponentReregisterContext: (/Game/JH_StreetLevel.JH_StreetLevel:PersistentLevel.Brush_Street_10.BrushComponent0) Component already registered.
[2019.01.21-03.54.54:759][397]LogActorComponent: ~FComponentReregisterContext: (/Game/JH_StreetLevel.JH_StreetLevel:PersistentLevel.Brush_Street_12.BrushComponent0) Component already registered.
[2019.01.21-03.54.54:759][397]LogActorComponent: ~FComponentReregisterContext: (/Game/JH_StreetLevel.JH_StreetLevel:PersistentLevel.Brush_Street_6.BrushComponent0) Component already registered.
[2019.01.21-03.54.54:760][397]LogActorComponent: ~FComponentReregisterContext: (/Game/JH_StreetLevel.JH_StreetLevel:PersistentLevel.Brush_Sidewalk_9.BrushComponent0) Component already registered.
[2019.01.21-03.54.54:760][397]LogActorComponent: ~FComponentReregisterContext: (/Game/JH_StreetLevel.JH_StreetLevel:PersistentLevel.Brush_Street_37.BrushComponent0) Component already registered.
[2019.01.21-03.54.54:760][397]LogActorComponent: ~FComponentReregisterContext: (/Game/JH_StreetLevel.JH_StreetLevel:PersistentLevel.Brush_Sidewalk_12.BrushComponent0) Component already registered.
[2019.01.21-03.54.54:761][397]LogActorComponent: ~FComponentReregisterContext: (/Game/JH_StreetLevel.JH_StreetLevel:PersistentLevel.Brush_Sidewalk_5.BrushComponent0) Component already registered.
[2019.01.21-03.54.54:761][397]LogActorComponent: ~FComponentReregisterContext: (/Game/JH_StreetLevel.JH_StreetLevel:PersistentLevel.Brush_Sidewalk_1.BrushComponent0) Component already registered.
[2019.01.21-03.54.54:763][397]LogActorComponent: ~FComponentReregisterContext: (/Game/JH_StreetLevel.JH_StreetLevel:PersistentLevel.Brush_building_14.BrushComponent0) Component already registered.
[2019.01.21-03.54.54:763][397]LogActorComponent: ~FComponentReregisterContext: (/Game/JH_StreetLevel.JH_StreetLevel:PersistentLevel.Brush_Building_6.BrushComponent0) Component already registered.
[2019.01.21-03.54.54:763][397]LogActorComponent: ~FComponentReregisterContext: (/Game/JH_StreetLevel.JH_StreetLevel:PersistentLevel.Brush_building_22.BrushComponent0) Component already registered.
[2019.01.21-03.54.54:765][397]LogActorComponent: ~FComponentReregisterContext: (/Game/JH_StreetLevel.JH_StreetLevel:PersistentLevel.Brush_Sidewalk_63.BrushComponent0) Component already registered.
[2019.01.21-03.54.54:765][397]LogActorComponent: ~FComponentReregisterContext: (/Game/JH_StreetLevel.JH_StreetLevel:PersistentLevel.Brush_Street_207.BrushComponent0) Component already registered.
[2019.01.21-03.54.54:766][397]LogActorComponent: ~FComponentReregisterContext: (/Game/JH_StreetLevel.JH_StreetLevel:PersistentLevel.Brush_building_53.BrushComponent0) Component already registered.
[2019.01.21-03.54.54:767][397]LogActorComponent: ~FComponentReregisterContext: (/Game/JH_StreetLevel.JH_StreetLevel:PersistentLevel.Brush_building_49.BrushComponent0) Component already registered.
[2019.01.21-03.54.54:767][397]LogActorComponent: ~FComponentReregisterContext: (/Game/JH_StreetLevel.JH_StreetLevel:PersistentLevel.Brush_Building_59.BrushComponent0) Component already registered.
[2019.01.21-03.54.54:768][397]LogActorComponent: ~FComponentReregisterContext: (/Game/JH_StreetLevel.JH_StreetLevel:PersistentLevel.Brush_building_45.BrushComponent0) Component already registered.
[2019.01.21-03.54.54:768][397]LogActorComponent: ~FComponentReregisterContext: (/Game/JH_StreetLevel.JH_StreetLevel:PersistentLevel.Brush_building_37.BrushComponent0) Component already registered.
[2019.01.21-03.54.54:769][397]LogActorComponent: ~FComponentReregisterContext: (/Game/JH_StreetLevel.JH_StreetLevel:PersistentLevel.Brush_Street_132.BrushComponent0) Component already registered.
[2019.01.21-03.54.54:769][397]LogActorComponent: ~FComponentReregisterContext: (/Game/JH_StreetLevel.JH_StreetLevel:PersistentLevel.Brush_Sidewalk_44.BrushComponent0) Component already registered.
[2019.01.21-03.54.54:770][397]LogActorComponent: ~FComponentReregisterContext: (/Game/JH_StreetLevel.JH_StreetLevel:PersistentLevel.Brush_Sidewalk_48.BrushComponent0) Component already registered.
[2019.01.21-03.54.54:771][397]LogActorComponent: ~FComponentReregisterContext: (/Game/JH_StreetLevel.JH_StreetLevel:PersistentLevel.Brush_Sidewalk_40.BrushComponent0) Component already registered.
[2019.01.21-03.54.54:771][397]LogActorComponent: ~FComponentReregisterContext: (/Game/JH_StreetLevel.JH_StreetLevel:PersistentLevel.Brush_Sidewalk_37.BrushComponent0) Component already registered.
[2019.01.21-03.54.54:771][397]LogActorComponent: ~FComponentReregisterContext: (/Game/JH_StreetLevel.JH_StreetLevel:PersistentLevel.Brush_Sidewalk_178.BrushComponent0) Component already registered.
[2019.01.21-03.54.54:772][397]LogActorComponent: ~FComponentReregisterContext: (/Game/JH_StreetLevel.JH_StreetLevel:PersistentLevel.Brush_Street_174.BrushComponent0) Component already registered.
[2019.01.21-03.54.54:772][397]LogActorComponent: ~FComponentReregisterContext: (/Game/JH_StreetLevel.JH_StreetLevel:PersistentLevel.Brush_Street_161.BrushComponent0) Component already registered.
[2019.01.21-03.54.54:773][397]LogActorComponent: ~FComponentReregisterContext: (/Game/JH_StreetLevel.JH_StreetLevel:PersistentLevel.Brush_Sidewalk_55.BrushComponent0) Component already registered.
[2019.01.21-03.54.54:773][397]LogActorComponent: ~FComponentReregisterContext: (/Game/JH_StreetLevel.JH_StreetLevel:PersistentLevel.Brush_Street_169.BrushComponent0) Component already registered.
[2019.01.21-03.54.54:774][397]LogActorComponent: ~FComponentReregisterContext: (/Game/JH_StreetLevel.JH_StreetLevel:PersistentLevel.Brush_Sidewalk_58.BrushComponent0) Component already registered.
[2019.01.21-03.54.54:774][397]LogActorComponent: ~FComponentReregisterContext: (/Game/JH_StreetLevel.JH_StreetLevel:PersistentLevel.Brush_Street_167.BrushComponent0) Component already registered.
[2019.01.21-03.54.54:775][397]LogActorComponent: ~FComponentReregisterContext: (/Game/JH_StreetLevel.JH_StreetLevel:PersistentLevel.Brush_Street_150.BrushComponent0) Component already registered.
[2019.01.21-03.54.58:402][594]LogSlate: FSceneViewport::OnFocusLost() reason 0
[2019.01.21-03.55.07:379][ 56]Cmd: TRANSACTION UNDO
[2019.01.21-03.55.07:379][ 56]LogEditorTransaction: Undo Clicking on Actors
[2019.01.21-03.55.24:899][981]Cmd: DELETE
[2019.01.21-03.55.24:899][981]Cmd: ACTOR DELETE
[2019.01.21-03.55.24:945][981]LogEditorActor: Deleted Actor: Brush
[2019.01.21-03.55.25:189][981]LogEditorActor: Deleted 1 Actors (0.288 secs)
[2019.01.21-03.55.28:141][136]LogSlate: FSceneViewport::OnFocusLost() reason 0
[2019.01.21-03.55.40:620][802]LogSlate: FSceneViewport::OnFocusLost() reason 0
[2019.01.21-03.55.52:928][478]Cmd: DELETE
[2019.01.21-03.55.52:928][478]Cmd: ACTOR DELETE
[2019.01.21-03.55.52:969][478]LogEditorActor: Deleted Actor: Brush
[2019.01.21-03.55.53:214][478]LogEditorActor: Deleted 1 Actors (0.286 secs)
[2019.01.21-03.55.54:830][566]LogSlate: FSceneViewport::OnFocusLost() reason 0
[2019.01.21-03.56.09:652][354]LogEditorActor: Deleted Actor: Brush
[2019.01.21-03.56.09:895][354]LogEditorActor: Deleted 1 Actors (0.274 secs)
[2019.01.21-03.56.11:212][419]Cmd: DELETE
[2019.01.21-03.56.11:213][419]Cmd: ACTOR DELETE
[2019.01.21-03.56.11:245][419]LogEditorActor: Deleted Actor: Brush
[2019.01.21-03.56.11:482][419]LogEditorActor: Deleted 1 Actors (0.268 secs)
[2019.01.21-03.56.12:505][468]Cmd: DELETE
[2019.01.21-03.56.12:505][468]Cmd: ACTOR DELETE
[2019.01.21-03.56.12:544][468]LogEditorActor: Deleted Actor: Brush
[2019.01.21-03.56.12:778][468]LogEditorActor: Deleted 1 Actors (0.272 secs)
[2019.01.21-03.56.14:288][546]Cmd: DELETE
[2019.01.21-03.56.14:288][546]Cmd: ACTOR DELETE
[2019.01.21-03.56.14:325][546]LogEditorActor: Deleted Actor: Brush
[2019.01.21-03.56.14:569][546]LogEditorActor: Deleted 1 Actors (0.280 secs)
[2019.01.21-03.56.18:778][779]LogSlate: FSceneViewport::OnFocusLost() reason 0
[2019.01.21-03.56.26:133][185]LogSlate: FSceneViewport::OnFocusLost() reason 0
[2019.01.21-03.56.35:834][714]Cmd: EDIT COPY
[2019.01.21-03.56.36:039][726]Cmd: EDIT PASTE
[2019.01.21-03.56.47:820][350]Cmd: EDIT COPY
[2019.01.21-03.56.47:988][360]Cmd: EDIT PASTE
[2019.01.21-03.56.56:520][813]Cmd: EDIT COPY
[2019.01.21-03.56.56:708][824]Cmd: EDIT PASTE
[2019.01.21-03.57.12:557][639]LogSlate: FSceneViewport::OnFocusLost() reason 0
[2019.01.21-03.57.25:031][314]Cmd: EDIT COPY
[2019.01.21-03.57.25:232][326]Cmd: EDIT PASTE
[2019.01.21-03.58.03:272][412]LogSlate: FSceneViewport::OnFocusLost() reason 0
[2019.01.21-03.58.08:045][644]LogSlate: FSceneViewport::OnFocusLost() reason 0
[2019.01.21-03.58.16:928][123]LogSlate: FSceneViewport::OnFocusLost() reason 0
[2019.01.21-03.58.28:527][753]LogSlate: FSceneViewport::OnFocusLost() reason 0
[2019.01.21-03.58.33:163][993]LogSlate: FSceneViewport::OnFocusLost() reason 0
[2019.01.21-03.58.39:365][314]LogSlate: FSceneViewport::OnFocusLost() reason 0
[2019.01.21-03.59.09:419][933]LogSlate: FSceneViewport::OnFocusLost() reason 0
[2019.01.21-03.59.35:772][388]LogSlate: FSceneViewport::OnFocusLost() reason 2
[2019.01.21-03.59.36:490][429]Cmd: TRANSACTION UNDO
[2019.01.21-03.59.36:490][429]LogEditorTransaction: Undo Select Brush Surface
[2019.01.21-03.59.42:278][745]LogSlate: FSceneViewport::OnFocusLost() reason 0
[2019.01.21-03.59.56:860][551]LogSlate: FSceneViewport::OnFocusLost() reason 0
[2019.01.21-04.00.07:602][ 89]LogSlate: FSceneViewport::OnFocusLost() reason 0
[2019.01.21-04.00.17:729][615]LogSlate: FSceneViewport::OnFocusLost() reason 0
[2019.01.21-04.00.31:769][388]LogSlate: FSceneViewport::OnFocusLost() reason 0
[2019.01.21-04.00.44:641][ 96]LogSlate: FSceneViewport::OnFocusLost() reason 2
[2019.01.21-04.00.54:900][651]LogSlate: FSceneViewport::OnFocusLost() reason 0
[2019.01.21-04.01.05:332][187]LogSlate: FSceneViewport::OnFocusLost() reason 0
[2019.01.21-04.01.16:821][799]LogSlate: FSceneViewport::OnFocusLost() reason 0
[2019.01.21-04.01.24:222][178]LogSlate: FSceneViewport::OnFocusLost() reason 0
[2019.01.21-04.01.37:228][883]LogSlate: FSceneViewport::OnFocusLost() reason 0
[2019.01.21-04.01.47:792][452]LogSlate: FSceneViewport::OnFocusLost() reason 0
[2019.01.21-04.02.14:731][924]LogSlate: FSceneViewport::OnFocusLost() reason 0
[2019.01.21-04.02.17:958][111]Cmd: EDIT COPY
[2019.01.21-04.02.18:155][122]Cmd: EDIT PASTE
[2019.01.21-04.02.29:505][733]LogSlate: FSceneViewport::OnFocusLost() reason 2
[2019.01.21-04.02.30:097][768]Cmd: TRANSACTION UNDO
[2019.01.21-04.02.30:097][768]LogEditorTransaction: Undo Move Actors
[2019.01.21-04.02.30:266][768]LogActorComponent: ~FComponentReregisterContext: (/Game/JH_StreetLevel.JH_StreetLevel:PersistentLevel.Brush_Street_70.BrushComponent0) Component already registered.
[2019.01.21-04.02.30:266][768]LogActorComponent: ~FComponentReregisterContext: (/Game/JH_StreetLevel.JH_StreetLevel:PersistentLevel.Brush_Street_100.BrushComponent0) Component already registered.
[2019.01.21-04.02.30:267][768]LogActorComponent: ~FComponentReregisterContext: (/Game/JH_StreetLevel.JH_StreetLevel:PersistentLevel.Brush_Street_57.BrushComponent0) Component already registered.
[2019.01.21-04.02.30:267][768]LogActorComponent: ~FComponentReregisterContext: (/Game/JH_StreetLevel.JH_StreetLevel:PersistentLevel.Brush_Street_58.BrushComponent0) Component already registered.
[2019.01.21-04.02.30:268][768]LogActorComponent: ~FComponentReregisterContext: (/Game/JH_StreetLevel.JH_StreetLevel:PersistentLevel.Brush_Street_64.BrushComponent0) Component already registered.
[2019.01.21-04.02.30:268][768]LogActorComponent: ~FComponentReregisterContext: (/Game/JH_StreetLevel.JH_StreetLevel:PersistentLevel.Brush_Street_65.BrushComponent0) Component already registered.
[2019.01.21-04.02.30:269][768]LogActorComponent: ~FComponentReregisterContext: (/Game/JH_StreetLevel.JH_StreetLevel:PersistentLevel.Brush_Sidewalk_33.BrushComponent0) Component already registered.
[2019.01.21-04.02.30:269][768]LogActorComponent: ~FComponentReregisterContext: (/Game/JH_StreetLevel.JH_StreetLevel:PersistentLevel.Brush_Sidewalk_34.BrushComponent0) Component already registered.
[2019.01.21-04.02.30:269][768]LogActorComponent: ~FComponentReregisterContext: (/Game/JH_StreetLevel.JH_StreetLevel:PersistentLevel.Brush_Street_111.BrushComponent0) Component already registered.
[2019.01.21-04.02.30:270][768]LogActorComponent: ~FComponentReregisterContext: (/Game/JH_StreetLevel.JH_StreetLevel:PersistentLevel.Brush_Street_112.BrushComponent0) Component already registered.
[2019.01.21-04.02.30:271][768]LogActorComponent: ~FComponentReregisterContext: (/Game/JH_StreetLevel.JH_StreetLevel:PersistentLevel.Brush_Sidewalk_26.BrushComponent0) Component already registered.
[2019.01.21-04.02.30:271][768]LogActorComponent: ~FComponentReregisterContext: (/Game/JH_StreetLevel.JH_StreetLevel:PersistentLevel.Brush_Street_84.BrushComponent0) Component already registered.
[2019.01.21-04.02.30:271][768]LogActorComponent: ~FComponentReregisterContext: (/Game/JH_StreetLevel.JH_StreetLevel:PersistentLevel.Brush_Street_98.BrushComponent0) Component already registered.
[2019.01.21-04.02.30:272][768]LogActorComponent: ~FComponentReregisterContext: (/Game/JH_StreetLevel.JH_StreetLevel:PersistentLevel.Brush_Corner_31.BrushComponent0) Component already registered.
[2019.01.21-04.02.30:272][768]LogActorComponent: ~FComponentReregisterContext: (/Game/JH_StreetLevel.JH_StreetLevel:PersistentLevel.Brush_Corner_2.BrushComponent0) Component already registered.
[2019.01.21-04.02.30:273][768]LogActorComponent: ~FComponentReregisterContext: (/Game/JH_StreetLevel.JH_StreetLevel:PersistentLevel.Brush_Street_26.BrushComponent0) Component already registered.
[2019.01.21-04.02.30:273][768]LogActorComponent: ~FComponentReregisterContext: (/Game/JH_StreetLevel.JH_StreetLevel:PersistentLevel.Brush_Street_27.BrushComponent0) Component already registered.
[2019.01.21-04.02.30:288][768]LogActorComponent: ~FComponentReregisterContext: (/Game/JH_StreetLevel.JH_StreetLevel:PersistentLevel.Brush_Street_11.BrushComponent0) Component already registered.
[2019.01.21-04.02.30:289][768]LogActorComponent: ~FComponentReregisterContext: (/Game/JH_StreetLevel.JH_StreetLevel:PersistentLevel.Brush_Street_51.BrushComponent0) Component already registered.
[2019.01.21-04.02.30:289][768]LogActorComponent: ~FComponentReregisterContext: (/Game/JH_StreetLevel.JH_StreetLevel:PersistentLevel.Brush_Street_45.BrushComponent0) Component already registered.
[2019.01.21-04.02.30:290][768]LogActorComponent: ~FComponentReregisterContext: (/Game/JH_StreetLevel.JH_StreetLevel:PersistentLevel.Brush_Street_46.BrushComponent0) Component already registered.
[2019.01.21-04.02.30:291][768]LogActorComponent: ~FComponentReregisterContext: (/Game/JH_StreetLevel.JH_StreetLevel:PersistentLevel.Brush_Street_29.BrushComponent0) Component already registered.
[2019.01.21-04.02.30:292][768]LogActorComponent: ~FComponentReregisterContext: (/Game/JH_StreetLevel.JH_StreetLevel:PersistentLevel.Brush_Building_11.BrushComponent0) Component already registered.
[2019.01.21-04.02.30:292][768]LogActorComponent: ~FComponentReregisterContext: (/Game/JH_StreetLevel.JH_StreetLevel:PersistentLevel.Brush_building_12.BrushComponent0) Component already registered.
[2019.01.21-04.02.30:293][768]LogActorComponent: ~FComponentReregisterContext: (/Game/JH_StreetLevel.JH_StreetLevel:PersistentLevel.Brush_Building_36.BrushComponent0) Component already registered.
[2019.01.21-04.02.30:294][768]LogActorComponent: ~FComponentReregisterContext: (/Game/JH_StreetLevel.JH_StreetLevel:PersistentLevel.Brush_Sidewalk_63.BrushComponent0) Component already registered.
[2019.01.21-04.02.30:294][768]LogActorComponent: ~FComponentReregisterContext: (/Game/JH_StreetLevel.JH_StreetLevel:PersistentLevel.Brush_Sidewalk_64.BrushComponent0) Component already registered.
[2019.01.21-04.02.30:294][768]LogActorComponent: ~FComponentReregisterContext: (/Game/JH_StreetLevel.JH_StreetLevel:PersistentLevel.Brush_Building_31.BrushComponent0) Component already registered.
[2019.01.21-04.02.30:295][768]LogActorComponent: ~FComponentReregisterContext: (/Game/JH_StreetLevel.JH_StreetLevel:PersistentLevel.Brush_Building_57.BrushComponent0) Component already registered.
[2019.01.21-04.02.30:295][768]LogActorComponent: ~FComponentReregisterContext: (/Game/JH_StreetLevel.JH_StreetLevel:PersistentLevel.Brush_Building_58.BrushComponent0) Component already registered.
[2019.01.21-04.02.30:296][768]LogActorComponent: ~FComponentReregisterContext: (/Game/JH_StreetLevel.JH_StreetLevel:PersistentLevel.Brush_building_38.BrushComponent0) Component already registered.
[2019.01.21-04.02.30:296][768]LogActorComponent: ~FComponentReregisterContext: (/Game/JH_StreetLevel.JH_StreetLevel:PersistentLevel.Brush_building_39.BrushComponent0) Component already registered.
[2019.01.21-04.02.30:297][768]LogActorComponent: ~FComponentReregisterContext: (/Game/JH_StreetLevel.JH_StreetLevel:PersistentLevel.Brush_building_49.BrushComponent0) Component already registered.
[2019.01.21-04.02.30:297][768]LogActorComponent: ~FComponentReregisterContext: (/Game/JH_StreetLevel.JH_StreetLevel:PersistentLevel.Brush_building_50.BrushComponent0) Component already registered.
[2019.01.21-04.02.30:299][768]LogActorComponent: ~FComponentReregisterContext: (/Game/JH_StreetLevel.JH_StreetLevel:PersistentLevel.Brush_Street_138.BrushComponent0) Component already registered.
[2019.01.21-04.02.30:299][768]LogActorComponent: ~FComponentReregisterContext: (/Game/JH_StreetLevel.JH_StreetLevel:PersistentLevel.Brush_Sidewalk_47.BrushComponent0) Component already registered.
[2019.01.21-04.02.30:300][768]LogActorComponent: ~FComponentReregisterContext: (/Game/JH_StreetLevel.JH_StreetLevel:PersistentLevel.Brush_Sidewalk_40.BrushComponent0) Component already registered.
[2019.01.21-04.02.30:300][768]LogActorComponent: ~FComponentReregisterContext: (/Game/JH_StreetLevel.JH_StreetLevel:PersistentLevel.Brush_Street_172.BrushComponent0) Component already registered.
[2019.01.21-04.02.30:301][768]LogActorComponent: ~FComponentReregisterContext: (/Game/JH_StreetLevel.JH_StreetLevel:PersistentLevel.Brush_Street_164.BrushComponent0) Component already registered.
[2019.01.21-04.02.30:301][768]LogActorComponent: ~FComponentReregisterContext: (/Game/JH_StreetLevel.JH_StreetLevel:PersistentLevel.Brush_Street_165.BrushComponent0) Component already registered.
[2019.01.21-04.02.30:303][768]LogActorComponent: ~FComponentReregisterContext: (/Game/JH_StreetLevel.JH_StreetLevel:PersistentLevel.Brush_Street_151.BrushComponent0) Component already registered.
[2019.01.21-04.02.30:303][768]LogActorComponent: ~FComponentReregisterContext: (/Game/JH_StreetLevel.JH_StreetLevel:PersistentLevel.Brush_Street_152.BrushComponent0) Component already registered.
[2019.01.21-04.02.37:871][193]LogSlate: FSceneViewport::OnFocusLost() reason 2
[2019.01.21-04.02.38:646][238]Cmd: TRANSACTION UNDO
[2019.01.21-04.02.38:646][238]LogEditorTransaction: Undo Paste
[2019.01.21-04.02.38:831][238]LogActorComponent: ~FComponentReregisterContext: (/Game/JH_StreetLevel.JH_StreetLevel:PersistentLevel.Brush_Street_94.BrushComponent0) Component already registered.
[2019.01.21-04.02.38:831][238]LogActorComponent: ~FComponentReregisterContext: (/Game/JH_StreetLevel.JH_StreetLevel:PersistentLevel.Brush_Street_103.BrushComponent0) Component already registered.
[2019.01.21-04.02.38:832][238]LogActorComponent: ~FComponentReregisterContext: (/Game/JH_StreetLevel.JH_StreetLevel:PersistentLevel.Brush_Street_110.BrushComponent0) Component already registered.
[2019.01.21-04.02.38:835][238]LogActorComponent: ~FComponentReregisterContext: (/Game/JH_StreetLevel.JH_StreetLevel:PersistentLevel.Brush_Street_141.BrushComponent0) Component already registered.
[2019.01.21-04.02.38:840][238]LogActorComponent: ~FComponentReregisterContext: (/Game/JH_StreetLevel.JH_StreetLevel:PersistentLevel.Brush_Sidewalk_Corner_1.BrushComponent0) Component already registered.
[2019.01.21-04.02.38:841][238]LogActorComponent: ~FComponentReregisterContext: (/Game/JH_StreetLevel.JH_StreetLevel:PersistentLevel.Brush_Sidewalk_Edge_22.BrushComponent0) Component already registered.
[2019.01.21-04.02.38:858][238]LogActorComponent: ~FComponentReregisterContext: (/Game/JH_StreetLevel.JH_StreetLevel:PersistentLevel.Brush_Street_36.BrushComponent0) Component already registered.
[2019.01.21-04.02.38:860][238]LogActorComponent: ~FComponentReregisterContext: (/Game/JH_StreetLevel.JH_StreetLevel:PersistentLevel.Brush_tree_leaves_3.BrushComponent0) Component already registered.
[2019.01.21-04.02.38:863][238]LogActorComponent: ~FComponentReregisterContext: (/Game/JH_StreetLevel.JH_StreetLevel:PersistentLevel.Brush_Street_168.BrushComponent0) Component already registered.
[2019.01.21-04.02.38:864][238]LogActorComponent: ~FComponentReregisterContext: (/Game/JH_StreetLevel.JH_StreetLevel:PersistentLevel.Brush_Street_209.BrushComponent0) Component already registered.
[2019.01.21-04.02.38:864][238]LogActorComponent: ~FComponentReregisterContext: (/Game/JH_StreetLevel.JH_StreetLevel:PersistentLevel.Brush_Building_58.BrushComponent0) Component already registered.
[2019.01.21-04.03.01:716][516]LogSlate: FSceneViewport::OnFocusLost() reason 0
[2019.01.21-04.03.24:067][757]LogSlate: FSceneViewport::OnFocusLost() reason 0
[2019.01.21-04.03.31:003][111]LogSlate: FSceneViewport::OnFocusLost() reason 0
[2019.01.21-04.04.13:227][404]LogSlate: FSceneViewport::OnFocusLost() reason 0
[2019.01.21-04.04.42:903][101]LogSlate: FSceneViewport::OnFocusLost() reason 0
[2019.01.21-04.04.52:675][646]Cmd: EDIT COPY
[2019.01.21-04.04.52:858][656]Cmd: EDIT PASTE
[2019.01.21-04.07.41:106][273]LogSlate: FSceneViewport::OnFocusLost() reason 0
[2019.01.21-04.07.42:067][279]LogSavePackage: Moving '../../../../../../Users/Jackson Hutson/Documents/GitHub/JDH_whiteboxcitylevel/JH_ICWhiteBox001_AP/Saved/JH_StreetLevel741DD5B945CCF904733D7DB0A8CC9755.tmp' to '../../../../../../Users/Jackson Hutson/Documents/GitHub/JDH_whiteboxcitylevel/JH_ICWhiteBox001_AP/Content/JH_StreetLevel.umap'
[2019.01.21-04.07.45:300][463]LogSlate: FSceneViewport::OnFocusLost() reason 0
[2019.01.21-04.07.45:475][468]LogSlate: Window 'JH_ICWhiteBox001_AP - Unreal Editor' being destroyed
[2019.01.21-04.07.45:476][468]LogWindowsTextInputMethodSystem: Display: IME system now deactivated.
[2019.01.21-04.07.45:752][469]Cmd: QUIT_EDITOR
[2019.01.21-04.07.45:795][469]LogExit: Preparing to exit.
[2019.01.21-04.07.45:938][469]LogExit: Editor shut down
[2019.01.21-04.07.45:938][469]LogExit: Transaction tracking system shut down
[2019.01.21-04.07.46:479][469]LogExit: Object subsystem successfully closed.
[2019.01.21-04.07.46:498][469]LogShaderCompilers: Display: Shaders left to compile 0
[2019.01.21-04.07.46:501][469]LogD3D11RHI: Shutdown
[2019.01.21-04.07.46:501][469]LogD3D11RHI: CleanupD3DDevice
[2019.01.21-04.07.46:504][469]LogD3D11RHI: ~FD3D11DynamicRHI
[2019.01.21-04.07.46:532][469]LogModuleManager: Shutting down and abandoning module HierarchicalLODOutliner (612)
[2019.01.21-04.07.46:532][469]LogModuleManager: Shutting down and abandoning module SceneOutliner (610)
[2019.01.21-04.07.46:532][469]LogModuleManager: Shutting down and abandoning module AddContentDialog (608)
[2019.01.21-04.07.46:533][469]LogModuleManager: Shutting down and abandoning module WidgetCarousel (607)
[2019.01.21-04.07.46:533][469]LogModuleManager: Shutting down and abandoning module EditorWidgets (604)
[2019.01.21-04.07.46:533][469]LogModuleManager: Shutting down and abandoning module CollectionManager (602)
[2019.01.21-04.07.46:533][469]LogModuleManager: Shutting down and abandoning module HierarchicalLODUtilities (600)
[2019.01.21-04.07.46:533][469]LogModuleManager: Shutting down and abandoning module StatsViewer (598)
[2019.01.21-04.07.46:533][469]LogModuleManager: Shutting down and abandoning module FoliageEdit (596)
[2019.01.21-04.07.46:533][469]LogModuleManager: Shutting down and abandoning module LandscapeEditor (594)
[2019.01.21-04.07.46:533][469]LogModuleManager: Shutting down and abandoning module MeshPaintMode (592)
[2019.01.21-04.07.46:533][469]LogModuleManager: Shutting down and abandoning module SceneDepthPickerMode (590)
[2019.01.21-04.07.46:533][469]LogModuleManager: Shutting down and abandoning module ActorPickerMode (588)
[2019.01.21-04.07.46:533][469]LogModuleManager: Shutting down and abandoning module GeometryMode (586)
[2019.01.21-04.07.46:533][469]LogModuleManager: Shutting down and abandoning module TextureAlignMode (584)
[2019.01.21-04.07.46:533][469]LogModuleManager: Shutting down and abandoning module BspMode (582)
[2019.01.21-04.07.46:533][469]LogModuleManager: Shutting down and abandoning module PIEPreviewDeviceProfileSelector (580)
[2019.01.21-04.07.46:533][469]LogModuleManager: Shutting down and abandoning module SequenceRecorderSections (578)
[2019.01.21-04.07.46:533][469]LogModuleManager: Shutting down and abandoning module AutomationWorker (576)
[2019.01.21-04.07.46:533][469]LogModuleManager: Shutting down and abandoning module AudioCaptureEditor (574)
[2019.01.21-04.07.46:533][469]LogModuleManager: Shutting down and abandoning module SequenceRecorder (573)
[2019.01.21-04.07.46:533][469]LogModuleManager: Shutting down and abandoning module MatineeToLevelSequence (570)
[2019.01.21-04.07.46:533][469]LogModuleManager: Shutting down and abandoning module LevelSequenceEditor (568)
[2019.01.21-04.07.46:533][469]LogModuleManager: Shutting down and abandoning module PlacementMode (567)
[2019.01.21-04.07.46:533][469]LogModuleManager: Shutting down and abandoning module MaterialEditor (566)
[2019.01.21-04.07.46:533][469]LogModuleManager: Shutting down and abandoning module WmfMediaFactory (562)
[2019.01.21-04.07.46:533][469]LogModuleManager: Shutting down and abandoning module WmfMediaEditor (560)
[2019.01.21-04.07.46:534][469]LogModuleManager: Shutting down and abandoning module MediaPlayerEditor (558)
[2019.01.21-04.07.46:534][469]LogModuleManager: Shutting down and abandoning module OpenExrWrapper (556)
[2019.01.21-04.07.46:534][469]LogModuleManager: Shutting down and abandoning module ImgMediaFactory (554)
[2019.01.21-04.07.46:534][469]LogModuleManager: Shutting down and abandoning module ImgMediaEditor (552)
[2019.01.21-04.07.46:534][469]LogModuleManager: Shutting down and abandoning module AvfMediaFactory (550)
[2019.01.21-04.07.46:534][469]LogModuleManager: Shutting down and abandoning module AvfMediaEditor (548)
[2019.01.21-04.07.46:534][469]LogModuleManager: Shutting down and abandoning module AndroidMediaFactory (546)
[2019.01.21-04.07.46:534][469]LogModuleManager: Shutting down and abandoning module AndroidMediaEditor (544)
[2019.01.21-04.07.46:534][469]LogModuleManager: Shutting down and abandoning module MagicLeapCameraPreviewFactory (542)
[2019.01.21-04.07.46:534][469]LogModuleManager: Shutting down and abandoning module MagicLeapMediaFactory (540)
[2019.01.21-04.07.46:534][469]LogModuleManager: Shutting down and abandoning module MagicLeapMediaEditor (538)
[2019.01.21-04.07.46:534][469]LogModuleManager: Shutting down and abandoning module CharacterAI (536)
[2019.01.21-04.07.46:534][469]LogModuleManager: Shutting down and abandoning module SmartSnapping (534)
[2019.01.21-04.07.46:534][469]LogModuleManager: Shutting down and abandoning module SessionServices (532)
[2019.01.21-04.07.46:534][469]LogModuleManager: Shutting down and abandoning module ViewportSnapping (530)
[2019.01.21-04.07.46:534][469]LogModuleManager: Shutting down and abandoning module ViewportInteraction (528)
[2019.01.21-04.07.46:534][469]LogModuleManager: Shutting down and abandoning module ClothPainter (526)
[2019.01.21-04.07.46:534][469]LogModuleManager: Shutting down and abandoning module SkeletalMeshEditor (525)
[2019.01.21-04.07.46:534][469]LogModuleManager: Shutting down and abandoning module LogVisualizer (522)
[2019.01.21-04.07.46:534][469]LogModuleManager: Shutting down and abandoning module IntroTutorials (520)
[2019.01.21-04.07.46:534][469]LogModuleManager: Shutting down and abandoning module GameProjectGeneration (519)
[2019.01.21-04.07.46:534][469]LogModuleManager: Shutting down and abandoning module LuminPlatformEditor (516)
[2019.01.21-04.07.46:534][469]LogModuleManager: Shutting down and abandoning module IOSPlatformEditor (514)
[2019.01.21-04.07.46:534][469]LogModuleManager: Shutting down and abandoning module HTML5PlatformEditor (512)
[2019.01.21-04.07.46:534][469]LogModuleManager: Shutting down and abandoning module AndroidPlatformEditor (510)
[2019.01.21-04.07.46:534][469]LogModuleManager: Shutting down and abandoning module AndroidDeviceDetection (509)
[2019.01.21-04.07.46:940][469]LogModuleManager: Shutting down and abandoning module WindowsPlatformEditor (506)
[2019.01.21-04.07.46:940][469]LogModuleManager: Shutting down and abandoning module LuminRuntimeSettings (504)
[2019.01.21-04.07.46:940][469]LogModuleManager: Shutting down and abandoning module IOSRuntimeSettings (502)
[2019.01.21-04.07.46:940][469]LogModuleManager: Shutting down and abandoning module AndroidRuntimeSettings (500)
[2019.01.21-04.07.46:940][469]LogModuleManager: Shutting down and abandoning module InputBindingEditor (498)
[2019.01.21-04.07.46:940][469]LogModuleManager: Shutting down and abandoning module MergeActors (496)
[2019.01.21-04.07.46:941][469]LogModuleManager: Shutting down and abandoning module LocalizationDashboard (494)
[2019.01.21-04.07.46:941][469]LogModuleManager: Shutting down and abandoning module LocalizationService (493)
[2019.01.21-04.07.46:941][469]LogModuleManager: Shutting down and abandoning module HardwareTargeting (490)
[2019.01.21-04.07.46:941][469]LogModuleManager: Shutting down and abandoning module DeviceProfileEditor (488)
[2019.01.21-04.07.46:941][469]LogModuleManager: Shutting down and abandoning module UndoHistory (486)
[2019.01.21-04.07.46:941][469]LogModuleManager: Shutting down and abandoning module XmlParser (484)
[2019.01.21-04.07.46:941][469]LogModuleManager: Shutting down and abandoning module Blutility (482)
[2019.01.21-04.07.46:941][469]LogModuleManager: Shutting down and abandoning module ProjectSettingsViewer (480)
[2019.01.21-04.07.46:941][469]LogModuleManager: Shutting down and abandoning module ProjectTargetPlatformEditor (479)
[2019.01.21-04.07.46:941][469]LogModuleManager: Shutting down and abandoning module EditorSettingsViewer (476)
[2019.01.21-04.07.46:941][469]LogModuleManager: Shutting down and abandoning module SettingsEditor (474)
[2019.01.21-04.07.46:941][469]LogModuleManager: Shutting down and abandoning module ProjectLauncher (472)
[2019.01.21-04.07.46:941][469]LogModuleManager: Shutting down and abandoning module SessionFrontend (470)
[2019.01.21-04.07.46:941][469]LogModuleManager: Shutting down and abandoning module ProfilerClient (468)
[2019.01.21-04.07.46:941][469]LogModuleManager: Shutting down and abandoning module DeviceManager (466)
[2019.01.21-04.07.46:941][469]LogModuleManager: Shutting down and abandoning module TargetDeviceServices (465)
[2019.01.21-04.07.46:995][469]LogModuleManager: Shutting down and abandoning module AutomationController (462)
[2019.01.21-04.07.46:995][469]LogModuleManager: Shutting down and abandoning module AutomationWindow (460)
[2019.01.21-04.07.46:995][469]LogModuleManager: Shutting down and abandoning module Layers (458)
[2019.01.21-04.07.46:995][469]LogModuleManager: Shutting down and abandoning module ComponentVisualizers (456)
[2019.01.21-04.07.46:995][469]LogModuleManager: Shutting down and abandoning module DetailCustomizations (454)
[2019.01.21-04.07.46:995][469]LogModuleManager: Shutting down and abandoning module PackagesDialog (452)
[2019.01.21-04.07.46:995][469]LogModuleManager: Shutting down and abandoning module Persona (450)
[2019.01.21-04.07.46:995][469]LogModuleManager: Shutting down and abandoning module AdvancedPreviewScene (449)
[2019.01.21-04.07.46:995][469]LogModuleManager: Shutting down and abandoning module AnimGraph (447)
[2019.01.21-04.07.46:995][469]LogModuleManager: Shutting down and abandoning module Kismet (444)
[2019.01.21-04.07.46:996][469]LogModuleManager: Shutting down and abandoning module GraphEditor (442)
[2019.01.21-04.07.46:996][469]LogModuleManager: Shutting down and abandoning module ClassViewer (440)
[2019.01.21-04.07.46:996][469]LogModuleManager: Shutting down and abandoning module Toolbox (438)
[2019.01.21-04.07.46:996][469]LogModuleManager: Shutting down and abandoning module ModuleUI (436)
[2019.01.21-04.07.46:996][469]LogModuleManager: Shutting down and abandoning module MovieSceneTools (434)
[2019.01.21-04.07.46:996][469]LogModuleManager: Shutting down and abandoning module OutputLog (432)
[2019.01.21-04.07.46:996][469]LogModuleManager: Shutting down and abandoning module GammaUI (430)
[2019.01.21-04.07.46:996][469]LogModuleManager: Shutting down and abandoning module Documentation (428)
[2019.01.21-04.07.46:996][469]LogModuleManager: Shutting down and abandoning module MovieSceneTracks (426)
[2019.01.21-04.07.46:996][469]LogModuleManager: Shutting down and abandoning module MovieScene (424)
[2019.01.21-04.07.46:996][469]LogModuleManager: Shutting down and abandoning module StreamingPauseRendering (422)
[2019.01.21-04.07.46:996][469]LogModuleManager: Shutting down and abandoning module LauncherPlatform (420)
[2019.01.21-04.07.46:996][469]LogModuleManager: Shutting down and abandoning module AnalyticsET (418)
[2019.01.21-04.07.46:996][469]LogModuleManager: Shutting down and abandoning module PortalServices (416)
[2019.01.21-04.07.46:996][469]LogModuleManager: Shutting down and abandoning module PortalRpc (414)
[2019.01.21-04.07.46:996][469]LogModuleManager: Shutting down and abandoning module MessagingRpc (412)
[2019.01.21-04.07.46:996][469]LogModuleManager: Shutting down and abandoning module AIModule (410)
[2019.01.21-04.07.46:996][469]LogModuleManager: Shutting down and abandoning module GameplayDebugger (409)
[2019.01.21-04.07.46:996][469]LogModuleManager: Shutting down and abandoning module AITestSuite (407)
[2019.01.21-04.07.46:996][469]LogModuleManager: Shutting down and abandoning module NavigationSystem (405)
[2019.01.21-04.07.46:996][469]LogModuleManager: Shutting down and abandoning module DesktopPlatform (402)
[2019.01.21-04.07.46:996][469]LogModuleManager: Shutting down and abandoning module ProfilerService (400)
[2019.01.21-04.07.47:137][469]LogModuleManager: Shutting down and abandoning module TaskGraph (398)
[2019.01.21-04.07.47:137][469]LogModuleManager: Shutting down and abandoning module SteamVRController (396)
[2019.01.21-04.07.47:137][469]LogModuleManager: Shutting down and abandoning module ProceduralMeshComponentEditor (394)
[2019.01.21-04.07.47:137][469]LogModuleManager: Shutting down and abandoning module ProceduralMeshComponent (392)
[2019.01.21-04.07.47:137][469]LogModuleManager: Shutting down and abandoning module OculusInput (390)
[2019.01.21-04.07.47:137][469]LogModuleManager: Shutting down and abandoning module MobilePatchingUtils (388)
[2019.01.21-04.07.47:137][469]LogModuleManager: Shutting down and abandoning module EditableMesh (386)
[2019.01.21-04.07.47:137][469]LogModuleManager: Shutting down and abandoning module CustomMeshComponent (384)
[2019.01.21-04.07.47:137][469]LogModuleManager: Shutting down and abandoning module CableComponent (382)
[2019.01.21-04.07.47:137][469]LogModuleManager: Shutting down and abandoning module AudioCapture (380)
[2019.01.21-04.07.47:137][469]LogModuleManager: Shutting down and abandoning module ArchVisCharacter (378)
[2019.01.21-04.07.47:137][469]LogModuleManager: Shutting down and abandoning module AndroidPermission (376)
[2019.01.21-04.07.47:137][469]LogModuleManager: Shutting down and abandoning module NUTUnrealEngine4 (374)
[2019.01.21-04.07.47:137][469]LogModuleManager: Shutting down and abandoning module NetcodeUnitTest (372)
[2019.01.21-04.07.47:137][469]LogModuleManager: Shutting down and abandoning module MediaCompositingEditor (370)
[2019.01.21-04.07.47:137][469]LogModuleManager: Shutting down and abandoning module MediaCompositing (368)
[2019.01.21-04.07.47:137][469]LogModuleManager: Shutting down and abandoning module LinearTimecode (366)
[2019.01.21-04.07.47:137][469]LogModuleManager: Shutting down and abandoning module ImgMedia (364)
[2019.01.21-04.07.47:141][469]LogModuleManager: Shutting down and abandoning module HTML5Networking (362)
[2019.01.21-04.07.47:141][469]LogModuleManager: Shutting down and abandoning module GeometryCacheTracks (360)
[2019.01.21-04.07.47:141][469]LogModuleManager: Shutting down and abandoning module GeometryCacheSequencer (358)
[2019.01.21-04.07.47:141][469]LogModuleManager: Shutting down and abandoning module BackChannel (356)
[2019.01.21-04.07.47:141][469]LogModuleManager: Shutting down and abandoning module AppleVision (354)
[2019.01.21-04.07.47:141][469]LogModuleManager: Shutting down and abandoning module AppleImageUtils (352)
[2019.01.21-04.07.47:141][469]LogModuleManager: Shutting down and abandoning module AlembicImporter (350)
[2019.01.21-04.07.47:141][469]LogModuleManager: Shutting down and abandoning module AlembicLibrary (349)
[2019.01.21-04.07.47:141][469]LogModuleManager: Shutting down and abandoning module GeometryCache (348)
[2019.01.21-04.07.47:141][469]LogModuleManager: Shutting down and abandoning module GeometryCacheEd (347)
[2019.01.21-04.07.47:141][469]LogModuleManager: Shutting down and abandoning module DatasmithContentEditor (342)
[2019.01.21-04.07.47:141][469]LogModuleManager: Shutting down and abandoning module DatasmithContent (340)
[2019.01.21-04.07.47:141][469]LogModuleManager: Shutting down and abandoning module SpeedTreeImporter (338)
[2019.01.21-04.07.47:141][469]LogModuleManager: Shutting down and abandoning module PluginBrowser (336)
[2019.01.21-04.07.47:142][469]LogModuleManager: Shutting down and abandoning module MobileLauncherProfileWizard (334)
[2019.01.21-04.07.47:142][469]LogModuleManager: Shutting down and abandoning module PolygonModeling (332)
[2019.01.21-04.07.47:142][469]LogModuleManager: Shutting down and abandoning module MeshEditor (330)
[2019.01.21-04.07.47:142][469]LogModuleManager: Shutting down and abandoning module CryptoKeysOpenSSL (328)
[2019.01.21-04.07.47:142][469]LogModuleManager: Shutting down and abandoning module CryptoKeys (326)
[2019.01.21-04.07.47:142][469]LogModuleManager: Shutting down and abandoning module VisualStudioSourceCodeAccess (324)
[2019.01.21-04.07.47:142][469]LogModuleManager: Shutting down and abandoning module VisualStudioCodeSourceCodeAccess (322)
[2019.01.21-04.07.47:142][469]LogModuleManager: Shutting down and abandoning module UObjectPlugin (320)
[2019.01.21-04.07.47:142][469]LogModuleManager: Shutting down and abandoning module SubversionSourceControl (318)
[2019.01.21-04.07.47:142][469]LogModuleManager: Shutting down and abandoning module PerforceSourceControl (316)
[2019.01.21-04.07.47:142][469]LogModuleManager: Shutting down and abandoning module GitSourceControl (314)
[2019.01.21-04.07.47:142][469]LogModuleManager: Shutting down and abandoning module SourceControl (313)
[2019.01.21-04.07.47:142][469]LogModuleManager: Shutting down and abandoning module CLionSourceCodeAccess (310)
[2019.01.21-04.07.47:142][469]LogModuleManager: Shutting down and abandoning module LightPropagationVolumeEditor (308)
[2019.01.21-04.07.47:142][469]LogModuleManager: Shutting down and abandoning module PaperTiledImporter (306)
[2019.01.21-04.07.47:142][469]LogModuleManager: Shutting down and abandoning module PaperSpriteSheetImporter (304)
[2019.01.21-04.07.47:142][469]LogModuleManager: Shutting down and abandoning module Paper2DEditor (302)
[2019.01.21-04.07.47:142][469]LogModuleManager: Shutting down and abandoning module MeshPaint (301)
[2019.01.21-04.07.47:142][469]LogModuleManager: Shutting down and abandoning module RuntimePhysXCooking (298)
[2019.01.21-04.07.47:142][469]LogModuleManager: Shutting down and abandoning module PhysXVehiclesEditor (296)
[2019.01.21-04.07.47:142][469]LogModuleManager: Shutting down and abandoning module PhysXVehicles (294)
[2019.01.21-04.07.47:142][469]LogModuleManager: Shutting down and abandoning module OculusEditor (292)
[2019.01.21-04.07.47:142][469]LogModuleManager: Shutting down and abandoning module LocationServicesBPLibrary (290)
[2019.01.21-04.07.47:142][469]LogModuleManager: Shutting down and abandoning module ImmediatePhysicsEditor (288)
[2019.01.21-04.07.47:142][469]LogModuleManager: Shutting down and abandoning module ImmediatePhysics (286)
[2019.01.21-04.07.47:142][469]LogModuleManager: Shutting down and abandoning module ActorSequence (284)
[2019.01.21-04.07.47:142][469]LogModuleManager: Shutting down and abandoning module UdpMessaging (282)
[2019.01.21-04.07.47:243][469]LogModuleManager: Shutting down and abandoning module TcpMessaging (280)
[2019.01.21-04.07.47:344][469]LogModuleManager: Shutting down and abandoning module MagicLeapAudio (278)
[2019.01.21-04.07.47:344][469]LogModuleManager: Shutting down and abandoning module GameplayTagsEditor (276)
[2019.01.21-04.07.47:344][469]LogModuleManager: Shutting down and abandoning module FacialAnimationEditor (274)
[2019.01.21-04.07.47:344][469]LogModuleManager: Shutting down and abandoning module FacialAnimation (272)
[2019.01.21-04.07.47:344][469]LogModuleManager: Shutting down and abandoning module DataValidation (270)
[2019.01.21-04.07.47:344][469]LogModuleManager: Shutting down and abandoning module AssetManagerEditor (268)
[2019.01.21-04.07.47:344][469]LogModuleManager: Shutting down and abandoning module LevelEditor (267)
[2019.01.21-04.07.47:345][469]LogModuleManager: Shutting down and abandoning module PixelInspectorModule (266)
[2019.01.21-04.07.47:345][469]LogModuleManager: Shutting down and abandoning module CommonMenuExtensions (264)
[2019.01.21-04.07.47:345][469]LogModuleManager: Shutting down and abandoning module MainFrame (262)
[2019.01.21-04.07.47:345][469]LogModuleManager: Shutting down and abandoning module HotReload (261)
[2019.01.21-04.07.47:345][469]LogModuleManager: Shutting down and abandoning module ContentBrowser (257)
[2019.01.21-04.07.47:346][469]LogModuleManager: Shutting down and abandoning module TreeMap (255)
[2019.01.21-04.07.47:346][469]LogModuleManager: Shutting down and abandoning module LightPropagationVolumeRuntime (252)
[2019.01.21-04.07.47:346][469]LogModuleManager: Shutting down and abandoning module AISupportModule (250)
[2019.01.21-04.07.47:346][469]LogModuleManager: Shutting down and abandoning module Paper2D (248)
[2019.01.21-04.07.47:346][469]LogModuleManager: Shutting down and abandoning module WindowsMoviePlayer (246)
[2019.01.21-04.07.47:346][469]LogModuleManager: Shutting down and abandoning module WmfMedia (244)
[2019.01.21-04.07.47:348][469]LogModuleManager: Shutting down and abandoning module Media (243)
[2019.01.21-04.07.47:354][469]LogModuleManager: Shutting down and abandoning module PacketHandler (240)
[2019.01.21-04.07.47:354][469]LogModuleManager: Shutting down and abandoning module ClothingSystemEditor (238)
[2019.01.21-04.07.47:354][469]LogModuleManager: Shutting down and abandoning module ClothingSystemRuntime (236)
[2019.01.21-04.07.47:354][469]LogModuleManager: Shutting down and abandoning module MediaAssets (234)
[2019.01.21-04.07.47:354][469]LogModuleManager: Shutting down and abandoning module Overlay (232)
[2019.01.21-04.07.47:354][469]LogModuleManager: Shutting down and abandoning module OverlayEditor (231)
[2019.01.21-04.07.47:354][469]LogModuleManager: Shutting down and abandoning module VREditor (228)
[2019.01.21-04.07.47:354][469]LogModuleManager: Shutting down and abandoning module StringTableEditor (226)
[2019.01.21-04.07.47:354][469]LogModuleManager: Shutting down and abandoning module GameplayTasksEditor (224)
[2019.01.21-04.07.47:354][469]LogModuleManager: Shutting down and abandoning module BehaviorTreeEditor (222)
[2019.01.21-04.07.47:354][469]LogModuleManager: Shutting down and abandoning module FunctionalTesting (220)
[2019.01.21-04.07.47:355][469]LogModuleManager: Shutting down and abandoning module CollisionAnalyzer (218)
[2019.01.21-04.07.47:355][469]LogModuleManager: Shutting down and abandoning module WorkspaceMenuStructure (217)
[2019.01.21-04.07.47:355][469]LogModuleManager: Shutting down and abandoning module UMG (214)
[2019.01.21-04.07.47:355][469]LogModuleManager: Shutting down and abandoning module UMGEditor (213)
[2019.01.21-04.07.47:355][469]LogModuleManager: Shutting down and abandoning module Sequencer (212)
[2019.01.21-04.07.47:355][469]LogModuleManager: Shutting down and abandoning module MessageLog (209)
[2019.01.21-04.07.47:355][469]LogModuleManager: Shutting down and abandoning module SlateReflector (204)
[2019.01.21-04.07.47:355][469]LogModuleManager: Shutting down and abandoning module Slate (202)
[2019.01.21-04.07.47:355][469]LogModuleManager: Shutting down and abandoning module EditorStyle (200)
[2019.01.21-04.07.47:356][469]LogModuleManager: Shutting down and abandoning module MRMesh (198)
[2019.01.21-04.07.47:356][469]LogModuleManager: Shutting down and abandoning module SourceCodeAccess (196)
[2019.01.21-04.07.47:356][469]LogModuleManager: Shutting down and abandoning module HeadMountedDisplay (194)
[2019.01.21-04.07.47:356][469]LogModuleManager: Shutting down and abandoning module XAudio2 (192)
[2019.01.21-04.07.47:357][469]LogModuleManager: Shutting down and abandoning module Networking (190)
[2019.01.21-04.07.47:357][469]LogModuleManager: Shutting down and abandoning module Core (188)
[2019.01.21-04.07.47:357][469]LogModuleManager: Shutting down and abandoning module LevelSequence (186)
[2019.01.21-04.07.47:357][469]LogModuleManager: Shutting down and abandoning module KismetCompiler (184)
[2019.01.21-04.07.47:357][469]LogModuleManager: Shutting down and abandoning module MeshUtilities (182)
[2019.01.21-04.07.47:357][469]LogModuleManager: Shutting down and abandoning module MeshMergeUtilities (181)
[2019.01.21-04.07.47:357][469]LogModuleManager: Shutting down and abandoning module MeshReductionInterface (180)
[2019.01.21-04.07.47:357][469]LogModuleManager: Shutting down and abandoning module SimplygonSwarm (179)
[2019.01.21-04.07.47:357][469]LogModuleManager: Shutting down and abandoning module ProxyLODMeshReduction (177)
[2019.01.21-04.07.47:357][469]LogModuleManager: Shutting down and abandoning module SimplygonMeshReduction (175)
[2019.01.21-04.07.47:357][469]LogModuleManager: Shutting down and abandoning module QuadricMeshReduction (173)
[2019.01.21-04.07.47:357][469]LogModuleManager: Shutting down and abandoning module MaterialBaking (169)
[2019.01.21-04.07.47:357][469]LogModuleManager: Shutting down and abandoning module DirectoryWatcher (165)
[2019.01.21-04.07.47:357][469]LogModuleManager: Shutting down and abandoning module DerivedDataCache (162)
[2019.01.21-04.07.47:437][469]LogDerivedDataCache: Shutdown
[2019.01.21-04.07.47:437][469]LogModuleManager: Shutting down and abandoning module XGEController (160)
[2019.01.21-04.07.47:437][469]LogModuleManager: Shutting down and abandoning module TargetPlatform (158)
[2019.01.21-04.07.47:437][469]LogModuleManager: Shutting down and abandoning module VulkanShaderFormat (157)
[2019.01.21-04.07.47:437][469]LogModuleManager: Shutting down and abandoning module ShaderFormatVectorVM (155)
[2019.01.21-04.07.47:437][469]LogModuleManager: Shutting down and abandoning module ShaderFormatOpenGL (153)
[2019.01.21-04.07.47:437][469]LogModuleManager: Shutting down and abandoning module ShaderFormatD3D (151)
[2019.01.21-04.07.47:437][469]LogModuleManager: Shutting down and abandoning module MetalShaderFormat (149)
[2019.01.21-04.07.47:437][469]LogModuleManager: Shutting down and abandoning module TextureFormatUncompressed (147)
[2019.01.21-04.07.47:437][469]LogModuleManager: Shutting down and abandoning module TextureFormatPVR (145)
[2019.01.21-04.07.47:437][469]LogModuleManager: Shutting down and abandoning module TextureFormatDXT (143)
[2019.01.21-04.07.47:437][469]LogModuleManager: Shutting down and abandoning module TextureFormatIntelISPCTexComp (141)
[2019.01.21-04.07.47:437][469]LogModuleManager: Shutting down and abandoning module TextureFormatASTC (139)
[2019.01.21-04.07.47:437][469]LogModuleManager: Shutting down and abandoning module ImageWrapper (138)
[2019.01.21-04.07.47:437][469]LogModuleManager: Shutting down and abandoning module TextureFormatAndroid (135)
[2019.01.21-04.07.47:437][469]LogModuleManager: Shutting down and abandoning module AudioFormatOpus (133)
[2019.01.21-04.07.47:437][469]LogModuleManager: Shutting down and abandoning module AudioFormatOgg (131)
[2019.01.21-04.07.47:437][469]LogModuleManager: Shutting down and abandoning module AudioFormatADPCM (129)
[2019.01.21-04.07.47:437][469]LogModuleManager: Shutting down and abandoning module LuminTargetPlatform (127)
[2019.01.21-04.07.47:437][469]LogModuleManager: Shutting down and abandoning module LinuxTargetPlatform (125)
[2019.01.21-04.07.47:437][469]LogModuleManager: Shutting down and abandoning module LinuxServerTargetPlatform (123)
[2019.01.21-04.07.47:437][469]LogModuleManager: Shutting down and abandoning module LinuxNoEditorTargetPlatform (121)
[2019.01.21-04.07.47:437][469]LogModuleManager: Shutting down and abandoning module LinuxClientTargetPlatform (119)
[2019.01.21-04.07.47:437][469]LogModuleManager: Shutting down and abandoning module TVOSTargetPlatform (117)
[2019.01.21-04.07.47:438][469]LogModuleManager: Shutting down and abandoning module Messaging (115)
[2019.01.21-04.07.47:438][469]LogModuleManager: Shutting down and abandoning module IOSTargetPlatform (113)
[2019.01.21-04.07.47:439][469]LogModuleManager: Shutting down and abandoning module HTML5TargetPlatform (111)
[2019.01.21-04.07.47:439][469]LogModuleManager: Shutting down and abandoning module AndroidTargetPlatform (109)
[2019.01.21-04.07.47:447][469]LogModuleManager: Shutting down and abandoning module WindowsTargetPlatform (107)
[2019.01.21-04.07.47:447][469]LogModuleManager: Shutting down and abandoning module WindowsServerTargetPlatform (105)
[2019.01.21-04.07.47:447][469]LogModuleManager: Shutting down and abandoning module WindowsNoEditorTargetPlatform (103)
[2019.01.21-04.07.47:447][469]LogModuleManager: Shutting down and abandoning module WindowsClientTargetPlatform (101)
[2019.01.21-04.07.47:447][469]LogModuleManager: Shutting down and abandoning module MacTargetPlatform (99)
[2019.01.21-04.07.47:447][469]LogModuleManager: Shutting down and abandoning module MacServerTargetPlatform (97)
[2019.01.21-04.07.47:447][469]LogModuleManager: Shutting down and abandoning module MacNoEditorTargetPlatform (95)
[2019.01.21-04.07.47:447][469]LogModuleManager: Shutting down and abandoning module MacClientTargetPlatform (93)
[2019.01.21-04.07.47:447][469]LogModuleManager: Shutting down and abandoning module AllDesktopTargetPlatform (91)
[2019.01.21-04.07.47:447][469]LogModuleManager: Shutting down and abandoning module InputCore (88)
[2019.01.21-04.07.47:447][469]LogModuleManager: Shutting down and abandoning module Settings (86)
[2019.01.21-04.07.47:447][469]LogModuleManager: Shutting down and abandoning module PhysXCooking (84)
[2019.01.21-04.07.47:447][469]LogModuleManager: Shutting down and abandoning module SteamVR (82)
[2019.01.21-04.07.47:447][469]LogModuleManager: Shutting down and abandoning module OculusHMD (80)
[2019.01.21-04.07.47:447][469]LogModuleManager: Shutting down and abandoning module ExampleDeviceProfileSelector (78)
[2019.01.21-04.07.47:448][469]LogModuleManager: Shutting down and abandoning module LauncherChunkInstaller (76)
[2019.01.21-04.07.47:448][469]LogModuleManager: Shutting down and abandoning module OnlineBlueprintSupport (74)
[2019.01.21-04.07.47:448][469]LogModuleManager: Shutting down and abandoning module OnlineSubsystem (70)
[2019.01.21-04.07.47:448][469]LogModuleManager: Shutting down and abandoning module XMPP (65)
[2019.01.21-04.07.47:449][469]LogModuleManager: Shutting down and abandoning module WebSockets (64)
[2019.01.21-04.07.47:465][469]LogModuleManager: Shutting down and abandoning module HTTP (61)
[2019.01.21-04.07.47:465][469]LogHttp: Display: Http module shutting down, but needs to wait on 1 outstanding Http requests:
[2019.01.21-04.07.47:465][469]LogHttp: Display: 	verb=[POST] url=[https://datarouter.ol.epicgames.com/datarouter/api/v1/public/data?SessionID=%7B6013FB9D-4452-2B90-7B96-6F8E5D508292%7D&AppID=UEEditor.Rocket.Release&AppVersion=4.20.3-4369336%2B%2B%2BUE4%2BRelease-4.20&UserID=7529f7da42100e58a01f7c8a0c6bad1d%7C58d432461bd94c7f9b201bd11ae14798%7C6b89664d-351a-47ab-8aef-d6c9c9550539&AppEnvironment=datacollector-binary&UploadType=eteventstream] status=Processing
[2019.01.21-04.07.47:479][469]LogModuleManager: Shutting down and abandoning module SSL (60)
[2019.01.21-04.07.47:480][469]LogModuleManager: Shutting down and abandoning module MagicLeapEmulator (56)
[2019.01.21-04.07.47:480][469]LogModuleManager: Shutting down and abandoning module MagicLeapPrivileges (54)
[2019.01.21-04.07.47:480][469]LogModuleManager: Shutting down and abandoning module MagicLeapIdentity (52)
[2019.01.21-04.07.47:480][469]LogModuleManager: Shutting down and abandoning module MagicLeapHelperVulkan (50)
[2019.01.21-04.07.47:480][469]LogModuleManager: Shutting down and abandoning module MagicLeapHelperOpenGL (48)
[2019.01.21-04.07.47:480][469]LogModuleManager: Shutting down and abandoning module MagicLeapSecureStorage (46)
[2019.01.21-04.07.47:480][469]LogModuleManager: Shutting down and abandoning module MagicLeapGestures (44)
[2019.01.21-04.07.47:480][469]LogModuleManager: Shutting down and abandoning module MagicLeapEyeTracker (42)
[2019.01.21-04.07.47:480][469]LogModuleManager: Shutting down and abandoning module MagicLeapController (40)
[2019.01.21-04.07.47:480][469]LogSlate: Slate User Destroyed.  User Index 0, Is Virtual User: 0
[2019.01.21-04.07.47:480][469]LogModuleManager: Shutting down and abandoning module MagicLeap (38)
[2019.01.21-04.07.47:481][469]LogModuleManager: Shutting down and abandoning module AnimationModifiers (36)
[2019.01.21-04.07.47:481][469]LogModuleManager: Shutting down and abandoning module PropertyEditor (35)
[2019.01.21-04.07.47:481][469]LogModuleManager: Shutting down and abandoning module AudioEditor (32)
[2019.01.21-04.07.47:481][469]LogModuleManager: Shutting down and abandoning module TextureCompressor (30)
[2019.01.21-04.07.47:481][469]LogModuleManager: Shutting down and abandoning module ShaderCore (28)
[2019.01.21-04.07.47:481][469]LogModuleManager: Shutting down and abandoning module Landscape (26)
[2019.01.21-04.07.47:481][469]LogModuleManager: Shutting down and abandoning module SlateRHIRenderer (24)
[2019.01.21-04.07.47:481][469]LogModuleManager: Shutting down and abandoning module OpenGLDrv (22)
[2019.01.21-04.07.47:481][469]LogModuleManager: Shutting down and abandoning module D3D11RHI (20)
[2019.01.21-04.07.47:481][469]LogModuleManager: Shutting down and abandoning module AnimGraphRuntime (18)
[2019.01.21-04.07.47:481][469]LogModuleManager: Shutting down and abandoning module Renderer (16)
[2019.01.21-04.07.47:481][469]LogModuleManager: Shutting down and abandoning module Engine (14)
[2019.01.21-04.07.47:481][469]LogModuleManager: Shutting down and abandoning module CoreUObject (12)
[2019.01.21-04.07.47:481][469]LogModuleManager: Shutting down and abandoning module NetworkFile (10)
[2019.01.21-04.07.47:481][469]LogModuleManager: Shutting down and abandoning module CookedIterativeFile (8)
[2019.01.21-04.07.47:481][469]LogModuleManager: Shutting down and abandoning module StreamingFile (6)
[2019.01.21-04.07.47:481][469]LogModuleManager: Shutting down and abandoning module SandboxFile (4)
[2019.01.21-04.07.47:481][469]LogModuleManager: Shutting down and abandoning module PakFile (2)
[2019.01.21-04.07.47:488][469]LogExit: Exiting.
[2019.01.21-04.07.47:490][469]Log file closed, 01/20/19 21:07:47
